MPASM 5.87                    TECLADOEMI.ASM   5-7-2025  19:20:53         PAGE  1


LOC  OBJECT CODE     LINE SOURCE TEXT
  VALUE

                      00001     LIST P=16F887
                      00002     #INCLUDE "p16F887.inc"
                      00001         LIST
                      00002 
                      00003 ;==========================================================================
                      00004 ; Build date : Jan 06 2020
                      00005 ;  MPASM PIC16F887 processor include
                      00006 ; 
                      00007 ;  (c) Copyright 1999-2020 Microchip Technology, All rights reserved
                      00008 ;==========================================================================
                      00009 
                      00810         LIST
                      00003     
2007   2FF4           00004     __CONFIG _CONFIG1, _FOSC_INTRC_NOCLKOUT & _WDTE_OFF & _MCLRE_ON & _LVP_OFF
                      00005     
                      00006 ;Defino los registros para la memoria
                      00007     CBLOCK 0x20
  00000020            00008     UNI ;0X20
  00000021            00009     DEC ;0X21
  00000022            00010     CEN ;0X22
  00000023            00011     COUNT1 ;PARA EL DELAY
  00000024            00012     COUNT2 ;PARA EL DELAY
  00000025            00013     COUNT3 ; LA POSICION DEL BOTON PRECIONADO
  00000026            00014     COUNT4 ; LA POSICION DE GUARDADO DEL NUM INGRESADO
  00000027            00015     ENCEN_DISPLAY
                      00016     ENDC
                      00017  
                      00018     ORG 0X00
0000   2???           00019     GOTO START 
                      00020     ;0X04
                      00021     ORG 0X05
                      00022     
0005                  00023 START: ;Cofiguro los puertos PORTA , PORTB Y PORTE
0005   1683 1303      00024     BANKSEL TRISA
Message[302]: Register in operand not in bank 0.  Ensure that bank bits are correct.
0007   0189           00025     CLRF TRISE ;PORTE como SALIDA como deco
Message[302]: Register in operand not in bank 0.  Ensure that bank bits are correct.
0008   0186           00026     CLRF TRISB ;PORTB como SALIDA de los display
0009   300F           00027     MOVLW 0X0F 
Message[302]: Register in operand not in bank 0.  Ensure that bank bits are correct.
000A   0085           00028     MOVWF TRISA ;PORTA = SALIDA 7 AL 4 Y ENTRADA 3 AL 0
000B   1683 1703      00029     BANKSEL ANSEL
Message[302]: Register in operand not in bank 0.  Ensure that bank bits are correct.
000D   0188           00030     CLRF ANSEL
000E   1283 1303      00031     BANKSEL PORTB
                      00032     
0010   2???           00033     CALL REINICIAR; SET encender el primer display
                      00034        
                      00035     ;Carga de los hexa que muestran los numeros que se encienden con 1 los led
0011   307E           00036     MOVLW 0X7E ;Apartir del 0x46 al 0x4F se cargan los datos PORQUE LO
0012   00A0           00037     MOVWF UNI ;INICIALIZO con 0 cero los display A
0013   00A1           00038     MOVWF DEC ;INICIALIZO con 0 cero los display B
0014   00A2           00039     MOVWF CEN ;INICIALIZO con 0 cero los display C
MPASM 5.87                    TECLADOEMI.ASM   5-7-2025  19:20:53         PAGE  2


LOC  OBJECT CODE     LINE SOURCE TEXT
  VALUE

0015   01A6           00040     CLRF COUNT4
Message[305]: Using default destination of 1 (file).
0016   0AA6           00041     INCF COUNT4
                      00042  
                      00043     ;De aqui en adelante corre el programa
                      00044     
                      00045 ;-----------------------------------------
                      00046 ;De aca corre el bucle que lee los valores del teclado
                      00047 ;Y lo muestra por los display 
0017                  00048 PROGRAM:
                      00049 
0017   3020           00050     MOVLW 0X20
0018   0084           00051     MOVWF FSR
0019   0800           00052     MOVF INDF,W
001A   0086           00053     MOVWF PORTB
001B   2???           00054     CALL DELAY_20MS
001C   2???           00055     CALL MULTIPLEX
Message[305]: Using default destination of 1 (file).
001D   0A84           00056     INCF FSR
                      00057     
001E   3021           00058     MOVLW 0X21
001F   0084           00059     MOVWF FSR
0020   0800           00060     MOVF INDF,W
0021   0086           00061     MOVWF PORTB
0022   2???           00062     CALL DELAY_20MS
0023   2???           00063     CALL MULTIPLEX
Message[305]: Using default destination of 1 (file).
0024   0A84           00064     INCF FSR
                      00065     
0025   3022           00066     MOVLW 0X22
0026   0084           00067     MOVWF FSR
0027   0800           00068     MOVF INDF,W
0028   0086           00069     MOVWF PORTB
0029   2???           00070     CALL DELAY_20MS
002A   2???           00071     CALL MULTIPLEX
                      00072     
                      00073     
                      00074 
                      00075 ;Termino de mostrar los resultados de los display
                      00076 ;-------------------------------------------------------------
                      00077 ;Comienzo con el chequeo del boton
002B   30F0           00078     MOVLW 0XF0
002C   0085           00079     MOVWF PORTA
                      00080     
002D   0805           00081     MOVF PORTA,W
002E   390F           00082     ANDLW 0X0F 
002F   1D03           00083     BTFSS STATUS,Z ;pregunta si se presiono el boton
0030   2???           00084     GOTO DBA ;hace deboun
0031   2???           00085     GOTO PROGRAM
                      00086     
                      00087 ;-------------------------------------------------------------
0032                  00088 DBA: ;deboun con espera de 20 MS
0032   01A5           00089     CLRF COUNT3 ;Inicializo el conteo de la teclas no pulsadas
MPASM 5.87                    TECLADOEMI.ASM   5-7-2025  19:20:53         PAGE  3


LOC  OBJECT CODE     LINE SOURCE TEXT
  VALUE

                      00090     
0033   2???           00091     CALL DELAY_20MS
0034   0805           00092     MOVF PORTA,W
0035   390F           00093     ANDLW 0X0F 
                      00094     
0036   1D03           00095     BTFSS STATUS,Z ;pregunta si se presiono el boton
0037   2???           00096     CALL BUSCAR; ejecuto el programa porque si se preciono el boton 
0038                  00097 LOOP2:
0038   2???           00098     CALL DELAY_20MS
0039   0805           00099     MOVF PORTA,W
003A   390F           00100     ANDLW 0X0F
003B   1903           00101     BTFSC STATUS,Z
003C   2???           00102     GOTO LOOP2
003D   2???           00103     GOTO PROGRAM
                      00104 ;------------------------------------------------------------------------------
                      00105     
003E                  00106 BUSCAR:; ; Encuentro la fila y la columna que se preciono
003E   3010           00107     MOVLW .16
003F   0085           00108     MOVWF PORTA
0040   2???           00109     CALL CHEQUEO
                      00110     
0041   3020           00111     MOVLW .32
0042   0085           00112     MOVWF PORTA
0043   2???           00113     CALL CHEQUEO
                      00114     
0044   3040           00115     MOVLW .64
0045   0085           00116     MOVWF PORTA
0046   2???           00117     CALL CHEQUEO
                      00118     
0047   3080           00119     MOVLW .128
0048   0085           00120     MOVWF PORTA
0049   2???           00121     CALL CHEQUEO
                      00122     
004A   0008           00123     RETURN
                      00124    
004B                  00125 CHEQUEO: ;Compruebo por fila
Message[305]: Using default destination of 1 (file).
004B   0AA5           00126     INCF COUNT3
004C   1805           00127     BTFSC PORTA,0
004D   2???           00128     GOTO FIN
                      00129     
Message[305]: Using default destination of 1 (file).
004E   0AA5           00130     INCF COUNT3
004F   1885           00131     BTFSC PORTA,1
0050   2???           00132     GOTO FIN
                      00133     
Message[305]: Using default destination of 1 (file).
0051   0AA5           00134     INCF COUNT3
0052   1905           00135     BTFSC PORTA,2
0053   2???           00136     GOTO FIN
                      00137     
Message[305]: Using default destination of 1 (file).
0054   0AA5           00138     INCF COUNT3
MPASM 5.87                    TECLADOEMI.ASM   5-7-2025  19:20:53         PAGE  4


LOC  OBJECT CODE     LINE SOURCE TEXT
  VALUE

0055   1985           00139     BTFSC PORTA,3
0056   2???           00140     GOTO FIN
                      00141     
0057   0008           00142     RETURN
                      00143     
0058                  00144 FIN:
0058   2???           00145     CALL LOOKUP_TABLE
0059   2???           00146     CALL CODIGO
005A   0008           00147     RETURN
                      00148 
                      00149 ;Aca termina el deboun y regresa al loop principal
                      00150 ;---------------------------------------------------
005B                  00151 CODIGO:
                      00152     ;Codigo a ejecutar cuando ya se detecto el boton y esta cargado en W
005B   1826           00153     BTFSC COUNT4,0
005C   00A0           00154     MOVWF UNI 
005D   18A6           00155     BTFSC COUNT4,1
005E   00A1           00156     MOVWF DEC
005F   1926           00157     BTFSC COUNT4,2
0060   00A2           00158     MOVWF CEN
                      00159     
0061   1003           00160     BCF STATUS,0
Message[305]: Using default destination of 1 (file).
0062   0DA6           00161     RLF COUNT4
0063   19A6           00162     BTFSC COUNT4,3
0064   2???           00163     CALL REINICIAR2
0065   0008           00164     RETURN
                      00165 ;-------------------------------------------------------------------
                      00166 ;De aca para abajo esta DELAY, MULTIPLEX, REINICIAR, TABLA
0066                  00167 MULTIPLEX:
0066   0827           00168     MOVF ENCEN_DISPLAY, W
0067   0089           00169     MOVWF PORTE
0068   1003           00170     BCF STATUS,0
Message[305]: Using default destination of 1 (file).
0069   0DA7           00171     RLF ENCEN_DISPLAY
006A   19A7           00172     BTFSC ENCEN_DISPLAY,3
006B   2???           00173     GOTO REINICIAR    
006C                  00174 RETURN_MULT:
006C   0008           00175     RETURN
                      00176     
006D                  00177 REINICIAR:
006D   3001           00178     MOVLW .01
006E   00A7           00179     MOVWF ENCEN_DISPLAY
006F   2???           00180     GOTO RETURN_MULT
                      00181     
0070                  00182 REINICIAR2:
0070   3001           00183     MOVLW .01
0071   00A6           00184     MOVWF COUNT4
0072   0008           00185     RETURN
                      00186     
0073                  00187 DELAY_20MS: ;Delay para mantener encendido el led
0073   30EB           00188     MOVLW .235
0074   00A3           00189     MOVWF COUNT1
MPASM 5.87                    TECLADOEMI.ASM   5-7-2025  19:20:53         PAGE  5


LOC  OBJECT CODE     LINE SOURCE TEXT
  VALUE

                      00190     
0075                  00191 L1:
0075   301B           00192     MOVLW .27
0076   00A4           00193     MOVWF COUNT2
                      00194 
0077                  00195 L2:
Message[305]: Using default destination of 1 (file).
0077   0BA4           00196     DECFSZ COUNT2
0078   2???           00197     GOTO L2
Message[305]: Using default destination of 1 (file).
0079   0BA3           00198     DECFSZ COUNT1
007A   2???           00199     GOTO L1
007B   0008           00200     RETURN
                      00201 
007C                  00202 LOOKUP_TABLE:
007C   0825           00203     MOVF COUNT3,W
007D   0782           00204     ADDWF PCL,F
007E   3430           00205     RETLW 0X30 ;1
007F   3433           00206     RETLW 0X33 ;4
0080   3472           00207     RETLW 0X72 ;7
0081   3401           00208     RETLW 0X01 ;*
                      00209 ;---------------------------
0082   346D           00210     RETLW 0X6D ;2
0083   345B           00211     RETLW 0X5B ;5
0084   347F           00212     RETLW 0X7F ;8
0085   347E           00213     RETLW 0X7E ;0
                      00214 ;---------------------------
0086   3479           00215     RETLW 0X79 ;3
0087   345F           00216     RETLW 0X5F ;6
0088   3472           00217     RETLW 0X72 ;9
0089   3436           00218     RETLW 0X36 ;#
                      00219 ;---------------------------
008A   3477           00220     RETLW 0X77 ;A
008B   341F           00221     RETLW 0X1F ;B
008C   344E           00222     RETLW 0X4E ;C
008D   343D           00223     RETLW 0X3D ;D
                      00224     
2FF4                  00225     END
MPASM 5.87                    TECLADOEMI.ASM   5-7-2025  19:20:53         PAGE  6


SYMBOL TABLE
  LABEL                             VALUE 

ABDEN                             00000000
ABDOVF                            00000007
ACKDT                             00000005
ACKEN                             00000004
ACKSTAT                           00000006
ADCON0                            0000001F
ADCON1                            0000009F
ADCS0                             00000006
ADCS1                             00000007
ADDEN                             00000003
ADFM                              00000007
ADIE                              00000006
ADIF                              00000006
ADON                              00000000
ADRESH                            0000001E
ADRESL                            0000009E
ANS0                              00000000
ANS1                              00000001
ANS10                             00000002
ANS11                             00000003
ANS12                             00000004
ANS13                             00000005
ANS2                              00000002
ANS3                              00000003
ANS4                              00000004
ANS5                              00000005
ANS6                              00000006
ANS7                              00000007
ANS8                              00000000
ANS9                              00000001
ANSEL                             00000188
ANSELH                            00000189
BAUDCTL                           00000187
BCLIE                             00000003
BCLIF                             00000003
BF                                00000000
BRG0                              00000000
BRG1                              00000001
BRG10                             00000002
BRG11                             00000003
BRG12                             00000004
BRG13                             00000005
BRG14                             00000006
BRG15                             00000007
BRG16                             00000003
BRG2                              00000002
BRG3                              00000003
BRG4                              00000004
BRG5                              00000005
BRG6                              00000006
BRG7                              00000007
BRG8                              00000000
BRG9                              00000001
MPASM 5.87                    TECLADOEMI.ASM   5-7-2025  19:20:53         PAGE  7


SYMBOL TABLE
  LABEL                             VALUE 

BRGH                              00000002
BUSCAR                            0000003E
C                                 00000000
C1CH0                             00000000
C1CH1                             00000001
C1IE                              00000005
C1IF                              00000005
C1OE                              00000005
C1ON                              00000007
C1OUT                             00000006
C1POL                             00000004
C1R                               00000002
C1RSEL                            00000005
C1SEN                             00000005
C2CH0                             00000000
C2CH1                             00000001
C2IE                              00000006
C2IF                              00000006
C2OE                              00000005
C2ON                              00000007
C2OUT                             00000006
C2POL                             00000004
C2R                               00000002
C2REN                             00000004
C2RSEL                            00000004
C2SYNC                            00000000
CCP1CON                           00000017
CCP1IE                            00000002
CCP1IF                            00000002
CCP1M0                            00000000
CCP1M1                            00000001
CCP1M2                            00000002
CCP1M3                            00000003
CCP1X                             00000005
CCP1Y                             00000004
CCP2CON                           0000001D
CCP2IE                            00000000
CCP2IF                            00000000
CCP2M0                            00000000
CCP2M1                            00000001
CCP2M2                            00000002
CCP2M3                            00000003
CCP2X                             00000005
CCP2Y                             00000004
CCPR1                             00000015
CCPR1H                            00000016
CCPR1L                            00000015
CCPR2                             0000001B
CCPR2H                            0000001C
CCPR2L                            0000001B
CEN                               00000022
CHEQUEO                           0000004B
CHS0                              00000002
MPASM 5.87                    TECLADOEMI.ASM   5-7-2025  19:20:53         PAGE  8


SYMBOL TABLE
  LABEL                             VALUE 

CHS1                              00000003
CHS2                              00000004
CHS3                              00000005
CKE                               00000006
CKP                               00000004
CM1CON0                           00000107
CM2CON0                           00000108
CM2CON1                           00000109
CODIGO                            0000005B
COUNT1                            00000023
COUNT2                            00000024
COUNT3                            00000025
COUNT4                            00000026
CREN                              00000004
CSRC                              00000007
D                                 00000005
DATA_ADDRESS                      00000005
DBA                               00000032
DC                                00000001
DC1B0                             00000004
DC1B1                             00000005
DC2B0                             00000004
DC2B1                             00000005
DEC                               00000021
DELAY_20MS                        00000073
D_A                               00000005
D_NOT_A                           00000005
ECCPAS                            0000009C
ECCPAS0                           00000004
ECCPAS1                           00000005
ECCPAS2                           00000006
ECCPASE                           00000007
EEADR                             0000010D
EEADRH                            0000010F
EECON1                            0000018C
EECON2                            0000018D
EEDAT                             0000010C
EEDATA                            0000010C
EEDATH                            0000010E
EEIE                              00000004
EEIF                              00000004
EEPGD                             00000007
ENCEN_DISPLAY                     00000027
F                                 00000001
FERR                              00000002
FIN                               00000058
FSR                               00000004
FVREN                             00000000
GCEN                              00000007
GIE                               00000007
GO                                00000001
GO_DONE                           00000001
GO_NOT_DONE                       00000001
MPASM 5.87                    TECLADOEMI.ASM   5-7-2025  19:20:53         PAGE  9


SYMBOL TABLE
  LABEL                             VALUE 

HTS                               00000002
I2C_DATA                          00000005
I2C_READ                          00000002
I2C_START                         00000003
I2C_STOP                          00000004
INDF                              00000000
INTCON                            0000000B
INTE                              00000004
INTEDG                            00000006
INTF                              00000001
IOCB                              00000096
IOCB0                             00000000
IOCB1                             00000001
IOCB2                             00000002
IOCB3                             00000003
IOCB4                             00000004
IOCB5                             00000005
IOCB6                             00000006
IOCB7                             00000007
IRCF0                             00000004
IRCF1                             00000005
IRCF2                             00000006
IRP                               00000007
L1                                00000075
L2                                00000077
LOOKUP_TABLE                      0000007C
LOOP2                             00000038
LTS                               00000001
MC1OUT                            00000007
MC2OUT                            00000006
MSK                               00000093
MSK0                              00000000
MSK1                              00000001
MSK2                              00000002
MSK3                              00000003
MSK4                              00000004
MSK5                              00000005
MSK6                              00000006
MSK7                              00000007
MULTIPLEX                         00000066
NOT_A                             00000005
NOT_ADDRESS                       00000005
NOT_BO                            00000000
NOT_BOR                           00000000
NOT_DONE                          00000001
NOT_PD                            00000003
NOT_POR                           00000001
NOT_RBPU                          00000007
NOT_RC8                           00000006
NOT_T1SYNC                        00000002
NOT_TO                            00000004
NOT_TX8                           00000006
NOT_W                             00000002
MPASM 5.87                    TECLADOEMI.ASM   5-7-2025  19:20:53         PAGE 10


SYMBOL TABLE
  LABEL                             VALUE 

NOT_WRITE                         00000002
OERR                              00000001
OPTION_REG                        00000081
OSCCON                            0000008F
OSCTUNE                           00000090
OSFIE                             00000007
OSFIF                             00000007
OSTS                              00000003
P                                 00000004
P1M0                              00000006
P1M1                              00000007
PCL                               00000002
PCLATH                            0000000A
PCON                              0000008E
PDC0                              00000000
PDC1                              00000001
PDC2                              00000002
PDC3                              00000003
PDC4                              00000004
PDC5                              00000005
PDC6                              00000006
PEIE                              00000006
PEN                               00000002
PIE1                              0000008C
PIE2                              0000008D
PIR1                              0000000C
PIR2                              0000000D
PORTA                             00000005
PORTB                             00000006
PORTC                             00000007
PORTD                             00000008
PORTE                             00000009
PR2                               00000092
PROGRAM                           00000017
PRSEN                             00000007
PS0                               00000000
PS1                               00000001
PS2                               00000002
PSA                               00000003
PSSAC0                            00000002
PSSAC1                            00000003
PSSBD0                            00000000
PSSBD1                            00000001
PSTRCON                           0000009D
PULSR                             00000002
PULSS                             00000003
PWM1CON                           0000009B
R                                 00000002
RA0                               00000000
RA1                               00000001
RA2                               00000002
RA3                               00000003
RA4                               00000004
MPASM 5.87                    TECLADOEMI.ASM   5-7-2025  19:20:53         PAGE 11


SYMBOL TABLE
  LABEL                             VALUE 

RA5                               00000005
RA6                               00000006
RA7                               00000007
RB0                               00000000
RB1                               00000001
RB2                               00000002
RB3                               00000003
RB4                               00000004
RB5                               00000005
RB6                               00000006
RB7                               00000007
RBIE                              00000003
RBIF                              00000000
RC0                               00000000
RC1                               00000001
RC2                               00000002
RC3                               00000003
RC4                               00000004
RC5                               00000005
RC6                               00000006
RC7                               00000007
RC8_9                             00000006
RC9                               00000006
RCD8                              00000000
RCEN                              00000003
RCIDL                             00000006
RCIE                              00000005
RCIF                              00000005
RCREG                             0000001A
RCSTA                             00000018
RD                                00000000
RD0                               00000000
RD1                               00000001
RD2                               00000002
RD3                               00000003
RD4                               00000004
RD5                               00000005
RD6                               00000006
RD7                               00000007
RE0                               00000000
RE1                               00000001
RE2                               00000002
RE3                               00000003
READ_WRITE                        00000002
REINICIAR                         0000006D
REINICIAR2                        00000070
RETURN_MULT                       0000006C
RP0                               00000005
RP1                               00000006
RSEN                              00000001
RX9                               00000006
RX9D                              00000000
R_NOT_W                           00000002
MPASM 5.87                    TECLADOEMI.ASM   5-7-2025  19:20:53         PAGE 12


SYMBOL TABLE
  LABEL                             VALUE 

R_W                               00000002
S                                 00000003
SBOREN                            00000004
SCKP                              00000004
SCS                               00000000
SEN                               00000000
SENDB                             00000003
SMP                               00000007
SPBRG                             00000099
SPBRGH                            0000009A
SPEN                              00000007
SR0                               00000006
SR1                               00000007
SRCON                             00000185
SREN                              00000005
SSPADD                            00000093
SSPBUF                            00000013
SSPCON                            00000014
SSPCON2                           00000091
SSPEN                             00000005
SSPIE                             00000003
SSPIF                             00000003
SSPM0                             00000000
SSPM1                             00000001
SSPM2                             00000002
SSPM3                             00000003
SSPMSK                            00000093
SSPOV                             00000006
SSPSTAT                           00000094
START                             00000005
STATUS                            00000003
STRA                              00000000
STRB                              00000001
STRC                              00000002
STRD                              00000003
STRSYNC                           00000004
SWDTEN                            00000000
SYNC                              00000004
T0CS                              00000005
T0IE                              00000005
T0IF                              00000002
T0SE                              00000004
T1CKPS0                           00000004
T1CKPS1                           00000005
T1CON                             00000010
T1GINV                            00000007
T1GIV                             00000007
T1GSS                             00000001
T1INSYNC                          00000002
T1OSCEN                           00000003
T1SYNC                            00000002
T2CKPS0                           00000000
T2CKPS1                           00000001
MPASM 5.87                    TECLADOEMI.ASM   5-7-2025  19:20:53         PAGE 13


SYMBOL TABLE
  LABEL                             VALUE 

T2CON                             00000012
TMR0                              00000001
TMR0IE                            00000005
TMR0IF                            00000002
TMR1                              0000000E
TMR1CS                            00000001
TMR1GE                            00000006
TMR1H                             0000000F
TMR1IE                            00000000
TMR1IF                            00000000
TMR1L                             0000000E
TMR1ON                            00000000
TMR2                              00000011
TMR2IE                            00000001
TMR2IF                            00000001
TMR2ON                            00000002
TOUTPS0                           00000003
TOUTPS1                           00000004
TOUTPS2                           00000005
TOUTPS3                           00000006
TRISA                             00000085
TRISA0                            00000000
TRISA1                            00000001
TRISA2                            00000002
TRISA3                            00000003
TRISA4                            00000004
TRISA5                            00000005
TRISA6                            00000006
TRISA7                            00000007
TRISB                             00000086
TRISB0                            00000000
TRISB1                            00000001
TRISB2                            00000002
TRISB3                            00000003
TRISB4                            00000004
TRISB5                            00000005
TRISB6                            00000006
TRISB7                            00000007
TRISC                             00000087
TRISC0                            00000000
TRISC1                            00000001
TRISC2                            00000002
TRISC3                            00000003
TRISC4                            00000004
TRISC5                            00000005
TRISC6                            00000006
TRISC7                            00000007
TRISD                             00000088
TRISD0                            00000000
TRISD1                            00000001
TRISD2                            00000002
TRISD3                            00000003
TRISD4                            00000004
MPASM 5.87                    TECLADOEMI.ASM   5-7-2025  19:20:53         PAGE 14


SYMBOL TABLE
  LABEL                             VALUE 

TRISD5                            00000005
TRISD6                            00000006
TRISD7                            00000007
TRISE                             00000089
TRISE0                            00000000
TRISE1                            00000001
TRISE2                            00000002
TRISE3                            00000003
TRMT                              00000001
TUN0                              00000000
TUN1                              00000001
TUN2                              00000002
TUN3                              00000003
TUN4                              00000004
TX8_9                             00000006
TX9                               00000006
TX9D                              00000000
TXD8                              00000000
TXEN                              00000005
TXIE                              00000004
TXIF                              00000004
TXREG                             00000019
TXSTA                             00000098
UA                                00000001
ULPWUE                            00000005
ULPWUIE                           00000002
ULPWUIF                           00000002
UNI                               00000020
VCFG0                             00000004
VCFG1                             00000005
VR0                               00000000
VR1                               00000001
VR2                               00000002
VR3                               00000003
VRCON                             00000097
VREN                              00000007
VROE                              00000006
VRR                               00000005
VRSS                              00000004
W                                 00000000
WCOL                              00000007
WDTCON                            00000105
WDTPS0                            00000001
WDTPS1                            00000002
WDTPS2                            00000003
WDTPS3                            00000004
WPUB                              00000095
WPUB0                             00000000
WPUB1                             00000001
WPUB2                             00000002
WPUB3                             00000003
WPUB4                             00000004
WPUB5                             00000005
MPASM 5.87                    TECLADOEMI.ASM   5-7-2025  19:20:53         PAGE 15


SYMBOL TABLE
  LABEL                             VALUE 

WPUB6                             00000006
WPUB7                             00000007
WR                                00000001
WREN                              00000002
WRERR                             00000003
WUE                               00000001
Z                                 00000002
_BOR21V                           00003EFF
_BOR40V                           00003FFF
_BOR4V_BOR21V                     00003EFF
_BOR4V_BOR40V                     00003FFF
_BOREN_NSLEEP                     00003EFF
_BOREN_OFF                        00003CFF
_BOREN_ON                         00003FFF
_BOREN_SBODEN                     00003DFF
_BOR_NSLEEP                       00003EFF
_BOR_OFF                          00003CFF
_BOR_ON                           00003FFF
_BOR_SBODEN                       00003DFF
_CONFIG1                          00002007
_CONFIG2                          00002008
_CPD_OFF                          00003FFF
_CPD_ON                           00003F7F
_CP_OFF                           00003FFF
_CP_ON                            00003FBF
_DEBUG_OFF                        00003FFF
_DEBUG_ON                         00001FFF
_DEVID1                           00002006
_EC_OSC                           00003FFB
_EXTRC                            00003FFF
_EXTRCIO                          00003FFE
_EXTRC_OSC_CLKOUT                 00003FFF
_EXTRC_OSC_NOCLKOUT               00003FFE
_FCMEN_OFF                        000037FF
_FCMEN_ON                         00003FFF
_FOSC_EC                          00003FFB
_FOSC_EXTRC_CLKOUT                00003FFF
_FOSC_EXTRC_NOCLKOUT              00003FFE
_FOSC_HS                          00003FFA
_FOSC_INTRC_CLKOUT                00003FFD
_FOSC_INTRC_NOCLKOUT              00003FFC
_FOSC_LP                          00003FF8
_FOSC_XT                          00003FF9
_HS_OSC                           00003FFA
_IDLOC0                           00002000
_IDLOC1                           00002001
_IDLOC2                           00002002
_IDLOC3                           00002003
_IESO_OFF                         00003BFF
_IESO_ON                          00003FFF
_INTOSC                           00003FFD
_INTOSCIO                         00003FFC
_INTRC_OSC_CLKOUT                 00003FFD
MPASM 5.87                    TECLADOEMI.ASM   5-7-2025  19:20:53         PAGE 16


SYMBOL TABLE
  LABEL                             VALUE 

_INTRC_OSC_NOCLKOUT               00003FFC
_LP_OSC                           00003FF8
_LVP_OFF                          00002FFF
_LVP_ON                           00003FFF
_MCLRE_OFF                        00003FDF
_MCLRE_ON                         00003FFF
_PWRTE_OFF                        00003FFF
_PWRTE_ON                         00003FEF
_WDTE_OFF                         00003FF7
_WDTE_ON                          00003FFF
_WDT_OFF                          00003FF7
_WDT_ON                           00003FFF
_WRT_1FOURTH                      00003BFF
_WRT_256                          00003DFF
_WRT_HALF                         000039FF
_WRT_OFF                          00003FFF
_XT_OSC                           00003FF9
__16F887                          00000001
__DEBUG                           
__MPLAB_DEBUGGER_SIMULATOR        1

Errors   :     0
Warnings :     0 reported,     0 suppressed
Messages :    15 reported,     0 suppressed

