MPASM 5.87       1DISPLAYINTERRUPCIONRBO.ASM   4-25-2025  14:01:30         PAGE  1


LOC  OBJECT CODE     LINE SOURCE TEXT
  VALUE

                      00001 ; ** Encabezado **
                      00002     LIST P=16F887                       
                      00003     #include "p16f887.inc"              
                      00001         LIST
                      00002 
                      00003 ;==========================================================================
                      00004 ; Build date : Jan 06 2020
                      00005 ;  MPASM PIC16F887 processor include
                      00006 ; 
                      00007 ;  (c) Copyright 1999-2020 Microchip Technology, All rights reserved
                      00008 ;==========================================================================
                      00009 
                      00810         LIST
2007   2FF4           00004     __CONFIG _CONFIG1, _FOSC_INTRC_NOCLKOUT & _WDTE_OFF & _MCLRE_ON & _LVP_OFF
                      00005     ;----------------------------VARIABLES------------------------------------------------
  00000020            00006 CONTADOR1       EQU              0x20
  00000021            00007 CONTADOR2       EQU              0x21
  00000022            00008 NUM_C           EQU              0x22
  00000023            00009 ESTADO          EQU              0X23
  00000024            00010 DOBLEV          EQU              0X24
                      00011     ORG         0x00
0000   2???           00012     GOTO                START
                      00013     ORG         0X04
0004   2???           00014     GOTO                INTERRUPCION
                      00015     ORG         0x05
0005   2???           00016     GOTO START
                      00017     
0006                  00018 START:
                      00019     ;CONFIGURO PUERTOS
0006   1683 1703      00020     BANKSEL     ANSEL
Message[302]: Register in operand not in bank 0.  Ensure that bank bits are correct.
0008   0188           00021     CLRF                ANSEL           ;0 PARA PINES DIGITAL
Message[302]: Register in operand not in bank 0.  Ensure that bank bits are correct.
0009   0189           00022     CLRF                ANSELH
000A   1683 1303      00023     BANKSEL     TRISA
                      00024         ;ENTRADA LLAVE PIN 7 DE PORTB
Message[302]: Register in operand not in bank 0.  Ensure that bank bits are correct.
000C   1406           00025     BSF         TRISB,0
Message[302]: Register in operand not in bank 0.  Ensure that bank bits are correct.
000D   0185           00026     CLRF                TRISA
000E   1283 1303      00027     BANKSEL     PORTA
0010   0185           00028     CLRF                PORTA
                      00029     
                      00030     ;----------------------------
0011   3070           00031     MOVLW                0X70             ;DESDE 70h ESTAN REFLEJADAS EN LOS 4 BANCOS
0012   0084           00032     MOVWF                FSR 
                      00033     
0013   300A           00034     MOVLW               .10                
0014   00A2           00035     MOVWF               NUM_C              
                      00036 ;---------------------CONFIGURO INT-------------------------
                      00037     
0015   1683 1303      00038      BANKSEL    OPTION_REG     
Message[302]: Register in operand not in bank 0.  Ensure that bank bits are correct.
MPASM 5.87       1DISPLAYINTERRUPCIONRBO.ASM   4-25-2025  14:01:30         PAGE  2


LOC  OBJECT CODE     LINE SOURCE TEXT
  VALUE

0017   1301           00039      BCF                OPTION_REG, INTEDG                  ;SELEECION EL FLANCO. INTERRUPCION POR FLANC
                            O DESCENDENTE CON O
                      00040                                     ;CUANDO PULSO PULSADOR  SE VA A TIERRA
                      00041     
0018   1283 1303      00042     BANKSEL     PORTA
                      00043    ; BCF                INTCON,RBIF         ;borra el flag de interrupcion de NIVEL
001A   108B           00044     BCF         INTCON,INTF         ;BORRA FLAG INTERRUPCION DEL RBO  DE FLANCO
                      00045     ;BANKSEL    IOCB
                      00046   ;  BSF                IOCB,7            ;SETEA  PIN DE INTERRUPCION POR NIVEL
                      00047    ; BSF                INTCON,3                   ;  SETEA    RBIE  PARA TODO EL PUERTO B INTERRUPCION 
                            POR NIVEL
                      00048    
001B   178B           00049      BSF                INTCON,7                    ;SETEA     GIE  GLOBAL5
                      00050     
001C   160B           00051      BSF                INTCON,INTE                 ;SETEA INTE PARA INTERRUOCION DEL RBO POR FLANCO DES
                            CENDENTE}
                      00052      
                      00053 
                      00054      
001D   1283 1303      00055     BANKSEL     PORTA
                      00056     
                      00057     
                      00058     
                      00059  
                      00060     ;----------------------------CARGO NUMEROS AL DESDE 70h A 79h CON EL IINDF--------------------------
                            --
001F   307E           00061    MOVLW                0x7E            ;0
0020   0080           00062    MOVWF                INDF
0021   0A84           00063    INCF          FSR,1
0022   3030           00064     MOVLW                0x30            ; 1
0023   0080           00065     MOVWF                INDF
0024   0A84           00066     INCF                 FSR,1
0025   306D           00067     MOVLW                0x6D            ; 2
0026   0080           00068     MOVWF                INDF
0027   0A84           00069     INCF                 FSR,1
0028   3079           00070     MOVLW                0x79           ; 3
0029   0080           00071     MOVWF                INDF
002A   0A84           00072     INCF                 FSR,1
002B   3033           00073     MOVLW                0x33           ; 4
002C   0080           00074     MOVWF                INDF
002D   0A84           00075     INCF                 FSR,1
002E   305B           00076     MOVLW                0x5B           ; 5
002F   0080           00077     MOVWF                INDF
0030   0A84           00078     INCF                 FSR,1
0031   305F           00079     MOVLW                0x5F            ; 6
0032   0080           00080     MOVWF                INDF
0033   0A84           00081     INCF                 FSR,1
0034   3070           00082     MOVLW                0x70            ; 7
0035   0080           00083     MOVWF                INDF
0036   0A84           00084     INCF                 FSR,1
0037   307F           00085     MOVLW                0x7F            ; 8
0038   0080           00086     MOVWF                INDF
0039   0A84           00087     INCF                 FSR,1
MPASM 5.87       1DISPLAYINTERRUPCIONRBO.ASM   4-25-2025  14:01:30         PAGE  3


LOC  OBJECT CODE     LINE SOURCE TEXT
  VALUE

003A   3073           00088     MOVLW                0x73            ; 9
003B   0080           00089     MOVWF                INDF
                      00090     
003C   3070           00091     MOVLW                0X70            ; RESETEO EL FSR
003D   0084           00092     MOVWF                FSR
                      00093     
                      00094     ;................ PONGO EL PORTB CON UN  NUMERO INICIAL
003E   0800           00095     MOVF                INDF,W
003F   0085           00096     MOVWF               PORTA           ;PORTB TIENE EL NUMERO CERO
                      00097     
                      00098     
                      00099     ;.............................PROGRAMA PRINCIPAL ., VERIFICA SI HAY INTERRUPCION -------------------
                            --------------------
0040   2???           00100     GOTO                $
                      00101     
                      00102 
0041                  00103 INTERRUPCION:   
                      00104 
                      00105    ; BCF                INTCON,RBIF     ;LIMPIO FLAF,.. ESTO ES PARA INTERRUPCION POR NIVEL
                      00106    
0041   108B           00107    BCF          INTCON,INTF     ;LIMPIO FLAG. ESTE ES DE INTERRUPCION DEL RB0 POR FLANCO DESCENDENTE
                      00108     ; ----------------------GUARDO CONTEXTO-------------------------
0042   00A4           00109     MOVWF               DOBLEV
0043   0E03           00110     SWAPF               STATUS,W
0044   00A3           00111     MOVWF               ESTADO
                      00112     ;------------------------;ANTIREBOTE
                      00113    
                      00114     ;----LOGICA INTERRUPCION-----------
                      00115 
0045   2???           00116     CALL                ANTIREBOTE
                      00117     
                      00118     ;----------------CARGO CONTEXTO-----------
0046                  00119 CONTEXTO:
0046   0E23           00120     SWAPF               ESTADO,W
0047   0083           00121     MOVWF               STATUS
0048   0EA4           00122     SWAPF               DOBLEV,1
0049   0E24           00123     SWAPF               DOBLEV,0
                      00124     
                      00125     ;---------------.VUELVO------------------
004A   0009           00126     RETFIE
                      00127     
004B                  00128 ANTIREBOTE:
004B   2???           00129     CALL                DELAY
004C   1806           00130     BTFSC               PORTB,0             ;
004D   0008           00131     RETURN      
                      00132     
004E   2???           00133     CALL                CARGAR
004F   0008           00134     RETURN
                      00135     
0050                  00136 CARGAR:
0050   0800           00137     MOVF                INDF,W              ;INDF CONTIENE EL NUMERO 0. PORQUE FSR APUNTA AL 70h
0051   0085           00138     MOVWF               PORTA               ;CARGA DE NUMEROS
0052   0A84           00139     INCF                 FSR,1
MPASM 5.87       1DISPLAYINTERRUPCIONRBO.ASM   4-25-2025  14:01:30         PAGE  4


LOC  OBJECT CODE     LINE SOURCE TEXT
  VALUE

                      00140     
Message[305]: Using default destination of 1 (file).
0053   0BA2           00141     DECFSZ               NUM_C              ;DISMUNUYO LA CUENTA DE NUEMEROS A CARGAR
0054   0008           00142     RETURN
                      00143     ;----------------------------SI LOS NUMEROS YA LLEGARON A 9:  ---------------------------
0055   3070           00144     MOVLW               0x70                ;SETEO LA DIRECCION DE NUEVO EN 70h
0056   0084           00145     MOVWF               FSR
0057   300A           00146     MOVLW                .10                ;SETEO DE NUEVO EL CONTADOR 
0058   00A2           00147     MOVWF               NUM_C
0059   0008           00148     RETURN              
005A                  00149 DELAY:
005A   3032           00150     MOVLW               .50
005B   00A0           00151     MOVWF               CONTADOR1
005C                  00152 L1:
005C   3032           00153     MOVLW                .50
005D   00A1           00154     MOVWF                CONTADOR2
005E                  00155 L2:     
005E   0BA1           00156     DECFSZ               CONTADOR2, F
005F   2???           00157     GOTO                  L2
0060   0BA0           00158     DECFSZ               CONTADOR1, F
0061   2???           00159     GOTO                   L1
0062   0008           00160     RETURN
                      00161         
                      00162     
                      00163     
                      00164     
2FF4                  00165     END
MPASM 5.87       1DISPLAYINTERRUPCIONRBO.ASM   4-25-2025  14:01:30         PAGE  5


SYMBOL TABLE
  LABEL                             VALUE 

ABDEN                             00000000
ABDOVF                            00000007
ACKDT                             00000005
ACKEN                             00000004
ACKSTAT                           00000006
ADCON0                            0000001F
ADCON1                            0000009F
ADCS0                             00000006
ADCS1                             00000007
ADDEN                             00000003
ADFM                              00000007
ADIE                              00000006
ADIF                              00000006
ADON                              00000000
ADRESH                            0000001E
ADRESL                            0000009E
ANS0                              00000000
ANS1                              00000001
ANS10                             00000002
ANS11                             00000003
ANS12                             00000004
ANS13                             00000005
ANS2                              00000002
ANS3                              00000003
ANS4                              00000004
ANS5                              00000005
ANS6                              00000006
ANS7                              00000007
ANS8                              00000000
ANS9                              00000001
ANSEL                             00000188
ANSELH                            00000189
ANTIREBOTE                        0000004B
BAUDCTL                           00000187
BCLIE                             00000003
BCLIF                             00000003
BF                                00000000
BRG0                              00000000
BRG1                              00000001
BRG10                             00000002
BRG11                             00000003
BRG12                             00000004
BRG13                             00000005
BRG14                             00000006
BRG15                             00000007
BRG16                             00000003
BRG2                              00000002
BRG3                              00000003
BRG4                              00000004
BRG5                              00000005
BRG6                              00000006
BRG7                              00000007
BRG8                              00000000
MPASM 5.87       1DISPLAYINTERRUPCIONRBO.ASM   4-25-2025  14:01:30         PAGE  6


SYMBOL TABLE
  LABEL                             VALUE 

BRG9                              00000001
BRGH                              00000002
C                                 00000000
C1CH0                             00000000
C1CH1                             00000001
C1IE                              00000005
C1IF                              00000005
C1OE                              00000005
C1ON                              00000007
C1OUT                             00000006
C1POL                             00000004
C1R                               00000002
C1RSEL                            00000005
C1SEN                             00000005
C2CH0                             00000000
C2CH1                             00000001
C2IE                              00000006
C2IF                              00000006
C2OE                              00000005
C2ON                              00000007
C2OUT                             00000006
C2POL                             00000004
C2R                               00000002
C2REN                             00000004
C2RSEL                            00000004
C2SYNC                            00000000
CARGAR                            00000050
CCP1CON                           00000017
CCP1IE                            00000002
CCP1IF                            00000002
CCP1M0                            00000000
CCP1M1                            00000001
CCP1M2                            00000002
CCP1M3                            00000003
CCP1X                             00000005
CCP1Y                             00000004
CCP2CON                           0000001D
CCP2IE                            00000000
CCP2IF                            00000000
CCP2M0                            00000000
CCP2M1                            00000001
CCP2M2                            00000002
CCP2M3                            00000003
CCP2X                             00000005
CCP2Y                             00000004
CCPR1                             00000015
CCPR1H                            00000016
CCPR1L                            00000015
CCPR2                             0000001B
CCPR2H                            0000001C
CCPR2L                            0000001B
CHS0                              00000002
CHS1                              00000003
MPASM 5.87       1DISPLAYINTERRUPCIONRBO.ASM   4-25-2025  14:01:30         PAGE  7


SYMBOL TABLE
  LABEL                             VALUE 

CHS2                              00000004
CHS3                              00000005
CKE                               00000006
CKP                               00000004
CM1CON0                           00000107
CM2CON0                           00000108
CM2CON1                           00000109
CONTADOR1                         00000020
CONTADOR2                         00000021
CONTEXTO                          00000046
CREN                              00000004
CSRC                              00000007
D                                 00000005
DATA_ADDRESS                      00000005
DC                                00000001
DC1B0                             00000004
DC1B1                             00000005
DC2B0                             00000004
DC2B1                             00000005
DELAY                             0000005A
DOBLEV                            00000024
D_A                               00000005
D_NOT_A                           00000005
ECCPAS                            0000009C
ECCPAS0                           00000004
ECCPAS1                           00000005
ECCPAS2                           00000006
ECCPASE                           00000007
EEADR                             0000010D
EEADRH                            0000010F
EECON1                            0000018C
EECON2                            0000018D
EEDAT                             0000010C
EEDATA                            0000010C
EEDATH                            0000010E
EEIE                              00000004
EEIF                              00000004
EEPGD                             00000007
ESTADO                            00000023
F                                 00000001
FERR                              00000002
FSR                               00000004
FVREN                             00000000
GCEN                              00000007
GIE                               00000007
GO                                00000001
GO_DONE                           00000001
GO_NOT_DONE                       00000001
HTS                               00000002
I2C_DATA                          00000005
I2C_READ                          00000002
I2C_START                         00000003
I2C_STOP                          00000004
MPASM 5.87       1DISPLAYINTERRUPCIONRBO.ASM   4-25-2025  14:01:30         PAGE  8


SYMBOL TABLE
  LABEL                             VALUE 

INDF                              00000000
INTCON                            0000000B
INTE                              00000004
INTEDG                            00000006
INTERRUPCION                      00000041
INTF                              00000001
IOCB                              00000096
IOCB0                             00000000
IOCB1                             00000001
IOCB2                             00000002
IOCB3                             00000003
IOCB4                             00000004
IOCB5                             00000005
IOCB6                             00000006
IOCB7                             00000007
IRCF0                             00000004
IRCF1                             00000005
IRCF2                             00000006
IRP                               00000007
L1                                0000005C
L2                                0000005E
LTS                               00000001
MC1OUT                            00000007
MC2OUT                            00000006
MSK                               00000093
MSK0                              00000000
MSK1                              00000001
MSK2                              00000002
MSK3                              00000003
MSK4                              00000004
MSK5                              00000005
MSK6                              00000006
MSK7                              00000007
NOT_A                             00000005
NOT_ADDRESS                       00000005
NOT_BO                            00000000
NOT_BOR                           00000000
NOT_DONE                          00000001
NOT_PD                            00000003
NOT_POR                           00000001
NOT_RBPU                          00000007
NOT_RC8                           00000006
NOT_T1SYNC                        00000002
NOT_TO                            00000004
NOT_TX8                           00000006
NOT_W                             00000002
NOT_WRITE                         00000002
NUM_C                             00000022
OERR                              00000001
OPTION_REG                        00000081
OSCCON                            0000008F
OSCTUNE                           00000090
OSFIE                             00000007
MPASM 5.87       1DISPLAYINTERRUPCIONRBO.ASM   4-25-2025  14:01:30         PAGE  9


SYMBOL TABLE
  LABEL                             VALUE 

OSFIF                             00000007
OSTS                              00000003
P                                 00000004
P1M0                              00000006
P1M1                              00000007
PCL                               00000002
PCLATH                            0000000A
PCON                              0000008E
PDC0                              00000000
PDC1                              00000001
PDC2                              00000002
PDC3                              00000003
PDC4                              00000004
PDC5                              00000005
PDC6                              00000006
PEIE                              00000006
PEN                               00000002
PIE1                              0000008C
PIE2                              0000008D
PIR1                              0000000C
PIR2                              0000000D
PORTA                             00000005
PORTB                             00000006
PORTC                             00000007
PORTD                             00000008
PORTE                             00000009
PR2                               00000092
PRSEN                             00000007
PS0                               00000000
PS1                               00000001
PS2                               00000002
PSA                               00000003
PSSAC0                            00000002
PSSAC1                            00000003
PSSBD0                            00000000
PSSBD1                            00000001
PSTRCON                           0000009D
PULSR                             00000002
PULSS                             00000003
PWM1CON                           0000009B
R                                 00000002
RA0                               00000000
RA1                               00000001
RA2                               00000002
RA3                               00000003
RA4                               00000004
RA5                               00000005
RA6                               00000006
RA7                               00000007
RB0                               00000000
RB1                               00000001
RB2                               00000002
RB3                               00000003
MPASM 5.87       1DISPLAYINTERRUPCIONRBO.ASM   4-25-2025  14:01:30         PAGE 10


SYMBOL TABLE
  LABEL                             VALUE 

RB4                               00000004
RB5                               00000005
RB6                               00000006
RB7                               00000007
RBIE                              00000003
RBIF                              00000000
RC0                               00000000
RC1                               00000001
RC2                               00000002
RC3                               00000003
RC4                               00000004
RC5                               00000005
RC6                               00000006
RC7                               00000007
RC8_9                             00000006
RC9                               00000006
RCD8                              00000000
RCEN                              00000003
RCIDL                             00000006
RCIE                              00000005
RCIF                              00000005
RCREG                             0000001A
RCSTA                             00000018
RD                                00000000
RD0                               00000000
RD1                               00000001
RD2                               00000002
RD3                               00000003
RD4                               00000004
RD5                               00000005
RD6                               00000006
RD7                               00000007
RE0                               00000000
RE1                               00000001
RE2                               00000002
RE3                               00000003
READ_WRITE                        00000002
RP0                               00000005
RP1                               00000006
RSEN                              00000001
RX9                               00000006
RX9D                              00000000
R_NOT_W                           00000002
R_W                               00000002
S                                 00000003
SBOREN                            00000004
SCKP                              00000004
SCS                               00000000
SEN                               00000000
SENDB                             00000003
SMP                               00000007
SPBRG                             00000099
SPBRGH                            0000009A
MPASM 5.87       1DISPLAYINTERRUPCIONRBO.ASM   4-25-2025  14:01:30         PAGE 11


SYMBOL TABLE
  LABEL                             VALUE 

SPEN                              00000007
SR0                               00000006
SR1                               00000007
SRCON                             00000185
SREN                              00000005
SSPADD                            00000093
SSPBUF                            00000013
SSPCON                            00000014
SSPCON2                           00000091
SSPEN                             00000005
SSPIE                             00000003
SSPIF                             00000003
SSPM0                             00000000
SSPM1                             00000001
SSPM2                             00000002
SSPM3                             00000003
SSPMSK                            00000093
SSPOV                             00000006
SSPSTAT                           00000094
START                             00000006
STATUS                            00000003
STRA                              00000000
STRB                              00000001
STRC                              00000002
STRD                              00000003
STRSYNC                           00000004
SWDTEN                            00000000
SYNC                              00000004
T0CS                              00000005
T0IE                              00000005
T0IF                              00000002
T0SE                              00000004
T1CKPS0                           00000004
T1CKPS1                           00000005
T1CON                             00000010
T1GINV                            00000007
T1GIV                             00000007
T1GSS                             00000001
T1INSYNC                          00000002
T1OSCEN                           00000003
T1SYNC                            00000002
T2CKPS0                           00000000
T2CKPS1                           00000001
T2CON                             00000012
TMR0                              00000001
TMR0IE                            00000005
TMR0IF                            00000002
TMR1                              0000000E
TMR1CS                            00000001
TMR1GE                            00000006
TMR1H                             0000000F
TMR1IE                            00000000
TMR1IF                            00000000
MPASM 5.87       1DISPLAYINTERRUPCIONRBO.ASM   4-25-2025  14:01:30         PAGE 12


SYMBOL TABLE
  LABEL                             VALUE 

TMR1L                             0000000E
TMR1ON                            00000000
TMR2                              00000011
TMR2IE                            00000001
TMR2IF                            00000001
TMR2ON                            00000002
TOUTPS0                           00000003
TOUTPS1                           00000004
TOUTPS2                           00000005
TOUTPS3                           00000006
TRISA                             00000085
TRISA0                            00000000
TRISA1                            00000001
TRISA2                            00000002
TRISA3                            00000003
TRISA4                            00000004
TRISA5                            00000005
TRISA6                            00000006
TRISA7                            00000007
TRISB                             00000086
TRISB0                            00000000
TRISB1                            00000001
TRISB2                            00000002
TRISB3                            00000003
TRISB4                            00000004
TRISB5                            00000005
TRISB6                            00000006
TRISB7                            00000007
TRISC                             00000087
TRISC0                            00000000
TRISC1                            00000001
TRISC2                            00000002
TRISC3                            00000003
TRISC4                            00000004
TRISC5                            00000005
TRISC6                            00000006
TRISC7                            00000007
TRISD                             00000088
TRISD0                            00000000
TRISD1                            00000001
TRISD2                            00000002
TRISD3                            00000003
TRISD4                            00000004
TRISD5                            00000005
TRISD6                            00000006
TRISD7                            00000007
TRISE                             00000089
TRISE0                            00000000
TRISE1                            00000001
TRISE2                            00000002
TRISE3                            00000003
TRMT                              00000001
TUN0                              00000000
MPASM 5.87       1DISPLAYINTERRUPCIONRBO.ASM   4-25-2025  14:01:30         PAGE 13


SYMBOL TABLE
  LABEL                             VALUE 

TUN1                              00000001
TUN2                              00000002
TUN3                              00000003
TUN4                              00000004
TX8_9                             00000006
TX9                               00000006
TX9D                              00000000
TXD8                              00000000
TXEN                              00000005
TXIE                              00000004
TXIF                              00000004
TXREG                             00000019
TXSTA                             00000098
UA                                00000001
ULPWUE                            00000005
ULPWUIE                           00000002
ULPWUIF                           00000002
VCFG0                             00000004
VCFG1                             00000005
VR0                               00000000
VR1                               00000001
VR2                               00000002
VR3                               00000003
VRCON                             00000097
VREN                              00000007
VROE                              00000006
VRR                               00000005
VRSS                              00000004
W                                 00000000
WCOL                              00000007
WDTCON                            00000105
WDTPS0                            00000001
WDTPS1                            00000002
WDTPS2                            00000003
WDTPS3                            00000004
WPUB                              00000095
WPUB0                             00000000
WPUB1                             00000001
WPUB2                             00000002
WPUB3                             00000003
WPUB4                             00000004
WPUB5                             00000005
WPUB6                             00000006
WPUB7                             00000007
WR                                00000001
WREN                              00000002
WRERR                             00000003
WUE                               00000001
Z                                 00000002
_.org_2_0040                      00000040
_BOR21V                           00003EFF
_BOR40V                           00003FFF
_BOR4V_BOR21V                     00003EFF
MPASM 5.87       1DISPLAYINTERRUPCIONRBO.ASM   4-25-2025  14:01:30         PAGE 14


SYMBOL TABLE
  LABEL                             VALUE 

_BOR4V_BOR40V                     00003FFF
_BOREN_NSLEEP                     00003EFF
_BOREN_OFF                        00003CFF
_BOREN_ON                         00003FFF
_BOREN_SBODEN                     00003DFF
_BOR_NSLEEP                       00003EFF
_BOR_OFF                          00003CFF
_BOR_ON                           00003FFF
_BOR_SBODEN                       00003DFF
_CONFIG1                          00002007
_CONFIG2                          00002008
_CPD_OFF                          00003FFF
_CPD_ON                           00003F7F
_CP_OFF                           00003FFF
_CP_ON                            00003FBF
_DEBUG_OFF                        00003FFF
_DEBUG_ON                         00001FFF
_DEVID1                           00002006
_EC_OSC                           00003FFB
_EXTRC                            00003FFF
_EXTRCIO                          00003FFE
_EXTRC_OSC_CLKOUT                 00003FFF
_EXTRC_OSC_NOCLKOUT               00003FFE
_FCMEN_OFF                        000037FF
_FCMEN_ON                         00003FFF
_FOSC_EC                          00003FFB
_FOSC_EXTRC_CLKOUT                00003FFF
_FOSC_EXTRC_NOCLKOUT              00003FFE
_FOSC_HS                          00003FFA
_FOSC_INTRC_CLKOUT                00003FFD
_FOSC_INTRC_NOCLKOUT              00003FFC
_FOSC_LP                          00003FF8
_FOSC_XT                          00003FF9
_HS_OSC                           00003FFA
_IDLOC0                           00002000
_IDLOC1                           00002001
_IDLOC2                           00002002
_IDLOC3                           00002003
_IESO_OFF                         00003BFF
_IESO_ON                          00003FFF
_INTOSC                           00003FFD
_INTOSCIO                         00003FFC
_INTRC_OSC_CLKOUT                 00003FFD
_INTRC_OSC_NOCLKOUT               00003FFC
_LP_OSC                           00003FF8
_LVP_OFF                          00002FFF
_LVP_ON                           00003FFF
_MCLRE_OFF                        00003FDF
_MCLRE_ON                         00003FFF
_PWRTE_OFF                        00003FFF
_PWRTE_ON                         00003FEF
_WDTE_OFF                         00003FF7
_WDTE_ON                          00003FFF
MPASM 5.87       1DISPLAYINTERRUPCIONRBO.ASM   4-25-2025  14:01:30         PAGE 15


SYMBOL TABLE
  LABEL                             VALUE 

_WDT_OFF                          00003FF7
_WDT_ON                           00003FFF
_WRT_1FOURTH                      00003BFF
_WRT_256                          00003DFF
_WRT_HALF                         000039FF
_WRT_OFF                          00003FFF
_XT_OSC                           00003FF9
__16F887                          00000001

Errors   :     0
Warnings :     0 reported,     0 suppressed
Messages :     6 reported,     0 suppressed

