MPASM 5.87                           6-1.ASM   5-12-2025  18:02:56         PAGE  1


LOC  OBJECT CODE     LINE SOURCE TEXT
  VALUE

                      00001     LIST P=16F887
                      00002     #INCLUDE "p16F887.inc"
                      00001         LIST
                      00002 
                      00003 ;==========================================================================
                      00004 ; Build date : Jan 06 2020
                      00005 ;  MPASM PIC16F887 processor include
                      00006 ; 
                      00007 ;  (c) Copyright 1999-2020 Microchip Technology, All rights reserved
                      00008 ;==========================================================================
                      00009 
                      00810         LIST
2007   2FF4           00003     __CONFIG _CONFIG1, _FOSC_INTRC_NOCLKOUT & _WDTE_OFF & _MCLRE_ON & _LVP_OFF
Warning[207]: Found label after column 1. (COUNT1)
  00000020            00004    COUNT1                       EQU                 0X20
Warning[207]: Found label after column 1. (COUNT2)
  00000021            00005    COUNT2                       EQU                 0X21
Warning[207]: Found label after column 1. (CLAVE)
  00000022            00006    CLAVE                        EQU                 0X22
                      00007     ORG          0X00
0000   2???           00008     GOTO                 START 
                      00009     ;0X04
                      00010     ORG          0X05
0005                  00011 START: 
0005   1683 1703      00012     BANKSEL             ANSEL
Message[302]: Register in operand not in bank 0.  Ensure that bank bits are correct.
0007   0188           00013     CLRF                ANSEL
Message[302]: Register in operand not in bank 0.  Ensure that bank bits are correct.
0008   0189           00014     CLRF                ANSELH
0009   1683 1303      00015     BANKSEL             TRISA
000B   30F0           00016     MOVLW               B'11110000'     ;RB7-RB4 ENTRADAS DE TECLADO
Message[302]: Register in operand not in bank 0.  Ensure that bank bits are correct.
000C   0086           00017     MOVWF               TRISB           ;RB3-RB0 SALIDAS 
Message[302]: Register in operand not in bank 0.  Ensure that bank bits are correct.
000D   0185           00018     CLRF                TRISA
000E   1683 1303      00019     BANKSEL             OPTION_REG
Message[302]: Register in operand not in bank 0.  Ensure that bank bits are correct.
0010   1381           00020     BCF         OPTION_REG, 7 ; Habilita las resistencias pull-up en PORTB
0011   1283 1303      00021     BANKSEL             PORTA
0013   01A2           00022     CLRF                CLAVE
0014                  00023 MAIN:
0014   0822           00024     MOVF                CLAVE,W
0015   2???           00025     CALL                TABLA
0016   0085           00026     MOVWF               PORTA
0017   3001           00027     MOVLW               B'00000001'
0018   0086           00028     MOVWF               PORTB
0019   2???           00029     CALL                FILA1
001A   3002           00030     MOVLW               B'00000010'
001B   0086           00031     MOVWF               PORTB
001C   2???           00032       CALL              FILA2
001D   3004           00033     MOVLW               B'00000100'
001E   0086           00034     MOVWF               PORTB
001F   2???           00035       CALL              FILA3
MPASM 5.87                           6-1.ASM   5-12-2025  18:02:56         PAGE  2


LOC  OBJECT CODE     LINE SOURCE TEXT
  VALUE

0020   3008           00036     MOVLW               B'00001000'
0021   0086           00037     MOVWF               PORTB
0022   2???           00038     CALL                FILA4
0023   2???           00039     GOTO                MAIN
                      00040     ;-----------------TECLADOO-------------
0024                  00041 FILA1:
0024   1E06           00042     BTFSS               PORTB,4
0025   2???           00043     GOTO                NUM2
0026   3000           00044     MOVLW               .0
0027   00A2           00045     MOVWF               CLAVE
0028   0008           00046     RETURN
Warning[207]: Found label after column 1. (NUM2)
0029                  00047     NUM2:
0029   1E86           00048             BTFSS       PORTB,5
002A   2???           00049             GOTO        NUM3
002B   3001           00050             MOVLW       .1
002C   00A2           00051             MOVWF       CLAVE
002D   0008           00052             RETURN              
Warning[207]: Found label after column 1. (NUM3)
002E                  00053     NUM3:
002E   1F06           00054             BTFSS       PORTB,6
002F   2???           00055             GOTO        NUM4
0030   3002           00056             MOVLW       .2
0031   00A2           00057             MOVWF       CLAVE
0032   0008           00058             RETURN
Warning[207]: Found label after column 1. (NUM4)
0033                  00059     NUM4:
0033   1F86           00060             BTFSS       PORTB,7
0034   2???           00061             GOTO        FILA2
0035   3003           00062             MOVLW       .3
0036   00A2           00063             MOVWF       CLAVE
0037   0008           00064             RETURN
0038                  00065 FILA2:
0038   1E06           00066     BTFSS               PORTB,4
0039   2???           00067     GOTO                NUM6
003A   3004           00068     MOVLW               .4
003B   00A2           00069     MOVWF               CLAVE
003C   0008           00070     RETURN
003D                  00071 NUM6:
003D   1E86           00072         BTFSS   PORTB,5
003E   2???           00073         GOTO    NUM7
003F   3005           00074         MOVLW   .5
0040   00A2           00075         MOVWF   CLAVE
0041   0008           00076         RETURN
0042                  00077 NUM7:
0042   1F06           00078         BTFSS   PORTB,6
0043   2???           00079         GOTO    NUM8
0044   3006           00080         MOVLW   .6
0045   00A2           00081         MOVWF   CLAVE
0046   0008           00082         RETURN
0047                  00083 NUM8:
0047   1F86           00084         BTFSS   PORTB,7
0048   2???           00085         GOTO    FILA3
MPASM 5.87                           6-1.ASM   5-12-2025  18:02:56         PAGE  3


LOC  OBJECT CODE     LINE SOURCE TEXT
  VALUE

0049   3007           00086         MOVLW   .7
004A   00A2           00087         MOVWF   CLAVE
004B   0008           00088         RETURN
004C                  00089 FILA3:
004C   1E06           00090     BTFSS               PORTB,4
004D   2???           00091     GOTO                NUMA
004E   3008           00092     MOVLW               .8
004F   00A2           00093     MOVWF               CLAVE
0050   0008           00094     RETURN
0051                  00095 NUMA:
0051   1E86           00096         BTFSS   PORTB,5
0052   2???           00097         GOTO    NUMB
0053   3009           00098         MOVLW   .9
0054   00A2           00099         MOVWF   CLAVE
0055   0008           00100         RETURN
0056                  00101 NUMB:
0056   1F06           00102         BTFSS   PORTB,6
0057   2???           00103         GOTO    NUMC
0058   300A           00104         MOVLW   .10
0059   00A2           00105         MOVWF   CLAVE
005A   0008           00106         RETURN
005B                  00107 NUMC:
005B   1F86           00108         BTFSS   PORTB,7
005C   2???           00109         GOTO    FILA4
005D   300B           00110         MOVLW   .11
005E   00A2           00111         MOVWF   CLAVE
005F   0008           00112         RETURN
0060                  00113 FILA4:
0060   1E06           00114     BTFSS               PORTB,4
0061   2???           00115     GOTO                NUME
0062   300C           00116     MOVLW               .12
0063   00A2           00117     MOVWF               CLAVE
0064   0008           00118     RETURN
0065                  00119 NUME:
0065   1E86           00120         BTFSS   PORTB,5
0066   2???           00121         GOTO    NUMF
0067   300D           00122         MOVLW   .13
0068   00A2           00123         MOVWF   CLAVE
0069   0008           00124         RETURN
006A                  00125 NUMF:
006A   1F06           00126         BTFSS   PORTB,6
006B   2???           00127         GOTO    NUM0
006C   300E           00128         MOVLW   .14
006D   00A2           00129         MOVWF   CLAVE
006E   0008           00130         RETURN
006F                  00131 NUM0:
006F   1F86           00132         BTFSS   PORTB,7
0070   0008           00133         RETURN
0071   300F           00134         MOVLW   .15
0072   00A2           00135         MOVWF   CLAVE
0073   0008           00136         RETURN
                      00137 
0074                  00138 DELAY_20MS: ;Delay para mantener encendido el led
MPASM 5.87                           6-1.ASM   5-12-2025  18:02:56         PAGE  4


LOC  OBJECT CODE     LINE SOURCE TEXT
  VALUE

0074   3064           00139     MOVLW               .100
0075   00A0           00140     MOVWF               COUNT1
0076                  00141 L1:
0076   3032           00142     MOVLW                .50
0077   00A1           00143     MOVWF               COUNT2
0078                  00144 L2:
Message[305]: Using default destination of 1 (file).
0078   0BA1           00145     DECFSZ              COUNT2
0079   2???           00146     GOTO                L2
Message[305]: Using default destination of 1 (file).
007A   0BA0           00147     DECFSZ              COUNT1
007B   2???           00148     GOTO                L1
007C   0008           00149     RETURN
007D                  00150 TABLA:
007D   0822           00151     MOVF                CLAVE,W
007E   0782           00152     ADDWF               PCL,F
007F   3470           00153     RETLW               0x70 ;7
0080   347F           00154     RETLW                0x7F ;8
0081   3473           00155     RETLW                0x73;9
0082   347D           00156     RETLW               B'1111101'
                      00157    
0083   3433           00158     RETLW               0x33;4
0084   345B           00159     RETLW                0x5B;5
0085   345F           00160     RETLW               0x5F;6
0086   341F           00161     RETLW               B'0011111'
                      00162     
0087   3430           00163     RETLW               0x30;1
0088   346D           00164     RETLW               0x6D;2
0089   3479           00165     RETLW               0x79;3
008A   344E           00166      RETLW              B'1001110'
                      00167      
008B   343D           00168     RETLW               B'0111101'
008C   347E           00169     RETLW               B'1111110'
008D   344F           00170     RETLW               B'1001111'
008E   3447           00171     RETLW               B'1000111'
2FF4                  00172     END
MPASM 5.87                           6-1.ASM   5-12-2025  18:02:56         PAGE  5


SYMBOL TABLE
  LABEL                             VALUE 

ABDEN                             00000000
ABDOVF                            00000007
ACKDT                             00000005
ACKEN                             00000004
ACKSTAT                           00000006
ADCON0                            0000001F
ADCON1                            0000009F
ADCS0                             00000006
ADCS1                             00000007
ADDEN                             00000003
ADFM                              00000007
ADIE                              00000006
ADIF                              00000006
ADON                              00000000
ADRESH                            0000001E
ADRESL                            0000009E
ANS0                              00000000
ANS1                              00000001
ANS10                             00000002
ANS11                             00000003
ANS12                             00000004
ANS13                             00000005
ANS2                              00000002
ANS3                              00000003
ANS4                              00000004
ANS5                              00000005
ANS6                              00000006
ANS7                              00000007
ANS8                              00000000
ANS9                              00000001
ANSEL                             00000188
ANSELH                            00000189
BAUDCTL                           00000187
BCLIE                             00000003
BCLIF                             00000003
BF                                00000000
BRG0                              00000000
BRG1                              00000001
BRG10                             00000002
BRG11                             00000003
BRG12                             00000004
BRG13                             00000005
BRG14                             00000006
BRG15                             00000007
BRG16                             00000003
BRG2                              00000002
BRG3                              00000003
BRG4                              00000004
BRG5                              00000005
BRG6                              00000006
BRG7                              00000007
BRG8                              00000000
BRG9                              00000001
MPASM 5.87                           6-1.ASM   5-12-2025  18:02:56         PAGE  6


SYMBOL TABLE
  LABEL                             VALUE 

BRGH                              00000002
C                                 00000000
C1CH0                             00000000
C1CH1                             00000001
C1IE                              00000005
C1IF                              00000005
C1OE                              00000005
C1ON                              00000007
C1OUT                             00000006
C1POL                             00000004
C1R                               00000002
C1RSEL                            00000005
C1SEN                             00000005
C2CH0                             00000000
C2CH1                             00000001
C2IE                              00000006
C2IF                              00000006
C2OE                              00000005
C2ON                              00000007
C2OUT                             00000006
C2POL                             00000004
C2R                               00000002
C2REN                             00000004
C2RSEL                            00000004
C2SYNC                            00000000
CCP1CON                           00000017
CCP1IE                            00000002
CCP1IF                            00000002
CCP1M0                            00000000
CCP1M1                            00000001
CCP1M2                            00000002
CCP1M3                            00000003
CCP1X                             00000005
CCP1Y                             00000004
CCP2CON                           0000001D
CCP2IE                            00000000
CCP2IF                            00000000
CCP2M0                            00000000
CCP2M1                            00000001
CCP2M2                            00000002
CCP2M3                            00000003
CCP2X                             00000005
CCP2Y                             00000004
CCPR1                             00000015
CCPR1H                            00000016
CCPR1L                            00000015
CCPR2                             0000001B
CCPR2H                            0000001C
CCPR2L                            0000001B
CHS0                              00000002
CHS1                              00000003
CHS2                              00000004
CHS3                              00000005
MPASM 5.87                           6-1.ASM   5-12-2025  18:02:56         PAGE  7


SYMBOL TABLE
  LABEL                             VALUE 

CKE                               00000006
CKP                               00000004
CLAVE                             00000022
CM1CON0                           00000107
CM2CON0                           00000108
CM2CON1                           00000109
COUNT1                            00000020
COUNT2                            00000021
CREN                              00000004
CSRC                              00000007
D                                 00000005
DATA_ADDRESS                      00000005
DC                                00000001
DC1B0                             00000004
DC1B1                             00000005
DC2B0                             00000004
DC2B1                             00000005
DELAY_20MS                        00000074
D_A                               00000005
D_NOT_A                           00000005
ECCPAS                            0000009C
ECCPAS0                           00000004
ECCPAS1                           00000005
ECCPAS2                           00000006
ECCPASE                           00000007
EEADR                             0000010D
EEADRH                            0000010F
EECON1                            0000018C
EECON2                            0000018D
EEDAT                             0000010C
EEDATA                            0000010C
EEDATH                            0000010E
EEIE                              00000004
EEIF                              00000004
EEPGD                             00000007
F                                 00000001
FERR                              00000002
FILA1                             00000024
FILA2                             00000038
FILA3                             0000004C
FILA4                             00000060
FSR                               00000004
FVREN                             00000000
GCEN                              00000007
GIE                               00000007
GO                                00000001
GO_DONE                           00000001
GO_NOT_DONE                       00000001
HTS                               00000002
I2C_DATA                          00000005
I2C_READ                          00000002
I2C_START                         00000003
I2C_STOP                          00000004
MPASM 5.87                           6-1.ASM   5-12-2025  18:02:56         PAGE  8


SYMBOL TABLE
  LABEL                             VALUE 

INDF                              00000000
INTCON                            0000000B
INTE                              00000004
INTEDG                            00000006
INTF                              00000001
IOCB                              00000096
IOCB0                             00000000
IOCB1                             00000001
IOCB2                             00000002
IOCB3                             00000003
IOCB4                             00000004
IOCB5                             00000005
IOCB6                             00000006
IOCB7                             00000007
IRCF0                             00000004
IRCF1                             00000005
IRCF2                             00000006
IRP                               00000007
L1                                00000076
L2                                00000078
LTS                               00000001
MAIN                              00000014
MC1OUT                            00000007
MC2OUT                            00000006
MSK                               00000093
MSK0                              00000000
MSK1                              00000001
MSK2                              00000002
MSK3                              00000003
MSK4                              00000004
MSK5                              00000005
MSK6                              00000006
MSK7                              00000007
NOT_A                             00000005
NOT_ADDRESS                       00000005
NOT_BO                            00000000
NOT_BOR                           00000000
NOT_DONE                          00000001
NOT_PD                            00000003
NOT_POR                           00000001
NOT_RBPU                          00000007
NOT_RC8                           00000006
NOT_T1SYNC                        00000002
NOT_TO                            00000004
NOT_TX8                           00000006
NOT_W                             00000002
NOT_WRITE                         00000002
NUM0                              0000006F
NUM2                              00000029
NUM3                              0000002E
NUM4                              00000033
NUM6                              0000003D
NUM7                              00000042
MPASM 5.87                           6-1.ASM   5-12-2025  18:02:56         PAGE  9


SYMBOL TABLE
  LABEL                             VALUE 

NUM8                              00000047
NUMA                              00000051
NUMB                              00000056
NUMC                              0000005B
NUME                              00000065
NUMF                              0000006A
OERR                              00000001
OPTION_REG                        00000081
OSCCON                            0000008F
OSCTUNE                           00000090
OSFIE                             00000007
OSFIF                             00000007
OSTS                              00000003
P                                 00000004
P1M0                              00000006
P1M1                              00000007
PCL                               00000002
PCLATH                            0000000A
PCON                              0000008E
PDC0                              00000000
PDC1                              00000001
PDC2                              00000002
PDC3                              00000003
PDC4                              00000004
PDC5                              00000005
PDC6                              00000006
PEIE                              00000006
PEN                               00000002
PIE1                              0000008C
PIE2                              0000008D
PIR1                              0000000C
PIR2                              0000000D
PORTA                             00000005
PORTB                             00000006
PORTC                             00000007
PORTD                             00000008
PORTE                             00000009
PR2                               00000092
PRSEN                             00000007
PS0                               00000000
PS1                               00000001
PS2                               00000002
PSA                               00000003
PSSAC0                            00000002
PSSAC1                            00000003
PSSBD0                            00000000
PSSBD1                            00000001
PSTRCON                           0000009D
PULSR                             00000002
PULSS                             00000003
PWM1CON                           0000009B
R                                 00000002
RA0                               00000000
MPASM 5.87                           6-1.ASM   5-12-2025  18:02:56         PAGE 10


SYMBOL TABLE
  LABEL                             VALUE 

RA1                               00000001
RA2                               00000002
RA3                               00000003
RA4                               00000004
RA5                               00000005
RA6                               00000006
RA7                               00000007
RB0                               00000000
RB1                               00000001
RB2                               00000002
RB3                               00000003
RB4                               00000004
RB5                               00000005
RB6                               00000006
RB7                               00000007
RBIE                              00000003
RBIF                              00000000
RC0                               00000000
RC1                               00000001
RC2                               00000002
RC3                               00000003
RC4                               00000004
RC5                               00000005
RC6                               00000006
RC7                               00000007
RC8_9                             00000006
RC9                               00000006
RCD8                              00000000
RCEN                              00000003
RCIDL                             00000006
RCIE                              00000005
RCIF                              00000005
RCREG                             0000001A
RCSTA                             00000018
RD                                00000000
RD0                               00000000
RD1                               00000001
RD2                               00000002
RD3                               00000003
RD4                               00000004
RD5                               00000005
RD6                               00000006
RD7                               00000007
RE0                               00000000
RE1                               00000001
RE2                               00000002
RE3                               00000003
READ_WRITE                        00000002
RP0                               00000005
RP1                               00000006
RSEN                              00000001
RX9                               00000006
RX9D                              00000000
MPASM 5.87                           6-1.ASM   5-12-2025  18:02:56         PAGE 11


SYMBOL TABLE
  LABEL                             VALUE 

R_NOT_W                           00000002
R_W                               00000002
S                                 00000003
SBOREN                            00000004
SCKP                              00000004
SCS                               00000000
SEN                               00000000
SENDB                             00000003
SMP                               00000007
SPBRG                             00000099
SPBRGH                            0000009A
SPEN                              00000007
SR0                               00000006
SR1                               00000007
SRCON                             00000185
SREN                              00000005
SSPADD                            00000093
SSPBUF                            00000013
SSPCON                            00000014
SSPCON2                           00000091
SSPEN                             00000005
SSPIE                             00000003
SSPIF                             00000003
SSPM0                             00000000
SSPM1                             00000001
SSPM2                             00000002
SSPM3                             00000003
SSPMSK                            00000093
SSPOV                             00000006
SSPSTAT                           00000094
START                             00000005
STATUS                            00000003
STRA                              00000000
STRB                              00000001
STRC                              00000002
STRD                              00000003
STRSYNC                           00000004
SWDTEN                            00000000
SYNC                              00000004
T0CS                              00000005
T0IE                              00000005
T0IF                              00000002
T0SE                              00000004
T1CKPS0                           00000004
T1CKPS1                           00000005
T1CON                             00000010
T1GINV                            00000007
T1GIV                             00000007
T1GSS                             00000001
T1INSYNC                          00000002
T1OSCEN                           00000003
T1SYNC                            00000002
T2CKPS0                           00000000
MPASM 5.87                           6-1.ASM   5-12-2025  18:02:56         PAGE 12


SYMBOL TABLE
  LABEL                             VALUE 

T2CKPS1                           00000001
T2CON                             00000012
TABLA                             0000007D
TMR0                              00000001
TMR0IE                            00000005
TMR0IF                            00000002
TMR1                              0000000E
TMR1CS                            00000001
TMR1GE                            00000006
TMR1H                             0000000F
TMR1IE                            00000000
TMR1IF                            00000000
TMR1L                             0000000E
TMR1ON                            00000000
TMR2                              00000011
TMR2IE                            00000001
TMR2IF                            00000001
TMR2ON                            00000002
TOUTPS0                           00000003
TOUTPS1                           00000004
TOUTPS2                           00000005
TOUTPS3                           00000006
TRISA                             00000085
TRISA0                            00000000
TRISA1                            00000001
TRISA2                            00000002
TRISA3                            00000003
TRISA4                            00000004
TRISA5                            00000005
TRISA6                            00000006
TRISA7                            00000007
TRISB                             00000086
TRISB0                            00000000
TRISB1                            00000001
TRISB2                            00000002
TRISB3                            00000003
TRISB4                            00000004
TRISB5                            00000005
TRISB6                            00000006
TRISB7                            00000007
TRISC                             00000087
TRISC0                            00000000
TRISC1                            00000001
TRISC2                            00000002
TRISC3                            00000003
TRISC4                            00000004
TRISC5                            00000005
TRISC6                            00000006
TRISC7                            00000007
TRISD                             00000088
TRISD0                            00000000
TRISD1                            00000001
TRISD2                            00000002
MPASM 5.87                           6-1.ASM   5-12-2025  18:02:56         PAGE 13


SYMBOL TABLE
  LABEL                             VALUE 

TRISD3                            00000003
TRISD4                            00000004
TRISD5                            00000005
TRISD6                            00000006
TRISD7                            00000007
TRISE                             00000089
TRISE0                            00000000
TRISE1                            00000001
TRISE2                            00000002
TRISE3                            00000003
TRMT                              00000001
TUN0                              00000000
TUN1                              00000001
TUN2                              00000002
TUN3                              00000003
TUN4                              00000004
TX8_9                             00000006
TX9                               00000006
TX9D                              00000000
TXD8                              00000000
TXEN                              00000005
TXIE                              00000004
TXIF                              00000004
TXREG                             00000019
TXSTA                             00000098
UA                                00000001
ULPWUE                            00000005
ULPWUIE                           00000002
ULPWUIF                           00000002
VCFG0                             00000004
VCFG1                             00000005
VR0                               00000000
VR1                               00000001
VR2                               00000002
VR3                               00000003
VRCON                             00000097
VREN                              00000007
VROE                              00000006
VRR                               00000005
VRSS                              00000004
W                                 00000000
WCOL                              00000007
WDTCON                            00000105
WDTPS0                            00000001
WDTPS1                            00000002
WDTPS2                            00000003
WDTPS3                            00000004
WPUB                              00000095
WPUB0                             00000000
WPUB1                             00000001
WPUB2                             00000002
WPUB3                             00000003
WPUB4                             00000004
MPASM 5.87                           6-1.ASM   5-12-2025  18:02:56         PAGE 14


SYMBOL TABLE
  LABEL                             VALUE 

WPUB5                             00000005
WPUB6                             00000006
WPUB7                             00000007
WR                                00000001
WREN                              00000002
WRERR                             00000003
WUE                               00000001
Z                                 00000002
_BOR21V                           00003EFF
_BOR40V                           00003FFF
_BOR4V_BOR21V                     00003EFF
_BOR4V_BOR40V                     00003FFF
_BOREN_NSLEEP                     00003EFF
_BOREN_OFF                        00003CFF
_BOREN_ON                         00003FFF
_BOREN_SBODEN                     00003DFF
_BOR_NSLEEP                       00003EFF
_BOR_OFF                          00003CFF
_BOR_ON                           00003FFF
_BOR_SBODEN                       00003DFF
_CONFIG1                          00002007
_CONFIG2                          00002008
_CPD_OFF                          00003FFF
_CPD_ON                           00003F7F
_CP_OFF                           00003FFF
_CP_ON                            00003FBF
_DEBUG_OFF                        00003FFF
_DEBUG_ON                         00001FFF
_DEVID1                           00002006
_EC_OSC                           00003FFB
_EXTRC                            00003FFF
_EXTRCIO                          00003FFE
_EXTRC_OSC_CLKOUT                 00003FFF
_EXTRC_OSC_NOCLKOUT               00003FFE
_FCMEN_OFF                        000037FF
_FCMEN_ON                         00003FFF
_FOSC_EC                          00003FFB
_FOSC_EXTRC_CLKOUT                00003FFF
_FOSC_EXTRC_NOCLKOUT              00003FFE
_FOSC_HS                          00003FFA
_FOSC_INTRC_CLKOUT                00003FFD
_FOSC_INTRC_NOCLKOUT              00003FFC
_FOSC_LP                          00003FF8
_FOSC_XT                          00003FF9
_HS_OSC                           00003FFA
_IDLOC0                           00002000
_IDLOC1                           00002001
_IDLOC2                           00002002
_IDLOC3                           00002003
_IESO_OFF                         00003BFF
_IESO_ON                          00003FFF
_INTOSC                           00003FFD
_INTOSCIO                         00003FFC
MPASM 5.87                           6-1.ASM   5-12-2025  18:02:56         PAGE 15


SYMBOL TABLE
  LABEL                             VALUE 

_INTRC_OSC_CLKOUT                 00003FFD
_INTRC_OSC_NOCLKOUT               00003FFC
_LP_OSC                           00003FF8
_LVP_OFF                          00002FFF
_LVP_ON                           00003FFF
_MCLRE_OFF                        00003FDF
_MCLRE_ON                         00003FFF
_PWRTE_OFF                        00003FFF
_PWRTE_ON                         00003FEF
_WDTE_OFF                         00003FF7
_WDTE_ON                          00003FFF
_WDT_OFF                          00003FF7
_WDT_ON                           00003FFF
_WRT_1FOURTH                      00003BFF
_WRT_256                          00003DFF
_WRT_HALF                         000039FF
_WRT_OFF                          00003FFF
_XT_OSC                           00003FF9
__16F887                          00000001

Errors   :     0
Warnings :     6 reported,     0 suppressed
Messages :     7 reported,     0 suppressed

