MPASM 5.87                      6-1POSTA.ASM   5-12-2025  16:39:16         PAGE  1


LOC  OBJECT CODE     LINE SOURCE TEXT
  VALUE

                      00001     LIST P=16F887
                      00002     #INCLUDE "p16F887.inc"
                      00001         LIST
                      00002 
                      00003 ;==========================================================================
                      00004 ; Build date : Jan 06 2020
                      00005 ;  MPASM PIC16F887 processor include
                      00006 ; 
                      00007 ;  (c) Copyright 1999-2020 Microchip Technology, All rights reserved
                      00008 ;==========================================================================
                      00009 
                      00810         LIST
2007   2FF4           00003     __CONFIG _CONFIG1, _FOSC_INTRC_NOCLKOUT & _WDTE_OFF & _MCLRE_ON & _LVP_OFF
Warning[207]: Found label after column 1. (COUNT1)
  00000020            00004    COUNT1                       EQU                 0X20
Warning[207]: Found label after column 1. (COUNT2)
  00000021            00005    COUNT2                       EQU                 0X21
Warning[207]: Found label after column 1. (CLAVE)
  00000022            00006    CLAVE                        EQU                 0X22
Warning[207]: Found label after column 1. (RESULTADO)
  00000030            00007    RESULTADO            EQU                 0X30
                      00008     ORG          0X00
0000   2???           00009     GOTO                 START 
                      00010     ;0X04
                      00011     ORG          0X05
0005                  00012 START: 
0005   1683 1703      00013     BANKSEL             ANSEL
Message[302]: Register in operand not in bank 0.  Ensure that bank bits are correct.
0007   0188           00014     CLRF                ANSEL
Message[302]: Register in operand not in bank 0.  Ensure that bank bits are correct.
0008   0189           00015     CLRF                ANSELH
0009   1683 1303      00016     BANKSEL             TRISA
000B   30F0           00017     MOVLW               B'11110000'     ;RB7-RB4 ENTRADAS DE TECLADO
Message[302]: Register in operand not in bank 0.  Ensure that bank bits are correct.
000C   0086           00018     MOVWF               TRISB           ;RB3-RB0 SALIDAS 
Message[302]: Register in operand not in bank 0.  Ensure that bank bits are correct.
000D   0185           00019     CLRF                TRISA
000E   1683 1303      00020     BANKSEL             OPTION_REG
Message[302]: Register in operand not in bank 0.  Ensure that bank bits are correct.
0010   1381           00021     BCF         OPTION_REG, 7 ; Habilita las resistencias pull-up en PORTB
0011   1283 1303      00022     BANKSEL             PORTA
0013   01A2           00023     CLRF                CLAVE
0014                  00024 MAIN:
0014   2???           00025     CALL                TESTEO_COLUMNAS
0015   2???           00026     CALL                TABLA
0016   00B0           00027     MOVWF               RESULTADO
0017   2???           00028     GOTO                MAIN
                      00029     
0018                  00030 TESTEO_COLUMNAS:
0018   0822           00031     MOVF                CLAVE,W
0019   2???           00032     CALL                TABLA
001A   0086           00033     MOVWF               PORTB
001B   3001           00034     MOVLW               B'00000001'
MPASM 5.87                      6-1POSTA.ASM   5-12-2025  16:39:16         PAGE  2


LOC  OBJECT CODE     LINE SOURCE TEXT
  VALUE

001C   0086           00035     MOVWF               PORTB
001D   2???           00036     CALL                FILA1
001E   3002           00037     MOVLW               B'00000010'
001F   0086           00038     MOVWF               PORTB
0020   2???           00039       CALL              FILA2
0021   3004           00040     MOVLW               B'00000100'
0022   0086           00041     MOVWF               PORTB
0023   2???           00042       CALL              FILA3
0024   3008           00043     MOVLW               B'00001000'
0025   0086           00044     MOVWF               PORTB
0026   2???           00045     CALL                FILA4
0027   0008           00046     RETURN
                      00047     ;-----------------TECLADOO-------------
0028                  00048 FILA1:
0028   1E06           00049     BTFSS               PORTB,4
0029   2???           00050     GOTO                NUM2
002A   3000           00051     MOVLW               .0
002B   00A2           00052     MOVWF               CLAVE
002C   0008           00053     RETURN
Warning[207]: Found label after column 1. (NUM2)
002D                  00054     NUM2:
002D   1E86           00055             BTFSS       PORTB,5
002E   2???           00056             GOTO        NUM3
002F   3001           00057             MOVLW       .1
0030   00A2           00058             MOVWF       CLAVE
0031   0008           00059             RETURN              
Warning[207]: Found label after column 1. (NUM3)
0032                  00060     NUM3:
0032   1F06           00061             BTFSS       PORTB,6
0033   2???           00062             GOTO        NUM4
0034   3002           00063             MOVLW       .2
0035   00A2           00064             MOVWF       CLAVE
0036   0008           00065             RETURN
Warning[207]: Found label after column 1. (NUM4)
0037                  00066     NUM4:
0037   1F86           00067             BTFSS       PORTB,7
0038   2???           00068             GOTO        FILA2
0039   3003           00069             MOVLW       .3
003A   00A2           00070             MOVWF       CLAVE
003B   0008           00071             RETURN
003C                  00072 FILA2:
003C   1E06           00073     BTFSS               PORTB,4
003D   2???           00074     GOTO                NUM6
003E   3004           00075     MOVLW               .4
003F   00A2           00076     MOVWF               CLAVE
0040   0008           00077     RETURN
0041                  00078 NUM6:
0041   1E86           00079         BTFSS   PORTB,5
0042   2???           00080         GOTO    NUM7
0043   3005           00081         MOVLW   .5
0044   00A2           00082         MOVWF   CLAVE
0045   0008           00083         RETURN
0046                  00084 NUM7:
MPASM 5.87                      6-1POSTA.ASM   5-12-2025  16:39:16         PAGE  3


LOC  OBJECT CODE     LINE SOURCE TEXT
  VALUE

0046   1F06           00085         BTFSS   PORTB,6
0047   2???           00086         GOTO    NUM8
0048   3006           00087         MOVLW   .6
0049   00A2           00088         MOVWF   CLAVE
004A   0008           00089         RETURN
004B                  00090 NUM8:
004B   1F86           00091         BTFSS   PORTB,7
004C   2???           00092         GOTO    FILA3
004D   3007           00093         MOVLW   .7
004E   00A2           00094         MOVWF   CLAVE
004F   0008           00095         RETURN
0050                  00096 FILA3:
0050   1E06           00097     BTFSS               PORTB,4
0051   2???           00098     GOTO                NUMA
0052   3008           00099     MOVLW               .8
0053   00A2           00100     MOVWF               CLAVE
0054   0008           00101     RETURN
0055                  00102 NUMA:
0055   1E86           00103         BTFSS   PORTB,5
0056   2???           00104         GOTO    NUMB
0057   3009           00105         MOVLW   .9
0058   00A2           00106         MOVWF   CLAVE
0059   0008           00107         RETURN
005A                  00108 NUMB:
005A   1F06           00109         BTFSS   PORTB,6
005B   2???           00110         GOTO    NUMC
005C   300A           00111         MOVLW   .10
005D   00A2           00112         MOVWF   CLAVE
005E   0008           00113         RETURN
005F                  00114 NUMC:
005F   1F86           00115         BTFSS   PORTB,7
0060   2???           00116         GOTO    FILA4
0061   300B           00117         MOVLW   .11
0062   00A2           00118         MOVWF   CLAVE
0063   0008           00119         RETURN
0064                  00120 FILA4:
0064   1E06           00121     BTFSS               PORTB,4
0065   2???           00122     GOTO                NUME
0066   300C           00123     MOVLW               .12
0067   00A2           00124     MOVWF               CLAVE
0068   0008           00125     RETURN
0069                  00126 NUME:
0069   1E86           00127         BTFSS   PORTB,5
006A   2???           00128         GOTO    NUMF
006B   300D           00129         MOVLW   .13
006C   00A2           00130         MOVWF   CLAVE
006D   0008           00131         RETURN
006E                  00132 NUMF:
006E   1F06           00133         BTFSS   PORTB,6
006F   2???           00134         GOTO    NUM0
0070   300E           00135         MOVLW   .14
0071   00A2           00136         MOVWF   CLAVE
0072   0008           00137         RETURN
MPASM 5.87                      6-1POSTA.ASM   5-12-2025  16:39:16         PAGE  4


LOC  OBJECT CODE     LINE SOURCE TEXT
  VALUE

0073                  00138 NUM0:
0073   1F86           00139         BTFSS   PORTB,7
0074   0008           00140         RETURN
0075   300F           00141         MOVLW   .15
0076   00A2           00142         MOVWF   CLAVE
0077   0008           00143         RETURN
                      00144 
0078                  00145 DELAY_20MS: ;Delay para mantener encendido el led
0078   3064           00146     MOVLW               .100
0079   00A0           00147     MOVWF               COUNT1
007A                  00148 L1:
007A   3032           00149     MOVLW                .50
007B   00A1           00150     MOVWF               COUNT2
007C                  00151 L2:
Message[305]: Using default destination of 1 (file).
007C   0BA1           00152     DECFSZ              COUNT2
007D   2???           00153     GOTO                L2
Message[305]: Using default destination of 1 (file).
007E   0BA0           00154     DECFSZ              COUNT1
007F   2???           00155     GOTO                L1
0080   0008           00156     RETURN
0081                  00157 TABLA:
0081   0822           00158     MOVF                CLAVE,W
0082   0782           00159     ADDWF               PCL,F
                      00160     ;en ASCII
0083   3431           00161     RETLW               .49;1
0084   3432           00162     RETLW               .50;2
0085   3433           00163     RETLW               .51;3
0086   3434           00164     RETLW               .52;4
                      00165     
0087   3435           00166     RETLW                .53;5
0088   3436           00167     RETLW                .54;6
0089   3437           00168     RETLW                .55 ;7
008A   3438           00169     RETLW                .56 ;8
                      00170     
008B   3439           00171     RETLW                .57;9
008C   3441           00172     RETLW                .65;A
008D   3442           00173     RETLW               .66;B
008E   3443           00174     RETLW               .67;C
                      00175     
008F   3444           00176     RETLW               .68;D
0090   3445           00177     RETLW               .69;E
0091   3446           00178     RETLW               .70;F
0092   3448           00179      RETLW              48;0
                      00180      
0093   343D           00181     RETLW               B'0111101'
0094   347E           00182     RETLW               B'1111110'
0095   344F           00183     RETLW               B'1001111'
0096   3447           00184     RETLW               B'1000111'
2FF4                  00185     END
MPASM 5.87                      6-1POSTA.ASM   5-12-2025  16:39:16         PAGE  5


SYMBOL TABLE
  LABEL                             VALUE 

ABDEN                             00000000
ABDOVF                            00000007
ACKDT                             00000005
ACKEN                             00000004
ACKSTAT                           00000006
ADCON0                            0000001F
ADCON1                            0000009F
ADCS0                             00000006
ADCS1                             00000007
ADDEN                             00000003
ADFM                              00000007
ADIE                              00000006
ADIF                              00000006
ADON                              00000000
ADRESH                            0000001E
ADRESL                            0000009E
ANS0                              00000000
ANS1                              00000001
ANS10                             00000002
ANS11                             00000003
ANS12                             00000004
ANS13                             00000005
ANS2                              00000002
ANS3                              00000003
ANS4                              00000004
ANS5                              00000005
ANS6                              00000006
ANS7                              00000007
ANS8                              00000000
ANS9                              00000001
ANSEL                             00000188
ANSELH                            00000189
BAUDCTL                           00000187
BCLIE                             00000003
BCLIF                             00000003
BF                                00000000
BRG0                              00000000
BRG1                              00000001
BRG10                             00000002
BRG11                             00000003
BRG12                             00000004
BRG13                             00000005
BRG14                             00000006
BRG15                             00000007
BRG16                             00000003
BRG2                              00000002
BRG3                              00000003
BRG4                              00000004
BRG5                              00000005
BRG6                              00000006
BRG7                              00000007
BRG8                              00000000
BRG9                              00000001
MPASM 5.87                      6-1POSTA.ASM   5-12-2025  16:39:16         PAGE  6


SYMBOL TABLE
  LABEL                             VALUE 

BRGH                              00000002
C                                 00000000
C1CH0                             00000000
C1CH1                             00000001
C1IE                              00000005
C1IF                              00000005
C1OE                              00000005
C1ON                              00000007
C1OUT                             00000006
C1POL                             00000004
C1R                               00000002
C1RSEL                            00000005
C1SEN                             00000005
C2CH0                             00000000
C2CH1                             00000001
C2IE                              00000006
C2IF                              00000006
C2OE                              00000005
C2ON                              00000007
C2OUT                             00000006
C2POL                             00000004
C2R                               00000002
C2REN                             00000004
C2RSEL                            00000004
C2SYNC                            00000000
CCP1CON                           00000017
CCP1IE                            00000002
CCP1IF                            00000002
CCP1M0                            00000000
CCP1M1                            00000001
CCP1M2                            00000002
CCP1M3                            00000003
CCP1X                             00000005
CCP1Y                             00000004
CCP2CON                           0000001D
CCP2IE                            00000000
CCP2IF                            00000000
CCP2M0                            00000000
CCP2M1                            00000001
CCP2M2                            00000002
CCP2M3                            00000003
CCP2X                             00000005
CCP2Y                             00000004
CCPR1                             00000015
CCPR1H                            00000016
CCPR1L                            00000015
CCPR2                             0000001B
CCPR2H                            0000001C
CCPR2L                            0000001B
CHS0                              00000002
CHS1                              00000003
CHS2                              00000004
CHS3                              00000005
MPASM 5.87                      6-1POSTA.ASM   5-12-2025  16:39:16         PAGE  7


SYMBOL TABLE
  LABEL                             VALUE 

CKE                               00000006
CKP                               00000004
CLAVE                             00000022
CM1CON0                           00000107
CM2CON0                           00000108
CM2CON1                           00000109
COUNT1                            00000020
COUNT2                            00000021
CREN                              00000004
CSRC                              00000007
D                                 00000005
DATA_ADDRESS                      00000005
DC                                00000001
DC1B0                             00000004
DC1B1                             00000005
DC2B0                             00000004
DC2B1                             00000005
DELAY_20MS                        00000078
D_A                               00000005
D_NOT_A                           00000005
ECCPAS                            0000009C
ECCPAS0                           00000004
ECCPAS1                           00000005
ECCPAS2                           00000006
ECCPASE                           00000007
EEADR                             0000010D
EEADRH                            0000010F
EECON1                            0000018C
EECON2                            0000018D
EEDAT                             0000010C
EEDATA                            0000010C
EEDATH                            0000010E
EEIE                              00000004
EEIF                              00000004
EEPGD                             00000007
F                                 00000001
FERR                              00000002
FILA1                             00000028
FILA2                             0000003C
FILA3                             00000050
FILA4                             00000064
FSR                               00000004
FVREN                             00000000
GCEN                              00000007
GIE                               00000007
GO                                00000001
GO_DONE                           00000001
GO_NOT_DONE                       00000001
HTS                               00000002
I2C_DATA                          00000005
I2C_READ                          00000002
I2C_START                         00000003
I2C_STOP                          00000004
MPASM 5.87                      6-1POSTA.ASM   5-12-2025  16:39:16         PAGE  8


SYMBOL TABLE
  LABEL                             VALUE 

INDF                              00000000
INTCON                            0000000B
INTE                              00000004
INTEDG                            00000006
INTF                              00000001
IOCB                              00000096
IOCB0                             00000000
IOCB1                             00000001
IOCB2                             00000002
IOCB3                             00000003
IOCB4                             00000004
IOCB5                             00000005
IOCB6                             00000006
IOCB7                             00000007
IRCF0                             00000004
IRCF1                             00000005
IRCF2                             00000006
IRP                               00000007
L1                                0000007A
L2                                0000007C
LTS                               00000001
MAIN                              00000014
MC1OUT                            00000007
MC2OUT                            00000006
MSK                               00000093
MSK0                              00000000
MSK1                              00000001
MSK2                              00000002
MSK3                              00000003
MSK4                              00000004
MSK5                              00000005
MSK6                              00000006
MSK7                              00000007
NOT_A                             00000005
NOT_ADDRESS                       00000005
NOT_BO                            00000000
NOT_BOR                           00000000
NOT_DONE                          00000001
NOT_PD                            00000003
NOT_POR                           00000001
NOT_RBPU                          00000007
NOT_RC8                           00000006
NOT_T1SYNC                        00000002
NOT_TO                            00000004
NOT_TX8                           00000006
NOT_W                             00000002
NOT_WRITE                         00000002
NUM0                              00000073
NUM2                              0000002D
NUM3                              00000032
NUM4                              00000037
NUM6                              00000041
NUM7                              00000046
MPASM 5.87                      6-1POSTA.ASM   5-12-2025  16:39:16         PAGE  9


SYMBOL TABLE
  LABEL                             VALUE 

NUM8                              0000004B
NUMA                              00000055
NUMB                              0000005A
NUMC                              0000005F
NUME                              00000069
NUMF                              0000006E
OERR                              00000001
OPTION_REG                        00000081
OSCCON                            0000008F
OSCTUNE                           00000090
OSFIE                             00000007
OSFIF                             00000007
OSTS                              00000003
P                                 00000004
P1M0                              00000006
P1M1                              00000007
PCL                               00000002
PCLATH                            0000000A
PCON                              0000008E
PDC0                              00000000
PDC1                              00000001
PDC2                              00000002
PDC3                              00000003
PDC4                              00000004
PDC5                              00000005
PDC6                              00000006
PEIE                              00000006
PEN                               00000002
PIE1                              0000008C
PIE2                              0000008D
PIR1                              0000000C
PIR2                              0000000D
PORTA                             00000005
PORTB                             00000006
PORTC                             00000007
PORTD                             00000008
PORTE                             00000009
PR2                               00000092
PRSEN                             00000007
PS0                               00000000
PS1                               00000001
PS2                               00000002
PSA                               00000003
PSSAC0                            00000002
PSSAC1                            00000003
PSSBD0                            00000000
PSSBD1                            00000001
PSTRCON                           0000009D
PULSR                             00000002
PULSS                             00000003
PWM1CON                           0000009B
R                                 00000002
RA0                               00000000
MPASM 5.87                      6-1POSTA.ASM   5-12-2025  16:39:16         PAGE 10


SYMBOL TABLE
  LABEL                             VALUE 

RA1                               00000001
RA2                               00000002
RA3                               00000003
RA4                               00000004
RA5                               00000005
RA6                               00000006
RA7                               00000007
RB0                               00000000
RB1                               00000001
RB2                               00000002
RB3                               00000003
RB4                               00000004
RB5                               00000005
RB6                               00000006
RB7                               00000007
RBIE                              00000003
RBIF                              00000000
RC0                               00000000
RC1                               00000001
RC2                               00000002
RC3                               00000003
RC4                               00000004
RC5                               00000005
RC6                               00000006
RC7                               00000007
RC8_9                             00000006
RC9                               00000006
RCD8                              00000000
RCEN                              00000003
RCIDL                             00000006
RCIE                              00000005
RCIF                              00000005
RCREG                             0000001A
RCSTA                             00000018
RD                                00000000
RD0                               00000000
RD1                               00000001
RD2                               00000002
RD3                               00000003
RD4                               00000004
RD5                               00000005
RD6                               00000006
RD7                               00000007
RE0                               00000000
RE1                               00000001
RE2                               00000002
RE3                               00000003
READ_WRITE                        00000002
RESULTADO                         00000030
RP0                               00000005
RP1                               00000006
RSEN                              00000001
RX9                               00000006
MPASM 5.87                      6-1POSTA.ASM   5-12-2025  16:39:16         PAGE 11


SYMBOL TABLE
  LABEL                             VALUE 

RX9D                              00000000
R_NOT_W                           00000002
R_W                               00000002
S                                 00000003
SBOREN                            00000004
SCKP                              00000004
SCS                               00000000
SEN                               00000000
SENDB                             00000003
SMP                               00000007
SPBRG                             00000099
SPBRGH                            0000009A
SPEN                              00000007
SR0                               00000006
SR1                               00000007
SRCON                             00000185
SREN                              00000005
SSPADD                            00000093
SSPBUF                            00000013
SSPCON                            00000014
SSPCON2                           00000091
SSPEN                             00000005
SSPIE                             00000003
SSPIF                             00000003
SSPM0                             00000000
SSPM1                             00000001
SSPM2                             00000002
SSPM3                             00000003
SSPMSK                            00000093
SSPOV                             00000006
SSPSTAT                           00000094
START                             00000005
STATUS                            00000003
STRA                              00000000
STRB                              00000001
STRC                              00000002
STRD                              00000003
STRSYNC                           00000004
SWDTEN                            00000000
SYNC                              00000004
T0CS                              00000005
T0IE                              00000005
T0IF                              00000002
T0SE                              00000004
T1CKPS0                           00000004
T1CKPS1                           00000005
T1CON                             00000010
T1GINV                            00000007
T1GIV                             00000007
T1GSS                             00000001
T1INSYNC                          00000002
T1OSCEN                           00000003
T1SYNC                            00000002
MPASM 5.87                      6-1POSTA.ASM   5-12-2025  16:39:16         PAGE 12


SYMBOL TABLE
  LABEL                             VALUE 

T2CKPS0                           00000000
T2CKPS1                           00000001
T2CON                             00000012
TABLA                             00000081
TESTEO_COLUMNAS                   00000018
TMR0                              00000001
TMR0IE                            00000005
TMR0IF                            00000002
TMR1                              0000000E
TMR1CS                            00000001
TMR1GE                            00000006
TMR1H                             0000000F
TMR1IE                            00000000
TMR1IF                            00000000
TMR1L                             0000000E
TMR1ON                            00000000
TMR2                              00000011
TMR2IE                            00000001
TMR2IF                            00000001
TMR2ON                            00000002
TOUTPS0                           00000003
TOUTPS1                           00000004
TOUTPS2                           00000005
TOUTPS3                           00000006
TRISA                             00000085
TRISA0                            00000000
TRISA1                            00000001
TRISA2                            00000002
TRISA3                            00000003
TRISA4                            00000004
TRISA5                            00000005
TRISA6                            00000006
TRISA7                            00000007
TRISB                             00000086
TRISB0                            00000000
TRISB1                            00000001
TRISB2                            00000002
TRISB3                            00000003
TRISB4                            00000004
TRISB5                            00000005
TRISB6                            00000006
TRISB7                            00000007
TRISC                             00000087
TRISC0                            00000000
TRISC1                            00000001
TRISC2                            00000002
TRISC3                            00000003
TRISC4                            00000004
TRISC5                            00000005
TRISC6                            00000006
TRISC7                            00000007
TRISD                             00000088
TRISD0                            00000000
MPASM 5.87                      6-1POSTA.ASM   5-12-2025  16:39:16         PAGE 13


SYMBOL TABLE
  LABEL                             VALUE 

TRISD1                            00000001
TRISD2                            00000002
TRISD3                            00000003
TRISD4                            00000004
TRISD5                            00000005
TRISD6                            00000006
TRISD7                            00000007
TRISE                             00000089
TRISE0                            00000000
TRISE1                            00000001
TRISE2                            00000002
TRISE3                            00000003
TRMT                              00000001
TUN0                              00000000
TUN1                              00000001
TUN2                              00000002
TUN3                              00000003
TUN4                              00000004
TX8_9                             00000006
TX9                               00000006
TX9D                              00000000
TXD8                              00000000
TXEN                              00000005
TXIE                              00000004
TXIF                              00000004
TXREG                             00000019
TXSTA                             00000098
UA                                00000001
ULPWUE                            00000005
ULPWUIE                           00000002
ULPWUIF                           00000002
VCFG0                             00000004
VCFG1                             00000005
VR0                               00000000
VR1                               00000001
VR2                               00000002
VR3                               00000003
VRCON                             00000097
VREN                              00000007
VROE                              00000006
VRR                               00000005
VRSS                              00000004
W                                 00000000
WCOL                              00000007
WDTCON                            00000105
WDTPS0                            00000001
WDTPS1                            00000002
WDTPS2                            00000003
WDTPS3                            00000004
WPUB                              00000095
WPUB0                             00000000
WPUB1                             00000001
WPUB2                             00000002
MPASM 5.87                      6-1POSTA.ASM   5-12-2025  16:39:16         PAGE 14


SYMBOL TABLE
  LABEL                             VALUE 

WPUB3                             00000003
WPUB4                             00000004
WPUB5                             00000005
WPUB6                             00000006
WPUB7                             00000007
WR                                00000001
WREN                              00000002
WRERR                             00000003
WUE                               00000001
Z                                 00000002
_BOR21V                           00003EFF
_BOR40V                           00003FFF
_BOR4V_BOR21V                     00003EFF
_BOR4V_BOR40V                     00003FFF
_BOREN_NSLEEP                     00003EFF
_BOREN_OFF                        00003CFF
_BOREN_ON                         00003FFF
_BOREN_SBODEN                     00003DFF
_BOR_NSLEEP                       00003EFF
_BOR_OFF                          00003CFF
_BOR_ON                           00003FFF
_BOR_SBODEN                       00003DFF
_CONFIG1                          00002007
_CONFIG2                          00002008
_CPD_OFF                          00003FFF
_CPD_ON                           00003F7F
_CP_OFF                           00003FFF
_CP_ON                            00003FBF
_DEBUG_OFF                        00003FFF
_DEBUG_ON                         00001FFF
_DEVID1                           00002006
_EC_OSC                           00003FFB
_EXTRC                            00003FFF
_EXTRCIO                          00003FFE
_EXTRC_OSC_CLKOUT                 00003FFF
_EXTRC_OSC_NOCLKOUT               00003FFE
_FCMEN_OFF                        000037FF
_FCMEN_ON                         00003FFF
_FOSC_EC                          00003FFB
_FOSC_EXTRC_CLKOUT                00003FFF
_FOSC_EXTRC_NOCLKOUT              00003FFE
_FOSC_HS                          00003FFA
_FOSC_INTRC_CLKOUT                00003FFD
_FOSC_INTRC_NOCLKOUT              00003FFC
_FOSC_LP                          00003FF8
_FOSC_XT                          00003FF9
_HS_OSC                           00003FFA
_IDLOC0                           00002000
_IDLOC1                           00002001
_IDLOC2                           00002002
_IDLOC3                           00002003
_IESO_OFF                         00003BFF
_IESO_ON                          00003FFF
MPASM 5.87                      6-1POSTA.ASM   5-12-2025  16:39:16         PAGE 15


SYMBOL TABLE
  LABEL                             VALUE 

_INTOSC                           00003FFD
_INTOSCIO                         00003FFC
_INTRC_OSC_CLKOUT                 00003FFD
_INTRC_OSC_NOCLKOUT               00003FFC
_LP_OSC                           00003FF8
_LVP_OFF                          00002FFF
_LVP_ON                           00003FFF
_MCLRE_OFF                        00003FDF
_MCLRE_ON                         00003FFF
_PWRTE_OFF                        00003FFF
_PWRTE_ON                         00003FEF
_WDTE_OFF                         00003FF7
_WDTE_ON                          00003FFF
_WDT_OFF                          00003FF7
_WDT_ON                           00003FFF
_WRT_1FOURTH                      00003BFF
_WRT_256                          00003DFF
_WRT_HALF                         000039FF
_WRT_OFF                          00003FFF
_XT_OSC                           00003FF9
__16F887                          00000001
__DEBUG                           
__MPLAB_DEBUGGER_SIMULATOR        1

Errors   :     0
Warnings :     7 reported,     0 suppressed
Messages :     7 reported,     0 suppressed

