MPASM 5.87          INTECON MULTIPLEXADO.ASM   5-3-2025  22:33:45         PAGE  1


LOC  OBJECT CODE     LINE SOURCE TEXT
  VALUE

                      00001 ;################################################################
                      00002         ;#PROYECTO:  MULTIPLEXACION CON  DISPLAY DE  SEGMENTOS
                      00003         ; AUTOR    : CASTILLO, DARÍO ALBERTO
                      00004         ; E-MAIL: DARIO.CASTILLO@MI.UNC.EDU.AR
                      00005         ;################################################################
                      00006         LIST P=16F887
                      00007         #INCLUDE "p16F887.inc"
                      00001         LIST
                      00002 
                      00003 ;==========================================================================
                      00004 ; Build date : Jan 06 2020
                      00005 ;  MPASM PIC16F887 processor include
                      00006 ; 
                      00007 ;  (c) Copyright 1999-2020 Microchip Technology, All rights reserved
                      00008 ;==========================================================================
                      00009 
                      00810         LIST
2007   2FF4           00008         __CONFIG _CONFIG1, _FOSC_INTRC_NOCLKOUT & _WDTE_OFF & _MCLRE_ON & _LVP_OFF
                      00009     ; -----------------------------------------------VARIABLES------------------------------------------
                            ----------------------------
                      00010     
  00000020            00011 CONT_UNIDAD             EQU             0x20            ;PARA VER SI CONTO HASTA 10 LA UNIDAD Y LUEGO PA
                            SAR A DECENA
  00000021            00012 CONT_DECENAS            EQU             0x21            ;PARA VER SI CONTO HASTA 10 LA DECENA Y LUEGO PA
                            SAR A CENTENA
  00000022            00013 CONT_CENTENAS           EQU             0x22
                      00014 
  00000023            00015 COUNT1                  EQU             0x23            ;CONT 1  Y 2 DE LOS DELAY
  00000024            00016 COUNT2                  EQU             0x24
                      00017 
  00000025            00018 UNIDAD                  EQU             0x25             ;REGISTRO QUE CONTIENE EL NUMERO BCD  DE LA UNI
                            DAD
  00000026            00019 DECENAS                 EQU             0x26            ;REGISTRO QUE CONTIENE EL NUMERO BCD  DE LA DECE
                            NA
  00000027            00020 CENTENAS                        EQU             0x27
                      00021                 ;REGISTRO QUE CONTIENE EL NUMERO BCD  DE LA CENTENA
  00000028            00022 CUENTADEC               EQU             0x28            ;LLEVAR LA CUENTA DE QUE NUMERO DE DECENA VA
  00000029            00023 CUENTACEN               EQU             0x29            ;;LLEVAR LA CUENTA DE QUE NUMERO DE CENTENA VA
                      00024     ; --------------------------------------------------------------------------------------------------
                            ----------------------------------
  00000040            00025 ESTADO                  EQU             0x40
  00000041            00026 DOBLEV                  EQU             0X41
                      00027 
                      00028         ORG                     0X00
0000   2???           00029         GOTO                    START
                      00030         ORG                     0X04
0004   2???           00031         GOTO                    INTERRUPCION
                      00032         
                      00033         ORG                      0x05
                      00034         
                      00035     ;  ########################################################################################
0005                  00036 START:
                      00037         ;-----------------------------------------------CONFIGURACION DE PUERTOS------------------------
MPASM 5.87          INTECON MULTIPLEXADO.ASM   5-3-2025  22:33:45         PAGE  2


LOC  OBJECT CODE     LINE SOURCE TEXT
  VALUE

                            ------------------
0005   1683 1703      00038         BANKSEL                 ANSEL
Message[302]: Register in operand not in bank 0.  Ensure that bank bits are correct.
0007   0188           00039         CLRF                    ANSEL                           ; DESACTIVAR ENTRADAS ANALOGICAS
Message[302]: Register in operand not in bank 0.  Ensure that bank bits are correct.
0008   0189           00040         CLRF                    ANSELH
0009   1683 1303      00041         BANKSEL                 TRISC
Message[302]: Register in operand not in bank 0.  Ensure that bank bits are correct.
000B   1009           00042         BCF                     TRISE,0                          ; PORTE COMO SALIDA
Message[302]: Register in operand not in bank 0.  Ensure that bank bits are correct.
000C   1089           00043         BCF                     TRISE,1
Message[302]: Register in operand not in bank 0.  Ensure that bank bits are correct.
000D   1109           00044         BCF                     TRISE,2
Message[302]: Register in operand not in bank 0.  Ensure that bank bits are correct.
000E   0185           00045         CLRF                    TRISA   
Message[302]: Register in operand not in bank 0.  Ensure that bank bits are correct.
000F   1406           00046         BSF                     TRISB,0                           ;PIN 0 PORTD COMO ENTRADA
                      00047         
                      00048         ;---------------------CONFIGURO INT-------------------------
                      00049     
0010   1683 1303      00050         BANKSEL OPTION_REG     
Message[302]: Register in operand not in bank 0.  Ensure that bank bits are correct.
0012   1301           00051         BCF             OPTION_REG, INTEDG       ;SELEECION EL FLANCO. INTERRUPCION POR FLANCO DESCENDEN
                            TE CON O
                      00052                                                  ;CUANDO PULSO PULSADOR  SE VA A TIERRA
0013   1283 1303      00053         BANKSEL         PORTA
0015   108B           00054         BCF             INTCON,INTF         ;BORRA FLAG INTERRUPCION DEL RBO  DE FLANCO
0016   178B           00055         BSF             INTCON,7                    ;SETEA     GIE  GLOBAL5
0017   160B           00056         BSF             INTCON,INTE                 ;SETEA INTE PARA INTERRUOCION DEL RBO POR FLANCO DES
                            CENDENTE}
                      00057         ;-----------------------------------------------------------------
0018   1283 1303      00058         BANKSEL                 PORTA
001A   0185           00059         CLRF                    PORTA
001B   0189           00060         CLRF                    PORTE
                      00061         ;------------------------------------------- --INICIALIZACION DE REGISTROS----------------------
                            -----------------
001C   01A0           00062         CLRF                    CONT_UNIDAD ;20
001D   01A1           00063         CLRF                    CONT_DECENAS;21
001E   01A2           00064         CLRF                    CONT_CENTENAS;22
001F   300A           00065         MOVLW                   b'00001010'     
0020   00A0           00066         MOVWF                   CONT_UNIDAD                     ;PARA VER SI CONTO HASTA 10 EL BUCLE DE 
                            UNIDADES
0021   00A1           00067         MOVWF                   CONT_DECENAS
0022   00A2           00068         MOVWF                   CONT_CENTENAS
                      00069         ;-----------------------------------------------------------------------------------------------
                            ---------------------------
0023   01A5           00070         CLRF                    UNIDAD          ;40             ;LIMPIO REGISTROS QUE CONTENDRAN NUMERO 
                            BCD
0024   01A6           00071         CLRF                    DECENAS;44;
0025   01A7           00072         CLRF                    CENTENAS;42
                      00073         
                      00074         ;-----------------------------------------------------------------------------------------------
                            ---------------------------
MPASM 5.87          INTECON MULTIPLEXADO.ASM   5-3-2025  22:33:45         PAGE  3


LOC  OBJECT CODE     LINE SOURCE TEXT
  VALUE

                      00075                                  ;INICIALIZO EN  0 LA CUENTA NUMERO DE DECENAS Y CENTENAS
0026   01A8           00076         CLRF                    CUENTADEC;28
0027   01A9           00077         CLRF                    CUENTACEN       ;29
                      00078 ;------------------------------------TABLA DE NUMEROS BCD A PARTIR DEL REGISTRO 0x46   -----------------
                            ---------------------------
0028   302B           00079         MOVLW                   0x2B                            ;POSICION INICIAL
0029   0084           00080         MOVWF                   FSR
002A   307E           00081         MOVLW                   0x7E                            ; NUMERO ' 0'  EN BCD
002B   0080           00082         MOVWF                   INDF
002C   0A84           00083         INCF                    FSR,1
002D   3030           00084         MOVLW                   0x30                            ; NUMERO  ' 1'  EN BCD
002E   0080           00085         MOVWF                   INDF
002F   0A84           00086         INCF                    FSR,1
0030   306D           00087         MOVLW                   0x6D                             ; NUMERO  ' 2'  EN BCD
0031   0080           00088         MOVWF                   INDF
0032   0A84           00089         INCF                    FSR,1
0033   3079           00090         MOVLW                   0x79                            ; NUMERO  ' 3'  EN BCD
0034   0080           00091         MOVWF                   INDF
0035   0A84           00092         INCF                    FSR,1
0036   3033           00093         MOVLW                   0x33                            ; NUMERO  '4'  EN BCD
0037   0080           00094         MOVWF                   INDF
0038   0A84           00095         INCF                    FSR,1
0039   305B           00096         MOVLW                   0x5B                             ; NUMERO  '5'  EN BCD
003A   0080           00097         MOVWF                   INDF
003B   0A84           00098         INCF                    FSR,1
003C   305F           00099         MOVLW                   0x5F                             ; NUMERO  '6'  EN BCD
003D   0080           00100         MOVWF                   INDF
003E   0A84           00101         INCF                    FSR,1
003F   3072           00102         MOVLW                   0x72                             ; NUMERO  '7'  EN BCD
0040   0080           00103         MOVWF                   INDF
0041   0A84           00104         INCF                    FSR,1
0042   307F           00105         MOVLW                   0x7F                             ; NUMERO  '8'  EN BCD
0043   0080           00106         MOVWF                   INDF
0044   0A84           00107         INCF                    FSR,1
0045   3073           00108         MOVLW                   0x73                            ; NUMERO  '9'  EN BCD
0046   0080           00109         MOVWF                   INDF
                      00110         ;---------------------------------------------INICIALIZO  FSR EN POSICION INICIAL---------------
                            -------------------------------
0047   302B           00111         MOVLW                   0x2B
0048   0084           00112         MOVWF                   FSR
                      00113         
                      00114         
                      00115         
0049   2???           00116         CALL                    MULTIPLEXADO
004A   2???           00117         GOTO $-1
                      00118         ; #######################################################################
                      00119         ;##########################     FUNCION PRINCIPAL   ##########################
                      00120         ;########################################################################
                      00121 
                      00122 ; ######################################
                      00123 ; MULTIPLEXADO
                      00124 ; ######################################
004B                  00125 MULTIPLEXADO:
MPASM 5.87          INTECON MULTIPLEXADO.ASM   5-3-2025  22:33:45         PAGE  4


LOC  OBJECT CODE     LINE SOURCE TEXT
  VALUE

                      00126     ; Mostrar CENTENAS
004B   3003           00127     MOVLW       b'00000011'         ; Activar display de centenas
004C   0089           00128     MOVWF       PORTE
                      00129     ;CLRF        PORTB
004D   0827           00130     MOVF        CENTENAS, W         ; Cargar valor de CENTENAS en W
004E   0085           00131     MOVWF       PORTA
004F   2???           00132     CALL        DELAY_20MS
                      00133 
                      00134     ; Mostrar UNIDAD
0050   3005           00135     MOVLW       b'00000101'         ; Activar display de unidad
0051   0089           00136     MOVWF       PORTE
                      00137    ; CLRF        PORTB
0052   0826           00138     MOVF        DECENAS, W           ; Cargar valor de UNIDAD en W
0053   0085           00139     MOVWF       PORTA
0054   2???           00140     CALL        DELAY_20MS
                      00141     
                      00142     ; Mostrar DECENAS
0055   3006           00143     MOVLW       b'00000110'         ; Activar display de decenas
0056   0089           00144     MOVWF       PORTE
                      00145     ;CLRF        PORTB
0057   0825           00146     MOVF        UNIDAD, W          ; Cargar valor de DECENAS en W
0058   0085           00147     MOVWF       PORTA
0059   2???           00148     CALL        DELAY_20MS
                      00149 
005A   0008           00150     RETURN
                      00151 
                      00152         ;################################################################################
                      00153 
005B                  00154 INCREMENTAR:
                      00155 ; ---------------------------------------INCREMENTAR UNIDAD----------------------------
                      00156 
005B   0A84           00157         INCF                    FSR,1
005C   01A5           00158         CLRF                    UNIDAD                          ; LIMPIAR REGISTRO UNIDAD
005D   0800           00159         MOVF                    INDF,W
005E   00A5           00160         MOVWF                   UNIDAD                          ;CARGO DATO EN UNIDAD
005F   0BA0           00161         DECFSZ                  CONT_UNIDAD, 1
0060   0008           00162         RETURN                                                  ; Si CONT_UNIDAD  ES 0 , TERMINAR
0061   2???           00163         GOTO                    AUMENTAR_DECENAS
0062                  00164 AUMENTAR_DECENAS:
                      00165         
0062   01A6           00166     CLRF DECENAS ;44
                      00167 
                      00168                                         ; LIMPIAR REGISTRO DECENA
0063   300A           00169         MOVLW                   .10                                 
0064   00A0           00170         MOVWF                   CONT_UNIDAD                      ;INICIALIZO BUCLE DE UNIDAD
0065   0AA8           00171         INCF                    CUENTADEC,1                      ;AUMENTO DECENA +1
0066   302B           00172         MOVLW                   0x2B    
0067   0084           00173         MOVWF                   FSR
0068   0800           00174         MOVF                    INDF,W
0069   00A5           00175         MOVWF                   UNIDAD                           ;INICIALIZO DISPLAY DE UNIDAD CON EL 0
006A   0804           00176         MOVF                    FSR,W
006B   0728           00177         ADDWF                   CUENTADEC,0                      ;LA DIRECCION DE FSR + CUENTADEC -- NO 
                            FUNCIONO EN DEBUG
MPASM 5.87          INTECON MULTIPLEXADO.ASM   5-3-2025  22:33:45         PAGE  5


LOC  OBJECT CODE     LINE SOURCE TEXT
  VALUE

006C   0084           00178         MOVWF                   FSR                             ;ES EL NUMERO QUE TIENE QUE TENER LA DEC
                            ENA
006D   0800           00179         MOVF                    INDF,W
006E   00A6           00180         MOVWF                   DECENAS                          ;CARGO DATO EN DECENAS
006F   302B           00181         MOVLW                   0x2B                             ;VUELVO A INICIALIZAR FSR
0070   0084           00182         MOVWF                   FSR
0071   0BA1           00183         DECFSZ                  CONT_DECENAS, 1
0072   0008           00184         RETURN                                            ; Si CONT_DECENAS ES 0  , TERMINAR
0073   2???           00185         GOTO                    AUMENTAR_CENTENAS
0074                  00186 AUMENTAR_CENTENAS:
                      00187         
                      00188     
0074   01A7           00189         CLRF                    CENTENAS                                 ; LIMPIAR REGISTRO DECENA
0075   300A           00190         MOVLW                   .10     
0076   00A1           00191         MOVWF                   CONT_DECENAS                    ;INICIALIZO BUCLE DE DECENAS
0077   00A0           00192         MOVWF                   CONT_UNIDAD                        ;INICIALIZO BUCLE DE UNIDAD
0078   01A8           00193         CLRF                    CUENTADEC       
0079   0AA9           00194         INCF                    CUENTACEN,1                      ;AUMENTO CENTENA +1
007A   302B           00195         MOVLW                   0x2B
007B   0084           00196         MOVWF                   FSR
007C   0800           00197         MOVF                    INDF,W
007D   00A5           00198         MOVWF                   UNIDAD
007E   00A6           00199         MOVWF                   DECENAS                           ;INICIALIZO DISPLAY DE DECENAS CON EL 
                            0
007F   0804           00200         MOVF                    FSR,W
0080   0729           00201         ADDWF                   CUENTACEN,0                      ;LA DIRECCION DE FSR + CUENTACEN
0081   0084           00202         MOVWF                   FSR                              ;ES EL NUMERO QUE TIENE QUE TENER LA CE
                            NTENA
0082   0800           00203         MOVF                    INDF,W
0083   00A7           00204         MOVWF                   CENTENAS                                   ;CARGO DATO EN CENTENAS
0084   0BA2           00205         DECFSZ                  CONT_CENTENAS, 1
0085   0008           00206         RETURN                                                   ; Si CONT_CENTENAS  ES 0  , TERMINAR
0086   300A           00207         MOVLW  .10
0087   00A1           00208         MOVWF                   CONT_DECENAS                    ;INICIALIZO BUCLE DE DECENAS
0088   00A0           00209         MOVWF                   CONT_UNIDAD
0089   00A2           00210         MOVWF                   CONT_CENTENAS
008A   01A9           00211         CLRF                    CUENTACEN
008B   2???           00212         GOTO INCREMENTAR
                      00213         ;################################################################################
                      00214 
                      00215         
                      00216         
008C                  00217 INTERRUPCION:
008C   108B           00218    BCF          INTCON,INTF     ;LIMPIO FLAG. ESTE ES DE INTERRUPCION DEL RB0 POR FLANCO DESCENDENTE
                      00219     ; ----------------------GUARDO CONTEXTO-------------------------
008D   00C1           00220     MOVWF               DOBLEV
008E   0E03           00221     SWAPF               STATUS,W
008F   00C0           00222     MOVWF               ESTADO
                      00223     ;------------------------;ANTIREBOTE
                      00224   
                      00225     ;----LOGICA INTERRUPCION-----------
                      00226 
0090   2???           00227     CALL                ANTIREBOTE
MPASM 5.87          INTECON MULTIPLEXADO.ASM   5-3-2025  22:33:45         PAGE  6


LOC  OBJECT CODE     LINE SOURCE TEXT
  VALUE

                      00228     
                      00229     ;----------------CARGO CONTEXTO-----------
0091                  00230 CONTEXTO:
0091   0E40           00231     SWAPF               ESTADO,W
0092   0083           00232     MOVWF               STATUS
0093   0EC1           00233     SWAPF               DOBLEV,1
0094   0E41           00234     SWAPF               DOBLEV,0
                      00235     
                      00236     ;---------------.VUELVO------------------
0095   0009           00237     RETFIE
0096                  00238 ANTIREBOTE:
0096   2???           00239     CALL                DELAY_50MS
0097   1806           00240     BTFSC               PORTB,0             ;
0098   0008           00241     RETURN      
                      00242     
0099   2???           00243     CALL                INCREMENTAR
009A   0008           00244     RETURN
009B                  00245 DELAY_20MS:
009B   3004           00246         MOVLW                   .4                      ; Ajustar COUNT1 para lograr 20 ms
009C   00A3           00247         MOVWF                   COUNT1
009D                  00248 P1:
009D   3032           00249         MOVLW                   .50                             ; COUNT2 sigue en 50
009E   00A4           00250         MOVWF                   COUNT2
009F                  00251 P2:
009F   0BA4           00252         DECFSZ                  COUNT2, F                               ; Reducir COUNT2 hasta cero
00A0   2???           00253         GOTO                    P2
00A1   0BA3           00254         DECFSZ                  COUNT1, F                               ; Reducir COUNT1 hasta cero
00A2   2???           00255         GOTO                    P1
00A3   0008           00256         RETURN
                      00257         
                      00258         
00A4                  00259 DELAY_50MS:   
00A4   30FA           00260     MOVLW       .250            ; Ajustar COUNT1 para lograr 1 segundo
00A5   00A3           00261     MOVWF       COUNT1          ; Carga COUNT1 con el valor inicial
00A6                  00262 D1:
00A6   30FA           00263     MOVLW       .250            ; Ajustar COUNT2, controla ciclos internos
00A7   00A4           00264     MOVWF       COUNT2          ; Carga COUNT2 con el valor inicial
00A8                  00265 D2:
00A8   0BA4           00266     DECFSZ      COUNT2, F       ; Reducir COUNT2 hasta cero
00A9   2???           00267     GOTO        D2
00AA   0BA3           00268     DECFSZ      COUNT1, F       ; Reducir COUNT1 hasta cero
00AB   2???           00269     GOTO        D1
00AC   0008           00270     RETURN
                      00271     
                      00272     
                      00273     
                      00274     
                      00275     
                      00276     
                      00277     
                      00278     
                      00279     
                      00280     
MPASM 5.87          INTECON MULTIPLEXADO.ASM   5-3-2025  22:33:45         PAGE  7


LOC  OBJECT CODE     LINE SOURCE TEXT
  VALUE

                      00281     
                      00282     
                      00283     
                      00284     
                      00285     
2FF4                  00286         END
MPASM 5.87          INTECON MULTIPLEXADO.ASM   5-3-2025  22:33:45         PAGE  8


SYMBOL TABLE
  LABEL                             VALUE 

ABDEN                             00000000
ABDOVF                            00000007
ACKDT                             00000005
ACKEN                             00000004
ACKSTAT                           00000006
ADCON0                            0000001F
ADCON1                            0000009F
ADCS0                             00000006
ADCS1                             00000007
ADDEN                             00000003
ADFM                              00000007
ADIE                              00000006
ADIF                              00000006
ADON                              00000000
ADRESH                            0000001E
ADRESL                            0000009E
ANS0                              00000000
ANS1                              00000001
ANS10                             00000002
ANS11                             00000003
ANS12                             00000004
ANS13                             00000005
ANS2                              00000002
ANS3                              00000003
ANS4                              00000004
ANS5                              00000005
ANS6                              00000006
ANS7                              00000007
ANS8                              00000000
ANS9                              00000001
ANSEL                             00000188
ANSELH                            00000189
ANTIREBOTE                        00000096
AUMENTAR_CENTENAS                 00000074
AUMENTAR_DECENAS                  00000062
BAUDCTL                           00000187
BCLIE                             00000003
BCLIF                             00000003
BF                                00000000
BRG0                              00000000
BRG1                              00000001
BRG10                             00000002
BRG11                             00000003
BRG12                             00000004
BRG13                             00000005
BRG14                             00000006
BRG15                             00000007
BRG16                             00000003
BRG2                              00000002
BRG3                              00000003
BRG4                              00000004
BRG5                              00000005
BRG6                              00000006
MPASM 5.87          INTECON MULTIPLEXADO.ASM   5-3-2025  22:33:45         PAGE  9


SYMBOL TABLE
  LABEL                             VALUE 

BRG7                              00000007
BRG8                              00000000
BRG9                              00000001
BRGH                              00000002
C                                 00000000
C1CH0                             00000000
C1CH1                             00000001
C1IE                              00000005
C1IF                              00000005
C1OE                              00000005
C1ON                              00000007
C1OUT                             00000006
C1POL                             00000004
C1R                               00000002
C1RSEL                            00000005
C1SEN                             00000005
C2CH0                             00000000
C2CH1                             00000001
C2IE                              00000006
C2IF                              00000006
C2OE                              00000005
C2ON                              00000007
C2OUT                             00000006
C2POL                             00000004
C2R                               00000002
C2REN                             00000004
C2RSEL                            00000004
C2SYNC                            00000000
CCP1CON                           00000017
CCP1IE                            00000002
CCP1IF                            00000002
CCP1M0                            00000000
CCP1M1                            00000001
CCP1M2                            00000002
CCP1M3                            00000003
CCP1X                             00000005
CCP1Y                             00000004
CCP2CON                           0000001D
CCP2IE                            00000000
CCP2IF                            00000000
CCP2M0                            00000000
CCP2M1                            00000001
CCP2M2                            00000002
CCP2M3                            00000003
CCP2X                             00000005
CCP2Y                             00000004
CCPR1                             00000015
CCPR1H                            00000016
CCPR1L                            00000015
CCPR2                             0000001B
CCPR2H                            0000001C
CCPR2L                            0000001B
CENTENAS                          00000027
MPASM 5.87          INTECON MULTIPLEXADO.ASM   5-3-2025  22:33:45         PAGE 10


SYMBOL TABLE
  LABEL                             VALUE 

CHS0                              00000002
CHS1                              00000003
CHS2                              00000004
CHS3                              00000005
CKE                               00000006
CKP                               00000004
CM1CON0                           00000107
CM2CON0                           00000108
CM2CON1                           00000109
CONTEXTO                          00000091
CONT_CENTENAS                     00000022
CONT_DECENAS                      00000021
CONT_UNIDAD                       00000020
COUNT1                            00000023
COUNT2                            00000024
CREN                              00000004
CSRC                              00000007
CUENTACEN                         00000029
CUENTADEC                         00000028
D                                 00000005
D1                                000000A6
D2                                000000A8
DATA_ADDRESS                      00000005
DC                                00000001
DC1B0                             00000004
DC1B1                             00000005
DC2B0                             00000004
DC2B1                             00000005
DECENAS                           00000026
DELAY_20MS                        0000009B
DELAY_50MS                        000000A4
DOBLEV                            00000041
D_A                               00000005
D_NOT_A                           00000005
ECCPAS                            0000009C
ECCPAS0                           00000004
ECCPAS1                           00000005
ECCPAS2                           00000006
ECCPASE                           00000007
EEADR                             0000010D
EEADRH                            0000010F
EECON1                            0000018C
EECON2                            0000018D
EEDAT                             0000010C
EEDATA                            0000010C
EEDATH                            0000010E
EEIE                              00000004
EEIF                              00000004
EEPGD                             00000007
ESTADO                            00000040
F                                 00000001
FERR                              00000002
FSR                               00000004
MPASM 5.87          INTECON MULTIPLEXADO.ASM   5-3-2025  22:33:45         PAGE 11


SYMBOL TABLE
  LABEL                             VALUE 

FVREN                             00000000
GCEN                              00000007
GIE                               00000007
GO                                00000001
GO_DONE                           00000001
GO_NOT_DONE                       00000001
HTS                               00000002
I2C_DATA                          00000005
I2C_READ                          00000002
I2C_START                         00000003
I2C_STOP                          00000004
INCREMENTAR                       0000005B
INDF                              00000000
INTCON                            0000000B
INTE                              00000004
INTEDG                            00000006
INTERRUPCION                      0000008C
INTF                              00000001
IOCB                              00000096
IOCB0                             00000000
IOCB1                             00000001
IOCB2                             00000002
IOCB3                             00000003
IOCB4                             00000004
IOCB5                             00000005
IOCB6                             00000006
IOCB7                             00000007
IRCF0                             00000004
IRCF1                             00000005
IRCF2                             00000006
IRP                               00000007
LTS                               00000001
MC1OUT                            00000007
MC2OUT                            00000006
MSK                               00000093
MSK0                              00000000
MSK1                              00000001
MSK2                              00000002
MSK3                              00000003
MSK4                              00000004
MSK5                              00000005
MSK6                              00000006
MSK7                              00000007
MULTIPLEXADO                      0000004B
NOT_A                             00000005
NOT_ADDRESS                       00000005
NOT_BO                            00000000
NOT_BOR                           00000000
NOT_DONE                          00000001
NOT_PD                            00000003
NOT_POR                           00000001
NOT_RBPU                          00000007
NOT_RC8                           00000006
MPASM 5.87          INTECON MULTIPLEXADO.ASM   5-3-2025  22:33:45         PAGE 12


SYMBOL TABLE
  LABEL                             VALUE 

NOT_T1SYNC                        00000002
NOT_TO                            00000004
NOT_TX8                           00000006
NOT_W                             00000002
NOT_WRITE                         00000002
OERR                              00000001
OPTION_REG                        00000081
OSCCON                            0000008F
OSCTUNE                           00000090
OSFIE                             00000007
OSFIF                             00000007
OSTS                              00000003
P                                 00000004
P1                                0000009D
P1M0                              00000006
P1M1                              00000007
P2                                0000009F
PCL                               00000002
PCLATH                            0000000A
PCON                              0000008E
PDC0                              00000000
PDC1                              00000001
PDC2                              00000002
PDC3                              00000003
PDC4                              00000004
PDC5                              00000005
PDC6                              00000006
PEIE                              00000006
PEN                               00000002
PIE1                              0000008C
PIE2                              0000008D
PIR1                              0000000C
PIR2                              0000000D
PORTA                             00000005
PORTB                             00000006
PORTC                             00000007
PORTD                             00000008
PORTE                             00000009
PR2                               00000092
PRSEN                             00000007
PS0                               00000000
PS1                               00000001
PS2                               00000002
PSA                               00000003
PSSAC0                            00000002
PSSAC1                            00000003
PSSBD0                            00000000
PSSBD1                            00000001
PSTRCON                           0000009D
PULSR                             00000002
PULSS                             00000003
PWM1CON                           0000009B
R                                 00000002
MPASM 5.87          INTECON MULTIPLEXADO.ASM   5-3-2025  22:33:45         PAGE 13


SYMBOL TABLE
  LABEL                             VALUE 

RA0                               00000000
RA1                               00000001
RA2                               00000002
RA3                               00000003
RA4                               00000004
RA5                               00000005
RA6                               00000006
RA7                               00000007
RB0                               00000000
RB1                               00000001
RB2                               00000002
RB3                               00000003
RB4                               00000004
RB5                               00000005
RB6                               00000006
RB7                               00000007
RBIE                              00000003
RBIF                              00000000
RC0                               00000000
RC1                               00000001
RC2                               00000002
RC3                               00000003
RC4                               00000004
RC5                               00000005
RC6                               00000006
RC7                               00000007
RC8_9                             00000006
RC9                               00000006
RCD8                              00000000
RCEN                              00000003
RCIDL                             00000006
RCIE                              00000005
RCIF                              00000005
RCREG                             0000001A
RCSTA                             00000018
RD                                00000000
RD0                               00000000
RD1                               00000001
RD2                               00000002
RD3                               00000003
RD4                               00000004
RD5                               00000005
RD6                               00000006
RD7                               00000007
RE0                               00000000
RE1                               00000001
RE2                               00000002
RE3                               00000003
READ_WRITE                        00000002
RP0                               00000005
RP1                               00000006
RSEN                              00000001
RX9                               00000006
MPASM 5.87          INTECON MULTIPLEXADO.ASM   5-3-2025  22:33:45         PAGE 14


SYMBOL TABLE
  LABEL                             VALUE 

RX9D                              00000000
R_NOT_W                           00000002
R_W                               00000002
S                                 00000003
SBOREN                            00000004
SCKP                              00000004
SCS                               00000000
SEN                               00000000
SENDB                             00000003
SMP                               00000007
SPBRG                             00000099
SPBRGH                            0000009A
SPEN                              00000007
SR0                               00000006
SR1                               00000007
SRCON                             00000185
SREN                              00000005
SSPADD                            00000093
SSPBUF                            00000013
SSPCON                            00000014
SSPCON2                           00000091
SSPEN                             00000005
SSPIE                             00000003
SSPIF                             00000003
SSPM0                             00000000
SSPM1                             00000001
SSPM2                             00000002
SSPM3                             00000003
SSPMSK                            00000093
SSPOV                             00000006
SSPSTAT                           00000094
START                             00000005
STATUS                            00000003
STRA                              00000000
STRB                              00000001
STRC                              00000002
STRD                              00000003
STRSYNC                           00000004
SWDTEN                            00000000
SYNC                              00000004
T0CS                              00000005
T0IE                              00000005
T0IF                              00000002
T0SE                              00000004
T1CKPS0                           00000004
T1CKPS1                           00000005
T1CON                             00000010
T1GINV                            00000007
T1GIV                             00000007
T1GSS                             00000001
T1INSYNC                          00000002
T1OSCEN                           00000003
T1SYNC                            00000002
MPASM 5.87          INTECON MULTIPLEXADO.ASM   5-3-2025  22:33:45         PAGE 15


SYMBOL TABLE
  LABEL                             VALUE 

T2CKPS0                           00000000
T2CKPS1                           00000001
T2CON                             00000012
TMR0                              00000001
TMR0IE                            00000005
TMR0IF                            00000002
TMR1                              0000000E
TMR1CS                            00000001
TMR1GE                            00000006
TMR1H                             0000000F
TMR1IE                            00000000
TMR1IF                            00000000
TMR1L                             0000000E
TMR1ON                            00000000
TMR2                              00000011
TMR2IE                            00000001
TMR2IF                            00000001
TMR2ON                            00000002
TOUTPS0                           00000003
TOUTPS1                           00000004
TOUTPS2                           00000005
TOUTPS3                           00000006
TRISA                             00000085
TRISA0                            00000000
TRISA1                            00000001
TRISA2                            00000002
TRISA3                            00000003
TRISA4                            00000004
TRISA5                            00000005
TRISA6                            00000006
TRISA7                            00000007
TRISB                             00000086
TRISB0                            00000000
TRISB1                            00000001
TRISB2                            00000002
TRISB3                            00000003
TRISB4                            00000004
TRISB5                            00000005
TRISB6                            00000006
TRISB7                            00000007
TRISC                             00000087
TRISC0                            00000000
TRISC1                            00000001
TRISC2                            00000002
TRISC3                            00000003
TRISC4                            00000004
TRISC5                            00000005
TRISC6                            00000006
TRISC7                            00000007
TRISD                             00000088
TRISD0                            00000000
TRISD1                            00000001
TRISD2                            00000002
MPASM 5.87          INTECON MULTIPLEXADO.ASM   5-3-2025  22:33:45         PAGE 16


SYMBOL TABLE
  LABEL                             VALUE 

TRISD3                            00000003
TRISD4                            00000004
TRISD5                            00000005
TRISD6                            00000006
TRISD7                            00000007
TRISE                             00000089
TRISE0                            00000000
TRISE1                            00000001
TRISE2                            00000002
TRISE3                            00000003
TRMT                              00000001
TUN0                              00000000
TUN1                              00000001
TUN2                              00000002
TUN3                              00000003
TUN4                              00000004
TX8_9                             00000006
TX9                               00000006
TX9D                              00000000
TXD8                              00000000
TXEN                              00000005
TXIE                              00000004
TXIF                              00000004
TXREG                             00000019
TXSTA                             00000098
UA                                00000001
ULPWUE                            00000005
ULPWUIE                           00000002
ULPWUIF                           00000002
UNIDAD                            00000025
VCFG0                             00000004
VCFG1                             00000005
VR0                               00000000
VR1                               00000001
VR2                               00000002
VR3                               00000003
VRCON                             00000097
VREN                              00000007
VROE                              00000006
VRR                               00000005
VRSS                              00000004
W                                 00000000
WCOL                              00000007
WDTCON                            00000105
WDTPS0                            00000001
WDTPS1                            00000002
WDTPS2                            00000003
WDTPS3                            00000004
WPUB                              00000095
WPUB0                             00000000
WPUB1                             00000001
WPUB2                             00000002
WPUB3                             00000003
MPASM 5.87          INTECON MULTIPLEXADO.ASM   5-3-2025  22:33:45         PAGE 17


SYMBOL TABLE
  LABEL                             VALUE 

WPUB4                             00000004
WPUB5                             00000005
WPUB6                             00000006
WPUB7                             00000007
WR                                00000001
WREN                              00000002
WRERR                             00000003
WUE                               00000001
Z                                 00000002
_.org_2_004A                      0000004A
_BOR21V                           00003EFF
_BOR40V                           00003FFF
_BOR4V_BOR21V                     00003EFF
_BOR4V_BOR40V                     00003FFF
_BOREN_NSLEEP                     00003EFF
_BOREN_OFF                        00003CFF
_BOREN_ON                         00003FFF
_BOREN_SBODEN                     00003DFF
_BOR_NSLEEP                       00003EFF
_BOR_OFF                          00003CFF
_BOR_ON                           00003FFF
_BOR_SBODEN                       00003DFF
_CONFIG1                          00002007
_CONFIG2                          00002008
_CPD_OFF                          00003FFF
_CPD_ON                           00003F7F
_CP_OFF                           00003FFF
_CP_ON                            00003FBF
_DEBUG_OFF                        00003FFF
_DEBUG_ON                         00001FFF
_DEVID1                           00002006
_EC_OSC                           00003FFB
_EXTRC                            00003FFF
_EXTRCIO                          00003FFE
_EXTRC_OSC_CLKOUT                 00003FFF
_EXTRC_OSC_NOCLKOUT               00003FFE
_FCMEN_OFF                        000037FF
_FCMEN_ON                         00003FFF
_FOSC_EC                          00003FFB
_FOSC_EXTRC_CLKOUT                00003FFF
_FOSC_EXTRC_NOCLKOUT              00003FFE
_FOSC_HS                          00003FFA
_FOSC_INTRC_CLKOUT                00003FFD
_FOSC_INTRC_NOCLKOUT              00003FFC
_FOSC_LP                          00003FF8
_FOSC_XT                          00003FF9
_HS_OSC                           00003FFA
_IDLOC0                           00002000
_IDLOC1                           00002001
_IDLOC2                           00002002
_IDLOC3                           00002003
_IESO_OFF                         00003BFF
_IESO_ON                          00003FFF
MPASM 5.87          INTECON MULTIPLEXADO.ASM   5-3-2025  22:33:45         PAGE 18


SYMBOL TABLE
  LABEL                             VALUE 

_INTOSC                           00003FFD
_INTOSCIO                         00003FFC
_INTRC_OSC_CLKOUT                 00003FFD
_INTRC_OSC_NOCLKOUT               00003FFC
_LP_OSC                           00003FF8
_LVP_OFF                          00002FFF
_LVP_ON                           00003FFF
_MCLRE_OFF                        00003FDF
_MCLRE_ON                         00003FFF
_PWRTE_OFF                        00003FFF
_PWRTE_ON                         00003FEF
_WDTE_OFF                         00003FF7
_WDTE_ON                          00003FFF
_WDT_OFF                          00003FF7
_WDT_ON                           00003FFF
_WRT_1FOURTH                      00003BFF
_WRT_256                          00003DFF
_WRT_HALF                         000039FF
_WRT_OFF                          00003FFF
_XT_OSC                           00003FF9
__16F887                          00000001

Errors   :     0
Warnings :     0 reported,     0 suppressed
Messages :     8 reported,     0 suppressed

