MPASM 5.87          TECLADO-MULTIPLEXADO.ASM   5-20-2025  15:50:47         PAGE  1


LOC  OBJECT CODE     LINE SOURCE TEXT
  VALUE

                      00001 ;################################################################
                      00002         ;#PROYECTO:  MULTIPLEXACION CON  DISPLAY DE  SEGMENTOS
                      00003         ; AUTOR    : CASTILLO, DARÍO ALBERTO
                      00004         ; E-MAIL: DARIO.CASTILLO@MI.UNC.EDU.AR
                      00005         ;################################################################
                      00006         LIST P=16F887
                      00007         #INCLUDE "p16F887.inc"
                      00001         LIST
                      00002 
                      00003 ;==========================================================================
                      00004 ; Build date : Jan 06 2020
                      00005 ;  MPASM PIC16F887 processor include
                      00006 ; 
                      00007 ;  (c) Copyright 1999-2020 Microchip Technology, All rights reserved
                      00008 ;==========================================================================
                      00009 
                      00810         LIST
2007   2FF4           00008         __CONFIG _CONFIG1, _FOSC_INTRC_NOCLKOUT & _WDTE_OFF & _MCLRE_ON & _LVP_OFF
                      00009     ; -----------------------------------------------VARIABLES------------------------------------------
                            ----------------------------
                      00010     
  00000020            00011 COUNT1                  EQU             0x20            ;CONT 1  Y 2 DE LOS DELAY
  00000021            00012 COUNT2                  EQU             0x21
  00000022            00013 ESTADO                  EQU             0x22
  00000023            00014 DOBLEV                  EQU             0X23
  00000024            00015 CLAVE                   EQU             0X24    
  00000025            00016 UNIDAD                  EQU             0X25
  00000026            00017 DECENA                  EQU             0X26
  00000027            00018 CENTENA                 EQU             0X27
                      00019         ORG                     0X00
0000   2???           00020         GOTO                    START
                      00021         ;ORG                    0X04
                      00022         ;GOTO                   INTERRUPCION
                      00023         
                      00024         ORG                      0x05
                      00025         
                      00026     ;  ########################################################################################
0005                  00027 START:
                      00028         ;-----------------------------------------------CONFIGURACION DE PUERTOS------------------------
                            ------------------
0005   1683 1703      00029     BANKSEL             ANSEL
Message[302]: Register in operand not in bank 0.  Ensure that bank bits are correct.
0007   0188           00030     CLRF                ANSEL                           ; DESACTIVAR ENTRADAS ANALOGICAS
Message[302]: Register in operand not in bank 0.  Ensure that bank bits are correct.
0008   0189           00031     CLRF                ANSELH
0009   1683 1303      00032     BANKSEL             TRISC
Message[302]: Register in operand not in bank 0.  Ensure that bank bits are correct.
000B   1009           00033     BCF         TRISE,0                          ; PORTE COMO SALIDA
Message[302]: Register in operand not in bank 0.  Ensure that bank bits are correct.
000C   1089           00034     BCF         TRISE,1
Message[302]: Register in operand not in bank 0.  Ensure that bank bits are correct.
000D   1109           00035     BCF         TRISE,2
Message[302]: Register in operand not in bank 0.  Ensure that bank bits are correct.
MPASM 5.87          TECLADO-MULTIPLEXADO.ASM   5-20-2025  15:50:47         PAGE  2


LOC  OBJECT CODE     LINE SOURCE TEXT
  VALUE

000E   0185           00036     CLRF                TRISA   ;saldia display
000F   30F0           00037     MOVLW               B'11110000'
Message[302]: Register in operand not in bank 0.  Ensure that bank bits are correct.
0010   0086           00038     MOVWF               TRISB
                      00039 
0011   1283 1303      00040     BANKSEL             PORTA
0013   0185           00041     CLRF                PORTA
0014   0189           00042     CLRF                PORTE
0015   0186           00043     CLRF                PORTB
                      00044 
0016   300D           00045     MOVLW               .13
0017   00A5           00046     MOVWF               UNIDAD
0018   00A6           00047     MOVWF       DECENA
0019   00A7           00048     MOVWF       CENTENA
                      00049         
001A                  00050 MAIN:
                      00051    
001A   2???           00052     CALL                MULTIPLEXADO_DISPLAY
                      00053     
001B   2???           00054     GOTO                MAIN
                      00055         
001C                  00056 CARGAR_DIGITOS:
                      00057     
001C   2???           00058     CALL DELAY_50MS
001D   2???           00059     CALL DELAY_50MS
001E   2???           00060    CALL DELAY_50MS
001F   2???           00061     CALL DELAY_50MS
0020   2???           00062      CALL DELAY_50MS
0021   2???           00063     CALL DELAY_50MS
0022   01A7           00064     CLRF                CENTENA
0023   0826           00065     MOVF                DECENA, W
0024   00A7           00066     MOVWF               CENTENA
                      00067     
0025   01A6           00068     CLRF                DECENA
0026   0825           00069     MOVF                UNIDAD,W
0027   00A6           00070     MOVWF               DECENA
                      00071     
0028   01A5           00072     CLRF                UNIDAD
0029   0824           00073     MOVF                CLAVE, W
002A   00A5           00074     MOVWF               UNIDAD
002B   01A4           00075     CLRF                CLAVE
                      00076                 
002C   0008           00077     RETURN      
002D                  00078 MULTIPLEXADO_COLUMNAS:
002D   3001           00079     MOVLW               B'00000001'
002E   0086           00080     MOVWF               PORTB
002F   2???           00081     CALL                FILA1
0030   3002           00082     MOVLW               B'00000010'
0031   0086           00083     MOVWF               PORTB
0032   2???           00084       CALL              FILA2
0033   3004           00085     MOVLW               B'00000100'
0034   0086           00086     MOVWF               PORTB
0035   2???           00087       CALL              FILA3
MPASM 5.87          TECLADO-MULTIPLEXADO.ASM   5-20-2025  15:50:47         PAGE  3


LOC  OBJECT CODE     LINE SOURCE TEXT
  VALUE

0036   3008           00088     MOVLW               B'00001000'
0037   0086           00089     MOVWF               PORTB
0038   2???           00090     CALL                FILA4   
0039   0008           00091     RETURN
003A                  00092 MULTIPLEXADO_DISPLAY:
                      00093     ; Mostrar UNIDAD
003A   3001           00094     MOVLW                b'00000001'         ; Activar display de unidad
003B   0089           00095     MOVWF               PORTE
003C   2???           00096     CALL                MULTIPLEXADO_COLUMNAS
003D   0825           00097     MOVF                UNIDAD, W           ; Cargar valor de UNIDAD en W
003E   2???           00098     CALL                TABLA
003F   0085           00099     MOVWF               PORTA
0040   2???           00100     CALL                DELAY_20MS
                      00101      ; Mostrar DECENAS
0041   3002           00102     MOVLW               b'00000010'         ; Activar display de decenas
0042   0089           00103     MOVWF               PORTE
0043   2???           00104    CALL         MULTIPLEXADO_COLUMNAS
0044   0826           00105     MOVF                DECENA, W          ; Cargar valor de DECENAS en W
0045   2???           00106     CALL                TABLA
0046   0085           00107     MOVWF               PORTA
0047   2???           00108     CALL                DELAY_20MS
                      00109     ; Mostrar CENTENAS
0048   3004           00110     MOVLW                b'00000100'         ; Activar display de centenas
0049   0089           00111     MOVWF               PORTE
004A   2???           00112      CALL               MULTIPLEXADO_COLUMNAS
004B   0827           00113     MOVF                CENTENA, W         ; Cargar valor de CENTENAS en W
004C   2???           00114     CALL                TABLA
004D   0085           00115     MOVWF               PORTA
004E   2???           00116     CALL                DELAY_20MS
                      00117 
                      00118    
004F   0008           00119     RETURN
                      00120 
                      00121         
                      00122         
                      00123      ;-----------------TECLADOO-------------
0050                  00124 FILA1:
0050   1E06           00125     BTFSS               PORTB,4
0051   2???           00126     GOTO                NUM2
0052   3000           00127     MOVLW               .0
0053   00A4           00128     MOVWF               CLAVE
0054   2???           00129    CALL         CARGAR_DIGITOS
0055   0008           00130     RETURN
0056                  00131 NUM2:
0056   1E86           00132             BTFSS       PORTB,5
0057   2???           00133             GOTO        NUM3
0058   3001           00134             MOVLW       .1
0059   00A4           00135             MOVWF       CLAVE
005A   2???           00136             CALL        CARGAR_DIGITOS
005B   0008           00137             RETURN              
005C                  00138 NUM3:
005C   1F06           00139             BTFSS       PORTB,6
005D   2???           00140             GOTO        NUM4
MPASM 5.87          TECLADO-MULTIPLEXADO.ASM   5-20-2025  15:50:47         PAGE  4


LOC  OBJECT CODE     LINE SOURCE TEXT
  VALUE

005E   3002           00141             MOVLW       .2
005F   00A4           00142             MOVWF       CLAVE
0060   2???           00143             CALL                CARGAR_DIGITOS
0061   0008           00144             RETURN
0062                  00145 NUM4:
0062   1F86           00146             BTFSS       PORTB,7
0063   2???           00147             GOTO        FILA2
0064   3003           00148             MOVLW       .3
0065   00A4           00149             MOVWF       CLAVE
0066   2???           00150            CALL         CARGAR_DIGITOS
0067   0008           00151             RETURN
0068                  00152 FILA2:
0068   1E06           00153     BTFSS               PORTB,4
0069   2???           00154     GOTO                NUM6
006A   3004           00155     MOVLW               .4
006B   00A4           00156     MOVWF               CLAVE
006C   2???           00157     CALL                CARGAR_DIGITOS
006D   0008           00158     RETURN
006E                  00159 NUM6:
006E   1E86           00160         BTFSS   PORTB,5
006F   2???           00161         GOTO    NUM7
0070   3005           00162         MOVLW   .5
0071   00A4           00163         MOVWF   CLAVE
0072   2???           00164         CALL            CARGAR_DIGITOS
0073   0008           00165         RETURN
0074                  00166 NUM7:
0074   1F06           00167         BTFSS   PORTB,6
0075   2???           00168         GOTO    NUM8
0076   3006           00169         MOVLW   .6
0077   00A4           00170         MOVWF   CLAVE
0078   2???           00171         CALL            CARGAR_DIGITOS
0079   0008           00172         RETURN
007A                  00173 NUM8:
007A   1F86           00174         BTFSS   PORTB,7
007B   2???           00175         GOTO    FILA3
007C   3007           00176         MOVLW   .7
007D   00A4           00177         MOVWF   CLAVE
007E   2???           00178         CALL            CARGAR_DIGITOS
007F   0008           00179         RETURN
0080                  00180 FILA3:
0080   1E06           00181     BTFSS               PORTB,4
0081   2???           00182     GOTO                NUMA
0082   3008           00183     MOVLW               .8
0083   00A4           00184     MOVWF               CLAVE
0084   2???           00185   CALL          CARGAR_DIGITOS
0085   0008           00186     RETURN
0086                  00187 NUMA:
0086   1E86           00188         BTFSS   PORTB,5
0087   2???           00189         GOTO    NUMB
0088   3009           00190         MOVLW   .9
0089   00A4           00191         MOVWF   CLAVE
008A   2???           00192         CALL            CARGAR_DIGITOS
008B   0008           00193         RETURN
MPASM 5.87          TECLADO-MULTIPLEXADO.ASM   5-20-2025  15:50:47         PAGE  5


LOC  OBJECT CODE     LINE SOURCE TEXT
  VALUE

008C                  00194 NUMB:
008C   1F06           00195         BTFSS   PORTB,6
008D   2???           00196         GOTO    NUMC
008E   300A           00197         MOVLW   .10
008F   00A4           00198         MOVWF   CLAVE
0090   2???           00199         CALL            CARGAR_DIGITOS
0091   0008           00200         RETURN
0092                  00201 NUMC:
0092   1F86           00202         BTFSS   PORTB,7
0093   2???           00203         GOTO    FILA4
0094   300B           00204         MOVLW   .11
0095   00A4           00205         MOVWF   CLAVE
0096   2???           00206         CALL            CARGAR_DIGITOS
0097   0008           00207         RETURN
0098                  00208 FILA4:
0098   1E06           00209     BTFSS               PORTB,4
0099   2???           00210     GOTO                NUME
009A   300C           00211     MOVLW               .12
009B   00A4           00212     MOVWF               CLAVE
009C   2???           00213    CALL         CARGAR_DIGITOS
009D   0008           00214     RETURN
009E                  00215 NUME:
009E   1E86           00216         BTFSS   PORTB,5
009F   2???           00217         GOTO    NUMF
00A0   300D           00218         MOVLW   .13
00A1   00A4           00219         MOVWF   CLAVE
00A2   2???           00220         CALL            CARGAR_DIGITOS
00A3   0008           00221         RETURN
00A4                  00222 NUMF:
00A4   1F06           00223         BTFSS   PORTB,6
00A5   2???           00224         GOTO    NUM0
00A6   300E           00225         MOVLW   .14
00A7   00A4           00226         MOVWF   CLAVE
00A8   2???           00227         CALL            CARGAR_DIGITOS
00A9   0008           00228         RETURN
00AA                  00229 NUM0:
00AA   1F86           00230         BTFSS   PORTB,7
00AB   0008           00231         RETURN
00AC   300F           00232         MOVLW   .15
00AD   00A4           00233         MOVWF   CLAVE
00AE   2???           00234         CALL            CARGAR_DIGITOS
00AF   0008           00235         RETURN
                      00236 
                      00237 
00B0                  00238 TABLA:
00B0   0782           00239     ADDWF               PCL,F
00B1   3470           00240     RETLW               0x70 ;7
00B2   347F           00241     RETLW                0x7F ;8
00B3   3473           00242     RETLW                0x73;9
00B4   347D           00243     RETLW               B'1111101'
                      00244    
00B5   3433           00245     RETLW               0x33;4
00B6   345B           00246     RETLW                0x5B;5
MPASM 5.87          TECLADO-MULTIPLEXADO.ASM   5-20-2025  15:50:47         PAGE  6


LOC  OBJECT CODE     LINE SOURCE TEXT
  VALUE

00B7   345F           00247     RETLW               0x5F;6
00B8   341F           00248     RETLW               B'0011111'
                      00249     
00B9   3430           00250     RETLW               0x30;1
00BA   346D           00251     RETLW               0x6D;2
00BB   3479           00252     RETLW               0x79;3
00BC   344E           00253      RETLW              B'1001110'
                      00254      
00BD   343D           00255     RETLW               B'0111101'
00BE   347E           00256     RETLW               B'1111110'
00BF   344F           00257     RETLW               B'1001111'
00C0   3447           00258     RETLW               B'1000111'
00C1                  00259 DELAY_20MS:
00C1   3032           00260     MOVLW               .50                     ; Ajustar COUNT1 para lograr 20 ms
00C2   00A0           00261     MOVWF               COUNT1
00C3                  00262 P1:
00C3   3064           00263     MOVLW               .100                            ; COUNT2 sigue en 50
00C4   00A1           00264     MOVWF               COUNT2
00C5                  00265 P2:
00C5   0BA1           00266     DECFSZ              COUNT2, F                               ; Reducir COUNT2 hasta cero
00C6   2???           00267     GOTO                P2
00C7   0BA0           00268     DECFSZ              COUNT1, F                               ; Reducir COUNT1 hasta cero
00C8   2???           00269     GOTO                P1
00C9   0008           00270     RETURN
                      00271         
                      00272         
00CA                  00273 DELAY_50MS:   
00CA   30FA           00274     MOVLW                 .250            ; Ajustar COUNT1 para lograr 1 segundo
00CB   00A0           00275     MOVWF                COUNT1          ; Carga COUNT1 con el valor inicial
00CC                  00276 D1:
00CC   30FA           00277     MOVLW                  .250            ; Ajustar COUNT2, controla ciclos internos
00CD   00A1           00278     MOVWF               COUNT2          ; Carga COUNT2 con el valor inicial
00CE                  00279 D2:
00CE   0BA1           00280     DECFSZ              COUNT2, F       ; Reducir COUNT2 hasta cero
00CF   2???           00281     GOTO                D2
00D0   0BA0           00282     DECFSZ              COUNT1, F       ; Reducir COUNT1 hasta cero
00D1   2???           00283     GOTO                D1
00D2   0008           00284     RETURN
                      00285     
2FF4                  00286     END
MPASM 5.87          TECLADO-MULTIPLEXADO.ASM   5-20-2025  15:50:47         PAGE  7


SYMBOL TABLE
  LABEL                             VALUE 

ABDEN                             00000000
ABDOVF                            00000007
ACKDT                             00000005
ACKEN                             00000004
ACKSTAT                           00000006
ADCON0                            0000001F
ADCON1                            0000009F
ADCS0                             00000006
ADCS1                             00000007
ADDEN                             00000003
ADFM                              00000007
ADIE                              00000006
ADIF                              00000006
ADON                              00000000
ADRESH                            0000001E
ADRESL                            0000009E
ANS0                              00000000
ANS1                              00000001
ANS10                             00000002
ANS11                             00000003
ANS12                             00000004
ANS13                             00000005
ANS2                              00000002
ANS3                              00000003
ANS4                              00000004
ANS5                              00000005
ANS6                              00000006
ANS7                              00000007
ANS8                              00000000
ANS9                              00000001
ANSEL                             00000188
ANSELH                            00000189
BAUDCTL                           00000187
BCLIE                             00000003
BCLIF                             00000003
BF                                00000000
BRG0                              00000000
BRG1                              00000001
BRG10                             00000002
BRG11                             00000003
BRG12                             00000004
BRG13                             00000005
BRG14                             00000006
BRG15                             00000007
BRG16                             00000003
BRG2                              00000002
BRG3                              00000003
BRG4                              00000004
BRG5                              00000005
BRG6                              00000006
BRG7                              00000007
BRG8                              00000000
BRG9                              00000001
MPASM 5.87          TECLADO-MULTIPLEXADO.ASM   5-20-2025  15:50:47         PAGE  8


SYMBOL TABLE
  LABEL                             VALUE 

BRGH                              00000002
C                                 00000000
C1CH0                             00000000
C1CH1                             00000001
C1IE                              00000005
C1IF                              00000005
C1OE                              00000005
C1ON                              00000007
C1OUT                             00000006
C1POL                             00000004
C1R                               00000002
C1RSEL                            00000005
C1SEN                             00000005
C2CH0                             00000000
C2CH1                             00000001
C2IE                              00000006
C2IF                              00000006
C2OE                              00000005
C2ON                              00000007
C2OUT                             00000006
C2POL                             00000004
C2R                               00000002
C2REN                             00000004
C2RSEL                            00000004
C2SYNC                            00000000
CARGAR_DIGITOS                    0000001C
CCP1CON                           00000017
CCP1IE                            00000002
CCP1IF                            00000002
CCP1M0                            00000000
CCP1M1                            00000001
CCP1M2                            00000002
CCP1M3                            00000003
CCP1X                             00000005
CCP1Y                             00000004
CCP2CON                           0000001D
CCP2IE                            00000000
CCP2IF                            00000000
CCP2M0                            00000000
CCP2M1                            00000001
CCP2M2                            00000002
CCP2M3                            00000003
CCP2X                             00000005
CCP2Y                             00000004
CCPR1                             00000015
CCPR1H                            00000016
CCPR1L                            00000015
CCPR2                             0000001B
CCPR2H                            0000001C
CCPR2L                            0000001B
CENTENA                           00000027
CHS0                              00000002
CHS1                              00000003
MPASM 5.87          TECLADO-MULTIPLEXADO.ASM   5-20-2025  15:50:47         PAGE  9


SYMBOL TABLE
  LABEL                             VALUE 

CHS2                              00000004
CHS3                              00000005
CKE                               00000006
CKP                               00000004
CLAVE                             00000024
CM1CON0                           00000107
CM2CON0                           00000108
CM2CON1                           00000109
COUNT1                            00000020
COUNT2                            00000021
CREN                              00000004
CSRC                              00000007
D                                 00000005
D1                                000000CC
D2                                000000CE
DATA_ADDRESS                      00000005
DC                                00000001
DC1B0                             00000004
DC1B1                             00000005
DC2B0                             00000004
DC2B1                             00000005
DECENA                            00000026
DELAY_20MS                        000000C1
DELAY_50MS                        000000CA
DOBLEV                            00000023
D_A                               00000005
D_NOT_A                           00000005
ECCPAS                            0000009C
ECCPAS0                           00000004
ECCPAS1                           00000005
ECCPAS2                           00000006
ECCPASE                           00000007
EEADR                             0000010D
EEADRH                            0000010F
EECON1                            0000018C
EECON2                            0000018D
EEDAT                             0000010C
EEDATA                            0000010C
EEDATH                            0000010E
EEIE                              00000004
EEIF                              00000004
EEPGD                             00000007
ESTADO                            00000022
F                                 00000001
FERR                              00000002
FILA1                             00000050
FILA2                             00000068
FILA3                             00000080
FILA4                             00000098
FSR                               00000004
FVREN                             00000000
GCEN                              00000007
GIE                               00000007
MPASM 5.87          TECLADO-MULTIPLEXADO.ASM   5-20-2025  15:50:47         PAGE 10


SYMBOL TABLE
  LABEL                             VALUE 

GO                                00000001
GO_DONE                           00000001
GO_NOT_DONE                       00000001
HTS                               00000002
I2C_DATA                          00000005
I2C_READ                          00000002
I2C_START                         00000003
I2C_STOP                          00000004
INDF                              00000000
INTCON                            0000000B
INTE                              00000004
INTEDG                            00000006
INTF                              00000001
IOCB                              00000096
IOCB0                             00000000
IOCB1                             00000001
IOCB2                             00000002
IOCB3                             00000003
IOCB4                             00000004
IOCB5                             00000005
IOCB6                             00000006
IOCB7                             00000007
IRCF0                             00000004
IRCF1                             00000005
IRCF2                             00000006
IRP                               00000007
LTS                               00000001
MAIN                              0000001A
MC1OUT                            00000007
MC2OUT                            00000006
MSK                               00000093
MSK0                              00000000
MSK1                              00000001
MSK2                              00000002
MSK3                              00000003
MSK4                              00000004
MSK5                              00000005
MSK6                              00000006
MSK7                              00000007
MULTIPLEXADO_COLUMNAS             0000002D
MULTIPLEXADO_DISPLAY              0000003A
NOT_A                             00000005
NOT_ADDRESS                       00000005
NOT_BO                            00000000
NOT_BOR                           00000000
NOT_DONE                          00000001
NOT_PD                            00000003
NOT_POR                           00000001
NOT_RBPU                          00000007
NOT_RC8                           00000006
NOT_T1SYNC                        00000002
NOT_TO                            00000004
NOT_TX8                           00000006
MPASM 5.87          TECLADO-MULTIPLEXADO.ASM   5-20-2025  15:50:47         PAGE 11


SYMBOL TABLE
  LABEL                             VALUE 

NOT_W                             00000002
NOT_WRITE                         00000002
NUM0                              000000AA
NUM2                              00000056
NUM3                              0000005C
NUM4                              00000062
NUM6                              0000006E
NUM7                              00000074
NUM8                              0000007A
NUMA                              00000086
NUMB                              0000008C
NUMC                              00000092
NUME                              0000009E
NUMF                              000000A4
OERR                              00000001
OPTION_REG                        00000081
OSCCON                            0000008F
OSCTUNE                           00000090
OSFIE                             00000007
OSFIF                             00000007
OSTS                              00000003
P                                 00000004
P1                                000000C3
P1M0                              00000006
P1M1                              00000007
P2                                000000C5
PCL                               00000002
PCLATH                            0000000A
PCON                              0000008E
PDC0                              00000000
PDC1                              00000001
PDC2                              00000002
PDC3                              00000003
PDC4                              00000004
PDC5                              00000005
PDC6                              00000006
PEIE                              00000006
PEN                               00000002
PIE1                              0000008C
PIE2                              0000008D
PIR1                              0000000C
PIR2                              0000000D
PORTA                             00000005
PORTB                             00000006
PORTC                             00000007
PORTD                             00000008
PORTE                             00000009
PR2                               00000092
PRSEN                             00000007
PS0                               00000000
PS1                               00000001
PS2                               00000002
PSA                               00000003
MPASM 5.87          TECLADO-MULTIPLEXADO.ASM   5-20-2025  15:50:47         PAGE 12


SYMBOL TABLE
  LABEL                             VALUE 

PSSAC0                            00000002
PSSAC1                            00000003
PSSBD0                            00000000
PSSBD1                            00000001
PSTRCON                           0000009D
PULSR                             00000002
PULSS                             00000003
PWM1CON                           0000009B
R                                 00000002
RA0                               00000000
RA1                               00000001
RA2                               00000002
RA3                               00000003
RA4                               00000004
RA5                               00000005
RA6                               00000006
RA7                               00000007
RB0                               00000000
RB1                               00000001
RB2                               00000002
RB3                               00000003
RB4                               00000004
RB5                               00000005
RB6                               00000006
RB7                               00000007
RBIE                              00000003
RBIF                              00000000
RC0                               00000000
RC1                               00000001
RC2                               00000002
RC3                               00000003
RC4                               00000004
RC5                               00000005
RC6                               00000006
RC7                               00000007
RC8_9                             00000006
RC9                               00000006
RCD8                              00000000
RCEN                              00000003
RCIDL                             00000006
RCIE                              00000005
RCIF                              00000005
RCREG                             0000001A
RCSTA                             00000018
RD                                00000000
RD0                               00000000
RD1                               00000001
RD2                               00000002
RD3                               00000003
RD4                               00000004
RD5                               00000005
RD6                               00000006
RD7                               00000007
MPASM 5.87          TECLADO-MULTIPLEXADO.ASM   5-20-2025  15:50:47         PAGE 13


SYMBOL TABLE
  LABEL                             VALUE 

RE0                               00000000
RE1                               00000001
RE2                               00000002
RE3                               00000003
READ_WRITE                        00000002
RP0                               00000005
RP1                               00000006
RSEN                              00000001
RX9                               00000006
RX9D                              00000000
R_NOT_W                           00000002
R_W                               00000002
S                                 00000003
SBOREN                            00000004
SCKP                              00000004
SCS                               00000000
SEN                               00000000
SENDB                             00000003
SMP                               00000007
SPBRG                             00000099
SPBRGH                            0000009A
SPEN                              00000007
SR0                               00000006
SR1                               00000007
SRCON                             00000185
SREN                              00000005
SSPADD                            00000093
SSPBUF                            00000013
SSPCON                            00000014
SSPCON2                           00000091
SSPEN                             00000005
SSPIE                             00000003
SSPIF                             00000003
SSPM0                             00000000
SSPM1                             00000001
SSPM2                             00000002
SSPM3                             00000003
SSPMSK                            00000093
SSPOV                             00000006
SSPSTAT                           00000094
START                             00000005
STATUS                            00000003
STRA                              00000000
STRB                              00000001
STRC                              00000002
STRD                              00000003
STRSYNC                           00000004
SWDTEN                            00000000
SYNC                              00000004
T0CS                              00000005
T0IE                              00000005
T0IF                              00000002
T0SE                              00000004
MPASM 5.87          TECLADO-MULTIPLEXADO.ASM   5-20-2025  15:50:47         PAGE 14


SYMBOL TABLE
  LABEL                             VALUE 

T1CKPS0                           00000004
T1CKPS1                           00000005
T1CON                             00000010
T1GINV                            00000007
T1GIV                             00000007
T1GSS                             00000001
T1INSYNC                          00000002
T1OSCEN                           00000003
T1SYNC                            00000002
T2CKPS0                           00000000
T2CKPS1                           00000001
T2CON                             00000012
TABLA                             000000B0
TMR0                              00000001
TMR0IE                            00000005
TMR0IF                            00000002
TMR1                              0000000E
TMR1CS                            00000001
TMR1GE                            00000006
TMR1H                             0000000F
TMR1IE                            00000000
TMR1IF                            00000000
TMR1L                             0000000E
TMR1ON                            00000000
TMR2                              00000011
TMR2IE                            00000001
TMR2IF                            00000001
TMR2ON                            00000002
TOUTPS0                           00000003
TOUTPS1                           00000004
TOUTPS2                           00000005
TOUTPS3                           00000006
TRISA                             00000085
TRISA0                            00000000
TRISA1                            00000001
TRISA2                            00000002
TRISA3                            00000003
TRISA4                            00000004
TRISA5                            00000005
TRISA6                            00000006
TRISA7                            00000007
TRISB                             00000086
TRISB0                            00000000
TRISB1                            00000001
TRISB2                            00000002
TRISB3                            00000003
TRISB4                            00000004
TRISB5                            00000005
TRISB6                            00000006
TRISB7                            00000007
TRISC                             00000087
TRISC0                            00000000
TRISC1                            00000001
MPASM 5.87          TECLADO-MULTIPLEXADO.ASM   5-20-2025  15:50:47         PAGE 15


SYMBOL TABLE
  LABEL                             VALUE 

TRISC2                            00000002
TRISC3                            00000003
TRISC4                            00000004
TRISC5                            00000005
TRISC6                            00000006
TRISC7                            00000007
TRISD                             00000088
TRISD0                            00000000
TRISD1                            00000001
TRISD2                            00000002
TRISD3                            00000003
TRISD4                            00000004
TRISD5                            00000005
TRISD6                            00000006
TRISD7                            00000007
TRISE                             00000089
TRISE0                            00000000
TRISE1                            00000001
TRISE2                            00000002
TRISE3                            00000003
TRMT                              00000001
TUN0                              00000000
TUN1                              00000001
TUN2                              00000002
TUN3                              00000003
TUN4                              00000004
TX8_9                             00000006
TX9                               00000006
TX9D                              00000000
TXD8                              00000000
TXEN                              00000005
TXIE                              00000004
TXIF                              00000004
TXREG                             00000019
TXSTA                             00000098
UA                                00000001
ULPWUE                            00000005
ULPWUIE                           00000002
ULPWUIF                           00000002
UNIDAD                            00000025
VCFG0                             00000004
VCFG1                             00000005
VR0                               00000000
VR1                               00000001
VR2                               00000002
VR3                               00000003
VRCON                             00000097
VREN                              00000007
VROE                              00000006
VRR                               00000005
VRSS                              00000004
W                                 00000000
WCOL                              00000007
MPASM 5.87          TECLADO-MULTIPLEXADO.ASM   5-20-2025  15:50:47         PAGE 16


SYMBOL TABLE
  LABEL                             VALUE 

WDTCON                            00000105
WDTPS0                            00000001
WDTPS1                            00000002
WDTPS2                            00000003
WDTPS3                            00000004
WPUB                              00000095
WPUB0                             00000000
WPUB1                             00000001
WPUB2                             00000002
WPUB3                             00000003
WPUB4                             00000004
WPUB5                             00000005
WPUB6                             00000006
WPUB7                             00000007
WR                                00000001
WREN                              00000002
WRERR                             00000003
WUE                               00000001
Z                                 00000002
_BOR21V                           00003EFF
_BOR40V                           00003FFF
_BOR4V_BOR21V                     00003EFF
_BOR4V_BOR40V                     00003FFF
_BOREN_NSLEEP                     00003EFF
_BOREN_OFF                        00003CFF
_BOREN_ON                         00003FFF
_BOREN_SBODEN                     00003DFF
_BOR_NSLEEP                       00003EFF
_BOR_OFF                          00003CFF
_BOR_ON                           00003FFF
_BOR_SBODEN                       00003DFF
_CONFIG1                          00002007
_CONFIG2                          00002008
_CPD_OFF                          00003FFF
_CPD_ON                           00003F7F
_CP_OFF                           00003FFF
_CP_ON                            00003FBF
_DEBUG_OFF                        00003FFF
_DEBUG_ON                         00001FFF
_DEVID1                           00002006
_EC_OSC                           00003FFB
_EXTRC                            00003FFF
_EXTRCIO                          00003FFE
_EXTRC_OSC_CLKOUT                 00003FFF
_EXTRC_OSC_NOCLKOUT               00003FFE
_FCMEN_OFF                        000037FF
_FCMEN_ON                         00003FFF
_FOSC_EC                          00003FFB
_FOSC_EXTRC_CLKOUT                00003FFF
_FOSC_EXTRC_NOCLKOUT              00003FFE
_FOSC_HS                          00003FFA
_FOSC_INTRC_CLKOUT                00003FFD
_FOSC_INTRC_NOCLKOUT              00003FFC
MPASM 5.87          TECLADO-MULTIPLEXADO.ASM   5-20-2025  15:50:47         PAGE 17


SYMBOL TABLE
  LABEL                             VALUE 

_FOSC_LP                          00003FF8
_FOSC_XT                          00003FF9
_HS_OSC                           00003FFA
_IDLOC0                           00002000
_IDLOC1                           00002001
_IDLOC2                           00002002
_IDLOC3                           00002003
_IESO_OFF                         00003BFF
_IESO_ON                          00003FFF
_INTOSC                           00003FFD
_INTOSCIO                         00003FFC
_INTRC_OSC_CLKOUT                 00003FFD
_INTRC_OSC_NOCLKOUT               00003FFC
_LP_OSC                           00003FF8
_LVP_OFF                          00002FFF
_LVP_ON                           00003FFF
_MCLRE_OFF                        00003FDF
_MCLRE_ON                         00003FFF
_PWRTE_OFF                        00003FFF
_PWRTE_ON                         00003FEF
_WDTE_OFF                         00003FF7
_WDTE_ON                          00003FFF
_WDT_OFF                          00003FF7
_WDT_ON                           00003FFF
_WRT_1FOURTH                      00003BFF
_WRT_256                          00003DFF
_WRT_HALF                         000039FF
_WRT_OFF                          00003FFF
_XT_OSC                           00003FF9
__16F887                          00000001

Errors   :     0
Warnings :     0 reported,     0 suppressed
Messages :     7 reported,     0 suppressed

