MPASM 5.87                           ADC.ASM   5-20-2025  15:35:29         PAGE  1


LOC  OBJECT CODE     LINE SOURCE TEXT
  VALUE

                      00001 ; ** Encabezado **
                      00002     LIST P=16F887
                      00003     #include "p16f887.inc"              
                      00001         LIST
                      00002 
                      00003 ;==========================================================================
                      00004 ; Build date : Jan 06 2020
                      00005 ;  MPASM PIC16F887 processor include
                      00006 ; 
                      00007 ;  (c) Copyright 1999-2020 Microchip Technology, All rights reserved
                      00008 ;==========================================================================
                      00009 
                      00810         LIST
2007   2FF4           00004     __CONFIG _CONFIG1, _FOSC_INTRC_NOCLKOUT & _WDTE_OFF & _MCLRE_ON & _LVP_OFF
                      00005     ;----------------------------VARIABLES------------------------------------------------
  00000020            00006 CONTADOR1       EQU              0x20               ;delay      
  00000021            00007 CONTADOR2       EQU              0x21               ;delay
  00000023            00008 ESTADO          EQU              0X23
  00000024            00009 DOBLEV          EQU              0X24
                      00010 
                      00011     ORG         0x00
0000   2???           00012     GOTO                START
                      00013     ORG         0X04
0004   2???           00014     GOTO                INTERRUPCION
                      00015     ORG         0x05
                      00016     
0005   2???           00017     GOTO START
0006                  00018 START:
0006   1683 1703      00019     BANKSEL             ANSEL
Message[302]: Register in operand not in bank 0.  Ensure that bank bits are correct.
0008   0189           00020     CLRF                ANSELH
0009   3001           00021     MOVLW               B'00000001'
Message[302]: Register in operand not in bank 0.  Ensure that bank bits are correct.
000A   0088           00022     MOVWF               ANSEL
000B   1683 1303      00023     BANKSEL             TRISA
                      00024     ;----------------------------LEDS DE PEATON
Message[302]: Register in operand not in bank 0.  Ensure that bank bits are correct.
000D   0187           00025     CLRF                TRISC           ;UNICO QUE NO TIENE ENTRADA ANALOGICA
Message[302]: Register in operand not in bank 0.  Ensure that bank bits are correct.
000E   1405           00026     BSF         TRISA,0         ;ENTRADA ANALOGICA ANS0
                      00027 
                      00028 
000F   1283 1303      00029     BANKSEL             INTCON          ;BANCO 1
0011   178B           00030     BSF         INTCON,GIE      ;HABILITO EL GIE
                      00031     ;-------------CONFIG PARA TIMER-------------
0012   110B           00032     BCF         INTCON,T0IF         ;BORRO FLAG DE TIMER
0013   168B           00033     BSF         INTCON,T0IE         ;HABILITO INTERRUPCION TIMER
                      00034     
0014   1683 1303      00035    BANKSEL              OPTION_REG
Message[302]: Register in operand not in bank 0.  Ensure that bank bits are correct.
0016   1281           00036     BCF         OPTION_REG,T0CS  ;SELECCIONO TIMER POR CONTADOR DE INSTRUCCIONES
                      00037     ;-----CONGIGURO PRESCALER----
Message[302]: Register in operand not in bank 0.  Ensure that bank bits are correct.
MPASM 5.87                           ADC.ASM   5-20-2025  15:35:29         PAGE  2


LOC  OBJECT CODE     LINE SOURCE TEXT
  VALUE

0017   1401           00038     BSF         OPTION_REG,PS0
Message[302]: Register in operand not in bank 0.  Ensure that bank bits are correct.
0018   1481           00039     BSF         OPTION_REG,PS1
Message[302]: Register in operand not in bank 0.  Ensure that bank bits are correct.
0019   1501           00040     BSF         OPTION_REG,PS2
Message[302]: Register in operand not in bank 0.  Ensure that bank bits are correct.
001A   1181           00041     BCF         OPTION_REG, PSA   ; asignar prescaler al TIMER0
Message[302]: Register in operand not in bank 0.  Ensure that bank bits are correct.
001B   1701           00042     BSF         OPTION_REG, INTEDG 
Message[302]: Register in operand not in bank 0.  Ensure that bank bits are correct.
001C   1201           00043     BCF         OPTION_REG,T0SE     ;CONFIGURO  TRANSICIONES DE BAJO A ALTO
                      00044     
001D   1283 1303      00045     BANKSEL             ADCON0
                      00046     ;CONFIGURO FRECUENCIA
001F   139F           00047     BCF         ADCON0,7                   
0020   171F           00048     BSF         ADCON0,6
                      00049     ;CONFIGURO CANAL USO EL CANALE 7 AHORA 0 1 1 1  = 7
0021   129F           00050     BCF         ADCON0,5                   
0022   121F           00051     BCF         ADCON0,4
0023   119F           00052     BCF         ADCON0,3
0024   111F           00053     BCF         ADCON0,2
                      00054     ;CONFIGURO ADON ENCENDER ADC..--- 
0025   141F           00055    BSF          ADCON0,0
                      00056     
0026   1683 1303      00057     BANKSEL             ADCON1
                      00058     ;JUSTIFICO
Message[302]: Register in operand not in bank 0.  Ensure that bank bits are correct.
0028   139F           00059     BCF         ADCON1,7
                      00060     ;VOLTAJE
Message[302]: Register in operand not in bank 0.  Ensure that bank bits are correct.
0029   129F           00061     BCF         ADCON1,5
002A   121F           00062     BCF         ADCON0,4
                      00063     
002B   1283 1303      00064     BANKSEL             PORTC
002D   0188           00065     CLRF                PORTD
002E                  00066 LOOP:
                      00067     
002E   2???           00068     GOTO LOOP
                      00069     
                      00070     
002F                  00071 INTERRUPCION:
                      00072       ; ----------------------GUARDO CONTEXTO-------------------------
002F   00A4           00073     MOVWF               DOBLEV
0030   0E03           00074     SWAPF               STATUS,W
0031   00A3           00075     MOVWF               ESTADO
                      00076     ;------------------------;ANTIREBOTE
                      00077     ;----LOGICA INTERRUPCION-----------
0032   2???           00078     CALL                CARGO_ADC
0033   2???           00079     CALL                CARGO_LEDS
                      00080     ;----------------CARGO CONTEXTO-----------
0034                  00081 CONTEXTO:
0034   110B           00082    BCF          INTCON,T0IF         ;BORRO FLAG DE TIMER
                      00083    
MPASM 5.87                           ADC.ASM   5-20-2025  15:35:29         PAGE  3


LOC  OBJECT CODE     LINE SOURCE TEXT
  VALUE

0035   0E23           00084     SWAPF               ESTADO,W
0036   0083           00085     MOVWF               STATUS
0037   0EA4           00086     SWAPF               DOBLEV,1
0038   0E24           00087     SWAPF               DOBLEV,0
                      00088     ;---------------.VUELVO------------------
0039   0009           00089     RETFIE
003A                  00090 CARGO_LEDS:
                      00091     ;CLRF    PORTA            ; Limpia `PORTB` antes de asignar valores
                      00092 
003A   3020           00093     MOVLW               .32              
003B   021E           00094     SUBWF               ADRESH, W
003C   1C03           00095     BTFSS               STATUS, C       
003D   2???           00096     GOTO                LED1
                      00097 
003E   3040           00098     MOVLW                .64              
003F   021E           00099     SUBWF               ADRESH, W
0040   1C03           00100     BTFSS               STATUS, C
0041   2???           00101     GOTO                LED2
                      00102 
0042   3060           00103     MOVLW               .96              
0043   021E           00104     SUBWF               ADRESH, W
0044   1C03           00105     BTFSS               STATUS, C
0045   2???           00106     GOTO                 LED3
                      00107 
0046   3080           00108     MOVLW               .128              
0047   021E           00109     SUBWF               ADRESH, W
0048   1C03           00110     BTFSS               STATUS, C
0049   2???           00111     GOTO                LED4
                      00112 
004A   30A0           00113     MOVLW               .160              
004B   021E           00114     SUBWF               ADRESH, W
004C   1C03           00115     BTFSS               STATUS, C
004D   2???           00116     GOTO                LED5
                      00117 
004E   30C0           00118     MOVLW               .192              
004F   021E           00119     SUBWF               ADRESH, W
0050   1C03           00120     BTFSS               STATUS, C
0051   2???           00121     GOTO                 LED6
                      00122 
0052   30E0           00123     MOVLW                .224              
0053   021E           00124     SUBWF               ADRESH, W
0054   1C03           00125     BTFSS               STATUS, C
0055   2???           00126     GOTO                LED7
                      00127 
0056   30FF           00128     MOVLW                .255              
0057   021E           00129     SUBWF               ADRESH, W
0058   1C03           00130     BTFSS               STATUS, C
0059   2???           00131     GOTO                 LED8
                      00132 
005A   0008           00133     RETURN                   
                      00134 
005B                  00135 LED1:
005B   3001           00136     MOVLW                b'00000001'      
MPASM 5.87                           ADC.ASM   5-20-2025  15:35:29         PAGE  4


LOC  OBJECT CODE     LINE SOURCE TEXT
  VALUE

005C   0087           00137     MOVWF               PORTC
005D   0008           00138     RETURN
                      00139 
005E                  00140 LED2:
005E   3003           00141     MOVLW               b'00000011'
005F   0087           00142     MOVWF               PORTC
0060   0008           00143     RETURN
                      00144 
0061                  00145 LED3:
0061   3007           00146     MOVLW               b'00000111'
0062   0087           00147     MOVWF               PORTC
0063   0008           00148     RETURN
                      00149 
0064                  00150 LED4:
0064   300F           00151     MOVLW               b'00001111'
0065   0087           00152     MOVWF               PORTC
0066   0008           00153     RETURN
                      00154 
0067                  00155 LED5:
0067   301F           00156     MOVLW               b'00011111'
0068   0087           00157     MOVWF               PORTC
0069   0008           00158     RETURN
                      00159 
006A                  00160 LED6:
006A   303F           00161     MOVLW               b'00111111'
006B   0087           00162     MOVWF               PORTC
006C   0008           00163     RETURN
                      00164 
006D                  00165 LED7:
006D   307F           00166     MOVLW               b'01111111'
006E   0087           00167     MOVWF               PORTC
006F   0008           00168     RETURN
                      00169 
0070                  00170 LED8:
0070   30FF           00171     MOVLW               b'11111111'
0071   0087           00172     MOVWF               PORTC
0072   0008           00173     RETURN
                      00174 
0073                  00175 CARGO_ADC:
0073   1283 1303      00176     BANKSEL             ADCON0
0075   149F           00177     BSF         ADCON0,GO               ;HABILITO EL ADC INICIALIZA
                      00178     ;ESPERO QUE CONVIERTA
0076                  00179 ESPERO:
0076   189F           00180     BTFSC               ADCON0, GO     
0077   2???           00181     GOTO                ESPERO
0078   1283 1303      00182     BANKSEL             ADRESH          ;OBTENGO  PARTE ALTA DE ADC
007A   081E           00183     MOVF                ADRESH, W     
007B   1283 1303      00184     BANKSEL             PORTA
007D   0008           00185     RETURN
                      00186     
                      00187 
007E                  00188 DELAY_20MS:
007E   30FA           00189     MOVLW               .250      ; Carga 250 en CONTADOR1
MPASM 5.87                           ADC.ASM   5-20-2025  15:35:29         PAGE  5


LOC  OBJECT CODE     LINE SOURCE TEXT
  VALUE

007F   00A0           00190     MOVWF               CONTADOR1 
0080                  00191 L1:
0080   30FA           00192     MOVLW               .250      ; Carga 250 en CONTADOR2
0081   00A1           00193     MOVWF               CONTADOR2
0082                  00194 L2:
0082   0BA1           00195     DECFSZ              CONTADOR2, F
0083   2???           00196     GOTO                L2
0084   0BA0           00197     DECFSZ              CONTADOR1, F
0085   2???           00198     GOTO                L1
0086   0008           00199     RETURN
                      00200 
2FF4                  00201     END
MPASM 5.87                           ADC.ASM   5-20-2025  15:35:29         PAGE  6


SYMBOL TABLE
  LABEL                             VALUE 

ABDEN                             00000000
ABDOVF                            00000007
ACKDT                             00000005
ACKEN                             00000004
ACKSTAT                           00000006
ADCON0                            0000001F
ADCON1                            0000009F
ADCS0                             00000006
ADCS1                             00000007
ADDEN                             00000003
ADFM                              00000007
ADIE                              00000006
ADIF                              00000006
ADON                              00000000
ADRESH                            0000001E
ADRESL                            0000009E
ANS0                              00000000
ANS1                              00000001
ANS10                             00000002
ANS11                             00000003
ANS12                             00000004
ANS13                             00000005
ANS2                              00000002
ANS3                              00000003
ANS4                              00000004
ANS5                              00000005
ANS6                              00000006
ANS7                              00000007
ANS8                              00000000
ANS9                              00000001
ANSEL                             00000188
ANSELH                            00000189
BAUDCTL                           00000187
BCLIE                             00000003
BCLIF                             00000003
BF                                00000000
BRG0                              00000000
BRG1                              00000001
BRG10                             00000002
BRG11                             00000003
BRG12                             00000004
BRG13                             00000005
BRG14                             00000006
BRG15                             00000007
BRG16                             00000003
BRG2                              00000002
BRG3                              00000003
BRG4                              00000004
BRG5                              00000005
BRG6                              00000006
BRG7                              00000007
BRG8                              00000000
BRG9                              00000001
MPASM 5.87                           ADC.ASM   5-20-2025  15:35:29         PAGE  7


SYMBOL TABLE
  LABEL                             VALUE 

BRGH                              00000002
C                                 00000000
C1CH0                             00000000
C1CH1                             00000001
C1IE                              00000005
C1IF                              00000005
C1OE                              00000005
C1ON                              00000007
C1OUT                             00000006
C1POL                             00000004
C1R                               00000002
C1RSEL                            00000005
C1SEN                             00000005
C2CH0                             00000000
C2CH1                             00000001
C2IE                              00000006
C2IF                              00000006
C2OE                              00000005
C2ON                              00000007
C2OUT                             00000006
C2POL                             00000004
C2R                               00000002
C2REN                             00000004
C2RSEL                            00000004
C2SYNC                            00000000
CARGO_ADC                         00000073
CARGO_LEDS                        0000003A
CCP1CON                           00000017
CCP1IE                            00000002
CCP1IF                            00000002
CCP1M0                            00000000
CCP1M1                            00000001
CCP1M2                            00000002
CCP1M3                            00000003
CCP1X                             00000005
CCP1Y                             00000004
CCP2CON                           0000001D
CCP2IE                            00000000
CCP2IF                            00000000
CCP2M0                            00000000
CCP2M1                            00000001
CCP2M2                            00000002
CCP2M3                            00000003
CCP2X                             00000005
CCP2Y                             00000004
CCPR1                             00000015
CCPR1H                            00000016
CCPR1L                            00000015
CCPR2                             0000001B
CCPR2H                            0000001C
CCPR2L                            0000001B
CHS0                              00000002
CHS1                              00000003
MPASM 5.87                           ADC.ASM   5-20-2025  15:35:29         PAGE  8


SYMBOL TABLE
  LABEL                             VALUE 

CHS2                              00000004
CHS3                              00000005
CKE                               00000006
CKP                               00000004
CM1CON0                           00000107
CM2CON0                           00000108
CM2CON1                           00000109
CONTADOR1                         00000020
CONTADOR2                         00000021
CONTEXTO                          00000034
CREN                              00000004
CSRC                              00000007
D                                 00000005
DATA_ADDRESS                      00000005
DC                                00000001
DC1B0                             00000004
DC1B1                             00000005
DC2B0                             00000004
DC2B1                             00000005
DELAY_20MS                        0000007E
DOBLEV                            00000024
D_A                               00000005
D_NOT_A                           00000005
ECCPAS                            0000009C
ECCPAS0                           00000004
ECCPAS1                           00000005
ECCPAS2                           00000006
ECCPASE                           00000007
EEADR                             0000010D
EEADRH                            0000010F
EECON1                            0000018C
EECON2                            0000018D
EEDAT                             0000010C
EEDATA                            0000010C
EEDATH                            0000010E
EEIE                              00000004
EEIF                              00000004
EEPGD                             00000007
ESPERO                            00000076
ESTADO                            00000023
F                                 00000001
FERR                              00000002
FSR                               00000004
FVREN                             00000000
GCEN                              00000007
GIE                               00000007
GO                                00000001
GO_DONE                           00000001
GO_NOT_DONE                       00000001
HTS                               00000002
I2C_DATA                          00000005
I2C_READ                          00000002
I2C_START                         00000003
MPASM 5.87                           ADC.ASM   5-20-2025  15:35:29         PAGE  9


SYMBOL TABLE
  LABEL                             VALUE 

I2C_STOP                          00000004
INDF                              00000000
INTCON                            0000000B
INTE                              00000004
INTEDG                            00000006
INTERRUPCION                      0000002F
INTF                              00000001
IOCB                              00000096
IOCB0                             00000000
IOCB1                             00000001
IOCB2                             00000002
IOCB3                             00000003
IOCB4                             00000004
IOCB5                             00000005
IOCB6                             00000006
IOCB7                             00000007
IRCF0                             00000004
IRCF1                             00000005
IRCF2                             00000006
IRP                               00000007
L1                                00000080
L2                                00000082
LED1                              0000005B
LED2                              0000005E
LED3                              00000061
LED4                              00000064
LED5                              00000067
LED6                              0000006A
LED7                              0000006D
LED8                              00000070
LOOP                              0000002E
LTS                               00000001
MC1OUT                            00000007
MC2OUT                            00000006
MSK                               00000093
MSK0                              00000000
MSK1                              00000001
MSK2                              00000002
MSK3                              00000003
MSK4                              00000004
MSK5                              00000005
MSK6                              00000006
MSK7                              00000007
NOT_A                             00000005
NOT_ADDRESS                       00000005
NOT_BO                            00000000
NOT_BOR                           00000000
NOT_DONE                          00000001
NOT_PD                            00000003
NOT_POR                           00000001
NOT_RBPU                          00000007
NOT_RC8                           00000006
NOT_T1SYNC                        00000002
MPASM 5.87                           ADC.ASM   5-20-2025  15:35:29         PAGE 10


SYMBOL TABLE
  LABEL                             VALUE 

NOT_TO                            00000004
NOT_TX8                           00000006
NOT_W                             00000002
NOT_WRITE                         00000002
OERR                              00000001
OPTION_REG                        00000081
OSCCON                            0000008F
OSCTUNE                           00000090
OSFIE                             00000007
OSFIF                             00000007
OSTS                              00000003
P                                 00000004
P1M0                              00000006
P1M1                              00000007
PCL                               00000002
PCLATH                            0000000A
PCON                              0000008E
PDC0                              00000000
PDC1                              00000001
PDC2                              00000002
PDC3                              00000003
PDC4                              00000004
PDC5                              00000005
PDC6                              00000006
PEIE                              00000006
PEN                               00000002
PIE1                              0000008C
PIE2                              0000008D
PIR1                              0000000C
PIR2                              0000000D
PORTA                             00000005
PORTB                             00000006
PORTC                             00000007
PORTD                             00000008
PORTE                             00000009
PR2                               00000092
PRSEN                             00000007
PS0                               00000000
PS1                               00000001
PS2                               00000002
PSA                               00000003
PSSAC0                            00000002
PSSAC1                            00000003
PSSBD0                            00000000
PSSBD1                            00000001
PSTRCON                           0000009D
PULSR                             00000002
PULSS                             00000003
PWM1CON                           0000009B
R                                 00000002
RA0                               00000000
RA1                               00000001
RA2                               00000002
MPASM 5.87                           ADC.ASM   5-20-2025  15:35:29         PAGE 11


SYMBOL TABLE
  LABEL                             VALUE 

RA3                               00000003
RA4                               00000004
RA5                               00000005
RA6                               00000006
RA7                               00000007
RB0                               00000000
RB1                               00000001
RB2                               00000002
RB3                               00000003
RB4                               00000004
RB5                               00000005
RB6                               00000006
RB7                               00000007
RBIE                              00000003
RBIF                              00000000
RC0                               00000000
RC1                               00000001
RC2                               00000002
RC3                               00000003
RC4                               00000004
RC5                               00000005
RC6                               00000006
RC7                               00000007
RC8_9                             00000006
RC9                               00000006
RCD8                              00000000
RCEN                              00000003
RCIDL                             00000006
RCIE                              00000005
RCIF                              00000005
RCREG                             0000001A
RCSTA                             00000018
RD                                00000000
RD0                               00000000
RD1                               00000001
RD2                               00000002
RD3                               00000003
RD4                               00000004
RD5                               00000005
RD6                               00000006
RD7                               00000007
RE0                               00000000
RE1                               00000001
RE2                               00000002
RE3                               00000003
READ_WRITE                        00000002
RP0                               00000005
RP1                               00000006
RSEN                              00000001
RX9                               00000006
RX9D                              00000000
R_NOT_W                           00000002
R_W                               00000002
MPASM 5.87                           ADC.ASM   5-20-2025  15:35:29         PAGE 12


SYMBOL TABLE
  LABEL                             VALUE 

S                                 00000003
SBOREN                            00000004
SCKP                              00000004
SCS                               00000000
SEN                               00000000
SENDB                             00000003
SMP                               00000007
SPBRG                             00000099
SPBRGH                            0000009A
SPEN                              00000007
SR0                               00000006
SR1                               00000007
SRCON                             00000185
SREN                              00000005
SSPADD                            00000093
SSPBUF                            00000013
SSPCON                            00000014
SSPCON2                           00000091
SSPEN                             00000005
SSPIE                             00000003
SSPIF                             00000003
SSPM0                             00000000
SSPM1                             00000001
SSPM2                             00000002
SSPM3                             00000003
SSPMSK                            00000093
SSPOV                             00000006
SSPSTAT                           00000094
START                             00000006
STATUS                            00000003
STRA                              00000000
STRB                              00000001
STRC                              00000002
STRD                              00000003
STRSYNC                           00000004
SWDTEN                            00000000
SYNC                              00000004
T0CS                              00000005
T0IE                              00000005
T0IF                              00000002
T0SE                              00000004
T1CKPS0                           00000004
T1CKPS1                           00000005
T1CON                             00000010
T1GINV                            00000007
T1GIV                             00000007
T1GSS                             00000001
T1INSYNC                          00000002
T1OSCEN                           00000003
T1SYNC                            00000002
T2CKPS0                           00000000
T2CKPS1                           00000001
T2CON                             00000012
MPASM 5.87                           ADC.ASM   5-20-2025  15:35:29         PAGE 13


SYMBOL TABLE
  LABEL                             VALUE 

TMR0                              00000001
TMR0IE                            00000005
TMR0IF                            00000002
TMR1                              0000000E
TMR1CS                            00000001
TMR1GE                            00000006
TMR1H                             0000000F
TMR1IE                            00000000
TMR1IF                            00000000
TMR1L                             0000000E
TMR1ON                            00000000
TMR2                              00000011
TMR2IE                            00000001
TMR2IF                            00000001
TMR2ON                            00000002
TOUTPS0                           00000003
TOUTPS1                           00000004
TOUTPS2                           00000005
TOUTPS3                           00000006
TRISA                             00000085
TRISA0                            00000000
TRISA1                            00000001
TRISA2                            00000002
TRISA3                            00000003
TRISA4                            00000004
TRISA5                            00000005
TRISA6                            00000006
TRISA7                            00000007
TRISB                             00000086
TRISB0                            00000000
TRISB1                            00000001
TRISB2                            00000002
TRISB3                            00000003
TRISB4                            00000004
TRISB5                            00000005
TRISB6                            00000006
TRISB7                            00000007
TRISC                             00000087
TRISC0                            00000000
TRISC1                            00000001
TRISC2                            00000002
TRISC3                            00000003
TRISC4                            00000004
TRISC5                            00000005
TRISC6                            00000006
TRISC7                            00000007
TRISD                             00000088
TRISD0                            00000000
TRISD1                            00000001
TRISD2                            00000002
TRISD3                            00000003
TRISD4                            00000004
TRISD5                            00000005
MPASM 5.87                           ADC.ASM   5-20-2025  15:35:29         PAGE 14


SYMBOL TABLE
  LABEL                             VALUE 

TRISD6                            00000006
TRISD7                            00000007
TRISE                             00000089
TRISE0                            00000000
TRISE1                            00000001
TRISE2                            00000002
TRISE3                            00000003
TRMT                              00000001
TUN0                              00000000
TUN1                              00000001
TUN2                              00000002
TUN3                              00000003
TUN4                              00000004
TX8_9                             00000006
TX9                               00000006
TX9D                              00000000
TXD8                              00000000
TXEN                              00000005
TXIE                              00000004
TXIF                              00000004
TXREG                             00000019
TXSTA                             00000098
UA                                00000001
ULPWUE                            00000005
ULPWUIE                           00000002
ULPWUIF                           00000002
VCFG0                             00000004
VCFG1                             00000005
VR0                               00000000
VR1                               00000001
VR2                               00000002
VR3                               00000003
VRCON                             00000097
VREN                              00000007
VROE                              00000006
VRR                               00000005
VRSS                              00000004
W                                 00000000
WCOL                              00000007
WDTCON                            00000105
WDTPS0                            00000001
WDTPS1                            00000002
WDTPS2                            00000003
WDTPS3                            00000004
WPUB                              00000095
WPUB0                             00000000
WPUB1                             00000001
WPUB2                             00000002
WPUB3                             00000003
WPUB4                             00000004
WPUB5                             00000005
WPUB6                             00000006
WPUB7                             00000007
MPASM 5.87                           ADC.ASM   5-20-2025  15:35:29         PAGE 15


SYMBOL TABLE
  LABEL                             VALUE 

WR                                00000001
WREN                              00000002
WRERR                             00000003
WUE                               00000001
Z                                 00000002
_BOR21V                           00003EFF
_BOR40V                           00003FFF
_BOR4V_BOR21V                     00003EFF
_BOR4V_BOR40V                     00003FFF
_BOREN_NSLEEP                     00003EFF
_BOREN_OFF                        00003CFF
_BOREN_ON                         00003FFF
_BOREN_SBODEN                     00003DFF
_BOR_NSLEEP                       00003EFF
_BOR_OFF                          00003CFF
_BOR_ON                           00003FFF
_BOR_SBODEN                       00003DFF
_CONFIG1                          00002007
_CONFIG2                          00002008
_CPD_OFF                          00003FFF
_CPD_ON                           00003F7F
_CP_OFF                           00003FFF
_CP_ON                            00003FBF
_DEBUG_OFF                        00003FFF
_DEBUG_ON                         00001FFF
_DEVID1                           00002006
_EC_OSC                           00003FFB
_EXTRC                            00003FFF
_EXTRCIO                          00003FFE
_EXTRC_OSC_CLKOUT                 00003FFF
_EXTRC_OSC_NOCLKOUT               00003FFE
_FCMEN_OFF                        000037FF
_FCMEN_ON                         00003FFF
_FOSC_EC                          00003FFB
_FOSC_EXTRC_CLKOUT                00003FFF
_FOSC_EXTRC_NOCLKOUT              00003FFE
_FOSC_HS                          00003FFA
_FOSC_INTRC_CLKOUT                00003FFD
_FOSC_INTRC_NOCLKOUT              00003FFC
_FOSC_LP                          00003FF8
_FOSC_XT                          00003FF9
_HS_OSC                           00003FFA
_IDLOC0                           00002000
_IDLOC1                           00002001
_IDLOC2                           00002002
_IDLOC3                           00002003
_IESO_OFF                         00003BFF
_IESO_ON                          00003FFF
_INTOSC                           00003FFD
_INTOSCIO                         00003FFC
_INTRC_OSC_CLKOUT                 00003FFD
_INTRC_OSC_NOCLKOUT               00003FFC
_LP_OSC                           00003FF8
MPASM 5.87                           ADC.ASM   5-20-2025  15:35:29         PAGE 16


SYMBOL TABLE
  LABEL                             VALUE 

_LVP_OFF                          00002FFF
_LVP_ON                           00003FFF
_MCLRE_OFF                        00003FDF
_MCLRE_ON                         00003FFF
_PWRTE_OFF                        00003FFF
_PWRTE_ON                         00003FEF
_WDTE_OFF                         00003FF7
_WDTE_ON                          00003FFF
_WDT_OFF                          00003FF7
_WDT_ON                           00003FFF
_WRT_1FOURTH                      00003BFF
_WRT_256                          00003DFF
_WRT_HALF                         000039FF
_WRT_OFF                          00003FFF
_XT_OSC                           00003FF9
__16F887                          00000001

Errors   :     0
Warnings :     0 reported,     0 suppressed
Messages :    13 reported,     0 suppressed

