MPASM 5.87                           4-7.ASM   4-25-2025  1:13:44         PAGE  1


LOC  OBJECT CODE     LINE SOURCE TEXT
  VALUE

                      00001 ; ** Encabezado **
                      00002     LIST P=16F887                       
                      00003     #include "p16f887.inc"              
                      00001         LIST
                      00002 
                      00003 ;==========================================================================
                      00004 ; Build date : Jan 06 2020
                      00005 ;  MPASM PIC16F887 processor include
                      00006 ; 
                      00007 ;  (c) Copyright 1999-2020 Microchip Technology, All rights reserved
                      00008 ;==========================================================================
                      00009 
                      00810         LIST
2007   2FF4           00004     __CONFIG _CONFIG1, _FOSC_INTRC_NOCLKOUT & _WDTE_OFF & _MCLRE_ON & _LVP_OFF
                      00005     ;----------------------------VARIABLES------------------------------------------------
Warning[207]: Found label after column 1. (CONTADOR1)
  00000020            00006     CONTADOR1   EQU              0x20
Warning[207]: Found label after column 1. (CONTADOR2)
  00000021            00007     CONTADOR2   EQU              0x21
Warning[207]: Found label after column 1. (NUM_C)
  00000022            00008     NUM_C               EQU              0x22
                      00009     ORG         0x00
0000   2???           00010     GOTO                START
                      00011     ORG          0x05
0005                  00012 START:
                      00013     ;---------------------------CONFIGURACION DE PINES --------------------------
0005   1683 1703      00014     BANKSEL             ANSEL
Message[302]: Register in operand not in bank 0.  Ensure that bank bits are correct.
0007   0188           00015     CLRF                ANSEL           ;0 PARA PINES DIGITAL
Message[302]: Register in operand not in bank 0.  Ensure that bank bits are correct.
0008   0189           00016     CLRF                 ANSELH
0009   1683 1303      00017     BANKSEL             TRISA
Message[302]: Register in operand not in bank 0.  Ensure that bank bits are correct.
000B   0188           00018     CLRF                TRISD            ; 0 PARA PORTA COMO  SALIDA
Message[302]: Register in operand not in bank 0.  Ensure that bank bits are correct.
000C   1406           00019     BSF         TRISB,0          ;1 PARA PORTB COMO  ENTRADA
000D   1283 1303      00020     BANKSEL             PORTA
                      00021     
                      00022     ;----------------------------
000F   3070           00023     MOVLW                0X70             ;DESDE 70h ESTAN REFLEJADAS EN LOS 4 BANCOS
0010   0084           00024     MOVWF                FSR 
                      00025     
0011   300A           00026     MOVLW               .10                
0012   00A2           00027     MOVWF               NUM_C              
                      00028 
                      00029  
                      00030     ;----------------------------CARGO NUMEROS AL DESDE 70h A 79h CON EL IINDF--------------------------
                            --
0013   30FD           00031    MOVLW                b'11111101'             ;0
0014   0080           00032    MOVWF                INDF
Message[305]: Using default destination of 1 (file).
0015   0A84           00033    INCF          FSR
0016   3061           00034     MOVLW                b'01100001'             ; 1
MPASM 5.87                           4-7.ASM   4-25-2025  1:13:44         PAGE  2


LOC  OBJECT CODE     LINE SOURCE TEXT
  VALUE

0017   0080           00035     MOVWF                INDF
Message[305]: Using default destination of 1 (file).
0018   0A84           00036     INCF                 FSR
0019   30DB           00037     MOVLW                b'11011011'             ; 2
001A   0080           00038     MOVWF                INDF
Message[305]: Using default destination of 1 (file).
001B   0A84           00039     INCF                 FSR
001C   30F3           00040     MOVLW                b'11110011'            ; 3
001D   0080           00041     MOVWF                INDF
Message[305]: Using default destination of 1 (file).
001E   0A84           00042     INCF                 FSR
001F   3067           00043     MOVLW                b'01100111'            ; 4
0020   0080           00044     MOVWF                INDF
Message[305]: Using default destination of 1 (file).
0021   0A84           00045     INCF                 FSR
0022   30B7           00046     MOVLW                b'10110111'            ; 5
0023   0080           00047     MOVWF                INDF
Message[305]: Using default destination of 1 (file).
0024   0A84           00048     INCF                 FSR
0025   30BF           00049     MOVLW                b'10111111'             ; 6
0026   0080           00050     MOVWF                INDF
Message[305]: Using default destination of 1 (file).
0027   0A84           00051     INCF                 FSR
0028   30E1           00052     MOVLW                b'11100001'             ; 7
0029   0080           00053     MOVWF                INDF
Message[305]: Using default destination of 1 (file).
002A   0A84           00054     INCF                 FSR
002B   30FF           00055     MOVLW                b'11111111'             ; 8
002C   0080           00056     MOVWF                INDF
Message[305]: Using default destination of 1 (file).
002D   0A84           00057     INCF                 FSR
002E   30F7           00058     MOVLW                b'11110111'             ; 9
002F   0080           00059     MOVWF                INDF
                      00060     
0030   3070           00061     MOVLW                0X70            ; LO VUELVO INICIALIZAR EN 70h
0031   0084           00062     MOVWF                FSR
0032   0188           00063     CLRF    PORTD
                      00064     ;.............................RUTINA DE POLLING---------------------------------------
0033                  00065 LOOP
0033   2???           00066      CALL DELAY
0034   2???           00067      CALL CARGAR_NUMS
0035   1C06           00068      BTFSS  PORTB,0
0036   2???           00069      CALL PAUSA
                      00070     
0037   2???           00071      GOTO               LOOP
0038                  00072 CARGAR_NUMS:
0038   0800           00073     MOVF                INDF,W              ;INDF CONTIENE EL NUMERO 0. PORQUE FSR APUNTA AL 70h
0039   0088           00074     MOVWF               PORTD               ;CARGA DE NUMEROS
Message[305]: Using default destination of 1 (file).
003A   0A84           00075     INCF                 FSR
Message[305]: Using default destination of 1 (file).
003B   0BA2           00076     DECFSZ               NUM_C              ;DISMUNUYO LA CUENTA DE NUEMEROS A CARGAR
003C   0008           00077     RETURN
MPASM 5.87                           4-7.ASM   4-25-2025  1:13:44         PAGE  3


LOC  OBJECT CODE     LINE SOURCE TEXT
  VALUE

003D   2???           00078     CALL        RESET
                      00079     ;----------------------------SI LOS NUMEROS YA LLEGARON A 9:  ---------------------------
003E                  00080 RESET:
003E   3070           00081     MOVLW               0x70                ;SETEO LA DIRECCION DE NUEVO EN 70h
003F   0084           00082     MOVWF               FSR
0040   300A           00083     MOVLW                .10                ;SETEO DE NUEVO EL CONTADOR 
0041   00A2           00084     MOVWF               NUM_C
0042   0008           00085     RETURN
0043                  00086 PAUSA:
0043   2???           00087     CALL DELAY
0044   0800           00088     MOVF INDF,W
0045   0088           00089     MOVWF PORTD
0046   1C06           00090     BTFSS               PORTB,0
0047   2???           00091     GOTO                $-4
0048   1806           00092    btfsc                PORTB,0
0049   2???           00093    GOTO $-1
004A   0008           00094     RETURN
                      00095   
004B                  00096 DELAY:
004B   30C8           00097     MOVLW               .200
004C   00A0           00098     MOVWF               CONTADOR1
004D                  00099 L1:
004D   30C8           00100     MOVLW                .200
004E   00A1           00101     MOVWF                CONTADOR2
004F                  00102 L2:     
004F   0BA1           00103     DECFSZ               CONTADOR2, F
0050   2???           00104     GOTO                  L2
0051   0BA0           00105     DECFSZ               CONTADOR1, F
0052   2???           00106     GOTO                   L1
0053   0008           00107     RETURN
                      00108     
                      00109     
0054                  00110 DEL:
0054   3032           00111     MOVLW               .50
0055   00A0           00112     MOVWF               CONTADOR1
0056                  00113 P1:
0056   3032           00114     MOVLW                .50
0057   00A1           00115     MOVWF                CONTADOR2
0058                  00116 P2:     
0058   0BA1           00117     DECFSZ               CONTADOR2, F
0059   2???           00118     GOTO                  L2
005A   0BA0           00119     DECFSZ               CONTADOR1, F
005B   2???           00120     GOTO                   L1
005C   0008           00121     RETURN
                      00122         
2FF4                  00123     END
MPASM 5.87                           4-7.ASM   4-25-2025  1:13:44         PAGE  4


SYMBOL TABLE
  LABEL                             VALUE 

ABDEN                             00000000
ABDOVF                            00000007
ACKDT                             00000005
ACKEN                             00000004
ACKSTAT                           00000006
ADCON0                            0000001F
ADCON1                            0000009F
ADCS0                             00000006
ADCS1                             00000007
ADDEN                             00000003
ADFM                              00000007
ADIE                              00000006
ADIF                              00000006
ADON                              00000000
ADRESH                            0000001E
ADRESL                            0000009E
ANS0                              00000000
ANS1                              00000001
ANS10                             00000002
ANS11                             00000003
ANS12                             00000004
ANS13                             00000005
ANS2                              00000002
ANS3                              00000003
ANS4                              00000004
ANS5                              00000005
ANS6                              00000006
ANS7                              00000007
ANS8                              00000000
ANS9                              00000001
ANSEL                             00000188
ANSELH                            00000189
BAUDCTL                           00000187
BCLIE                             00000003
BCLIF                             00000003
BF                                00000000
BRG0                              00000000
BRG1                              00000001
BRG10                             00000002
BRG11                             00000003
BRG12                             00000004
BRG13                             00000005
BRG14                             00000006
BRG15                             00000007
BRG16                             00000003
BRG2                              00000002
BRG3                              00000003
BRG4                              00000004
BRG5                              00000005
BRG6                              00000006
BRG7                              00000007
BRG8                              00000000
BRG9                              00000001
MPASM 5.87                           4-7.ASM   4-25-2025  1:13:44         PAGE  5


SYMBOL TABLE
  LABEL                             VALUE 

BRGH                              00000002
C                                 00000000
C1CH0                             00000000
C1CH1                             00000001
C1IE                              00000005
C1IF                              00000005
C1OE                              00000005
C1ON                              00000007
C1OUT                             00000006
C1POL                             00000004
C1R                               00000002
C1RSEL                            00000005
C1SEN                             00000005
C2CH0                             00000000
C2CH1                             00000001
C2IE                              00000006
C2IF                              00000006
C2OE                              00000005
C2ON                              00000007
C2OUT                             00000006
C2POL                             00000004
C2R                               00000002
C2REN                             00000004
C2RSEL                            00000004
C2SYNC                            00000000
CARGAR_NUMS                       00000038
CCP1CON                           00000017
CCP1IE                            00000002
CCP1IF                            00000002
CCP1M0                            00000000
CCP1M1                            00000001
CCP1M2                            00000002
CCP1M3                            00000003
CCP1X                             00000005
CCP1Y                             00000004
CCP2CON                           0000001D
CCP2IE                            00000000
CCP2IF                            00000000
CCP2M0                            00000000
CCP2M1                            00000001
CCP2M2                            00000002
CCP2M3                            00000003
CCP2X                             00000005
CCP2Y                             00000004
CCPR1                             00000015
CCPR1H                            00000016
CCPR1L                            00000015
CCPR2                             0000001B
CCPR2H                            0000001C
CCPR2L                            0000001B
CHS0                              00000002
CHS1                              00000003
CHS2                              00000004
MPASM 5.87                           4-7.ASM   4-25-2025  1:13:44         PAGE  6


SYMBOL TABLE
  LABEL                             VALUE 

CHS3                              00000005
CKE                               00000006
CKP                               00000004
CM1CON0                           00000107
CM2CON0                           00000108
CM2CON1                           00000109
CONTADOR1                         00000020
CONTADOR2                         00000021
CREN                              00000004
CSRC                              00000007
D                                 00000005
DATA_ADDRESS                      00000005
DC                                00000001
DC1B0                             00000004
DC1B1                             00000005
DC2B0                             00000004
DC2B1                             00000005
DEL                               00000054
DELAY                             0000004B
D_A                               00000005
D_NOT_A                           00000005
ECCPAS                            0000009C
ECCPAS0                           00000004
ECCPAS1                           00000005
ECCPAS2                           00000006
ECCPASE                           00000007
EEADR                             0000010D
EEADRH                            0000010F
EECON1                            0000018C
EECON2                            0000018D
EEDAT                             0000010C
EEDATA                            0000010C
EEDATH                            0000010E
EEIE                              00000004
EEIF                              00000004
EEPGD                             00000007
F                                 00000001
FERR                              00000002
FSR                               00000004
FVREN                             00000000
GCEN                              00000007
GIE                               00000007
GO                                00000001
GO_DONE                           00000001
GO_NOT_DONE                       00000001
HTS                               00000002
I2C_DATA                          00000005
I2C_READ                          00000002
I2C_START                         00000003
I2C_STOP                          00000004
INDF                              00000000
INTCON                            0000000B
INTE                              00000004
MPASM 5.87                           4-7.ASM   4-25-2025  1:13:44         PAGE  7


SYMBOL TABLE
  LABEL                             VALUE 

INTEDG                            00000006
INTF                              00000001
IOCB                              00000096
IOCB0                             00000000
IOCB1                             00000001
IOCB2                             00000002
IOCB3                             00000003
IOCB4                             00000004
IOCB5                             00000005
IOCB6                             00000006
IOCB7                             00000007
IRCF0                             00000004
IRCF1                             00000005
IRCF2                             00000006
IRP                               00000007
L1                                0000004D
L2                                0000004F
LOOP                              00000033
LTS                               00000001
MC1OUT                            00000007
MC2OUT                            00000006
MSK                               00000093
MSK0                              00000000
MSK1                              00000001
MSK2                              00000002
MSK3                              00000003
MSK4                              00000004
MSK5                              00000005
MSK6                              00000006
MSK7                              00000007
NOT_A                             00000005
NOT_ADDRESS                       00000005
NOT_BO                            00000000
NOT_BOR                           00000000
NOT_DONE                          00000001
NOT_PD                            00000003
NOT_POR                           00000001
NOT_RBPU                          00000007
NOT_RC8                           00000006
NOT_T1SYNC                        00000002
NOT_TO                            00000004
NOT_TX8                           00000006
NOT_W                             00000002
NOT_WRITE                         00000002
NUM_C                             00000022
OERR                              00000001
OPTION_REG                        00000081
OSCCON                            0000008F
OSCTUNE                           00000090
OSFIE                             00000007
OSFIF                             00000007
OSTS                              00000003
P                                 00000004
MPASM 5.87                           4-7.ASM   4-25-2025  1:13:44         PAGE  8


SYMBOL TABLE
  LABEL                             VALUE 

P1                                00000056
P1M0                              00000006
P1M1                              00000007
P2                                00000058
PAUSA                             00000043
PCL                               00000002
PCLATH                            0000000A
PCON                              0000008E
PDC0                              00000000
PDC1                              00000001
PDC2                              00000002
PDC3                              00000003
PDC4                              00000004
PDC5                              00000005
PDC6                              00000006
PEIE                              00000006
PEN                               00000002
PIE1                              0000008C
PIE2                              0000008D
PIR1                              0000000C
PIR2                              0000000D
PORTA                             00000005
PORTB                             00000006
PORTC                             00000007
PORTD                             00000008
PORTE                             00000009
PR2                               00000092
PRSEN                             00000007
PS0                               00000000
PS1                               00000001
PS2                               00000002
PSA                               00000003
PSSAC0                            00000002
PSSAC1                            00000003
PSSBD0                            00000000
PSSBD1                            00000001
PSTRCON                           0000009D
PULSR                             00000002
PULSS                             00000003
PWM1CON                           0000009B
R                                 00000002
RA0                               00000000
RA1                               00000001
RA2                               00000002
RA3                               00000003
RA4                               00000004
RA5                               00000005
RA6                               00000006
RA7                               00000007
RB0                               00000000
RB1                               00000001
RB2                               00000002
RB3                               00000003
MPASM 5.87                           4-7.ASM   4-25-2025  1:13:44         PAGE  9


SYMBOL TABLE
  LABEL                             VALUE 

RB4                               00000004
RB5                               00000005
RB6                               00000006
RB7                               00000007
RBIE                              00000003
RBIF                              00000000
RC0                               00000000
RC1                               00000001
RC2                               00000002
RC3                               00000003
RC4                               00000004
RC5                               00000005
RC6                               00000006
RC7                               00000007
RC8_9                             00000006
RC9                               00000006
RCD8                              00000000
RCEN                              00000003
RCIDL                             00000006
RCIE                              00000005
RCIF                              00000005
RCREG                             0000001A
RCSTA                             00000018
RD                                00000000
RD0                               00000000
RD1                               00000001
RD2                               00000002
RD3                               00000003
RD4                               00000004
RD5                               00000005
RD6                               00000006
RD7                               00000007
RE0                               00000000
RE1                               00000001
RE2                               00000002
RE3                               00000003
READ_WRITE                        00000002
RESET                             0000003E
RP0                               00000005
RP1                               00000006
RSEN                              00000001
RX9                               00000006
RX9D                              00000000
R_NOT_W                           00000002
R_W                               00000002
S                                 00000003
SBOREN                            00000004
SCKP                              00000004
SCS                               00000000
SEN                               00000000
SENDB                             00000003
SMP                               00000007
SPBRG                             00000099
MPASM 5.87                           4-7.ASM   4-25-2025  1:13:44         PAGE 10


SYMBOL TABLE
  LABEL                             VALUE 

SPBRGH                            0000009A
SPEN                              00000007
SR0                               00000006
SR1                               00000007
SRCON                             00000185
SREN                              00000005
SSPADD                            00000093
SSPBUF                            00000013
SSPCON                            00000014
SSPCON2                           00000091
SSPEN                             00000005
SSPIE                             00000003
SSPIF                             00000003
SSPM0                             00000000
SSPM1                             00000001
SSPM2                             00000002
SSPM3                             00000003
SSPMSK                            00000093
SSPOV                             00000006
SSPSTAT                           00000094
START                             00000005
STATUS                            00000003
STRA                              00000000
STRB                              00000001
STRC                              00000002
STRD                              00000003
STRSYNC                           00000004
SWDTEN                            00000000
SYNC                              00000004
T0CS                              00000005
T0IE                              00000005
T0IF                              00000002
T0SE                              00000004
T1CKPS0                           00000004
T1CKPS1                           00000005
T1CON                             00000010
T1GINV                            00000007
T1GIV                             00000007
T1GSS                             00000001
T1INSYNC                          00000002
T1OSCEN                           00000003
T1SYNC                            00000002
T2CKPS0                           00000000
T2CKPS1                           00000001
T2CON                             00000012
TMR0                              00000001
TMR0IE                            00000005
TMR0IF                            00000002
TMR1                              0000000E
TMR1CS                            00000001
TMR1GE                            00000006
TMR1H                             0000000F
TMR1IE                            00000000
MPASM 5.87                           4-7.ASM   4-25-2025  1:13:44         PAGE 11


SYMBOL TABLE
  LABEL                             VALUE 

TMR1IF                            00000000
TMR1L                             0000000E
TMR1ON                            00000000
TMR2                              00000011
TMR2IE                            00000001
TMR2IF                            00000001
TMR2ON                            00000002
TOUTPS0                           00000003
TOUTPS1                           00000004
TOUTPS2                           00000005
TOUTPS3                           00000006
TRISA                             00000085
TRISA0                            00000000
TRISA1                            00000001
TRISA2                            00000002
TRISA3                            00000003
TRISA4                            00000004
TRISA5                            00000005
TRISA6                            00000006
TRISA7                            00000007
TRISB                             00000086
TRISB0                            00000000
TRISB1                            00000001
TRISB2                            00000002
TRISB3                            00000003
TRISB4                            00000004
TRISB5                            00000005
TRISB6                            00000006
TRISB7                            00000007
TRISC                             00000087
TRISC0                            00000000
TRISC1                            00000001
TRISC2                            00000002
TRISC3                            00000003
TRISC4                            00000004
TRISC5                            00000005
TRISC6                            00000006
TRISC7                            00000007
TRISD                             00000088
TRISD0                            00000000
TRISD1                            00000001
TRISD2                            00000002
TRISD3                            00000003
TRISD4                            00000004
TRISD5                            00000005
TRISD6                            00000006
TRISD7                            00000007
TRISE                             00000089
TRISE0                            00000000
TRISE1                            00000001
TRISE2                            00000002
TRISE3                            00000003
TRMT                              00000001
MPASM 5.87                           4-7.ASM   4-25-2025  1:13:44         PAGE 12


SYMBOL TABLE
  LABEL                             VALUE 

TUN0                              00000000
TUN1                              00000001
TUN2                              00000002
TUN3                              00000003
TUN4                              00000004
TX8_9                             00000006
TX9                               00000006
TX9D                              00000000
TXD8                              00000000
TXEN                              00000005
TXIE                              00000004
TXIF                              00000004
TXREG                             00000019
TXSTA                             00000098
UA                                00000001
ULPWUE                            00000005
ULPWUIE                           00000002
ULPWUIF                           00000002
VCFG0                             00000004
VCFG1                             00000005
VR0                               00000000
VR1                               00000001
VR2                               00000002
VR3                               00000003
VRCON                             00000097
VREN                              00000007
VROE                              00000006
VRR                               00000005
VRSS                              00000004
W                                 00000000
WCOL                              00000007
WDTCON                            00000105
WDTPS0                            00000001
WDTPS1                            00000002
WDTPS2                            00000003
WDTPS3                            00000004
WPUB                              00000095
WPUB0                             00000000
WPUB1                             00000001
WPUB2                             00000002
WPUB3                             00000003
WPUB4                             00000004
WPUB5                             00000005
WPUB6                             00000006
WPUB7                             00000007
WR                                00000001
WREN                              00000002
WRERR                             00000003
WUE                               00000001
Z                                 00000002
_.org_1_0047                      00000047
_.org_1_0049                      00000049
_BOR21V                           00003EFF
MPASM 5.87                           4-7.ASM   4-25-2025  1:13:44         PAGE 13


SYMBOL TABLE
  LABEL                             VALUE 

_BOR40V                           00003FFF
_BOR4V_BOR21V                     00003EFF
_BOR4V_BOR40V                     00003FFF
_BOREN_NSLEEP                     00003EFF
_BOREN_OFF                        00003CFF
_BOREN_ON                         00003FFF
_BOREN_SBODEN                     00003DFF
_BOR_NSLEEP                       00003EFF
_BOR_OFF                          00003CFF
_BOR_ON                           00003FFF
_BOR_SBODEN                       00003DFF
_CONFIG1                          00002007
_CONFIG2                          00002008
_CPD_OFF                          00003FFF
_CPD_ON                           00003F7F
_CP_OFF                           00003FFF
_CP_ON                            00003FBF
_DEBUG_OFF                        00003FFF
_DEBUG_ON                         00001FFF
_DEVID1                           00002006
_EC_OSC                           00003FFB
_EXTRC                            00003FFF
_EXTRCIO                          00003FFE
_EXTRC_OSC_CLKOUT                 00003FFF
_EXTRC_OSC_NOCLKOUT               00003FFE
_FCMEN_OFF                        000037FF
_FCMEN_ON                         00003FFF
_FOSC_EC                          00003FFB
_FOSC_EXTRC_CLKOUT                00003FFF
_FOSC_EXTRC_NOCLKOUT              00003FFE
_FOSC_HS                          00003FFA
_FOSC_INTRC_CLKOUT                00003FFD
_FOSC_INTRC_NOCLKOUT              00003FFC
_FOSC_LP                          00003FF8
_FOSC_XT                          00003FF9
_HS_OSC                           00003FFA
_IDLOC0                           00002000
_IDLOC1                           00002001
_IDLOC2                           00002002
_IDLOC3                           00002003
_IESO_OFF                         00003BFF
_IESO_ON                          00003FFF
_INTOSC                           00003FFD
_INTOSCIO                         00003FFC
_INTRC_OSC_CLKOUT                 00003FFD
_INTRC_OSC_NOCLKOUT               00003FFC
_LP_OSC                           00003FF8
_LVP_OFF                          00002FFF
_LVP_ON                           00003FFF
_MCLRE_OFF                        00003FDF
_MCLRE_ON                         00003FFF
_PWRTE_OFF                        00003FFF
_PWRTE_ON                         00003FEF
MPASM 5.87                           4-7.ASM   4-25-2025  1:13:44         PAGE 14


SYMBOL TABLE
  LABEL                             VALUE 

_WDTE_OFF                         00003FF7
_WDTE_ON                          00003FFF
_WDT_OFF                          00003FF7
_WDT_ON                           00003FFF
_WRT_1FOURTH                      00003BFF
_WRT_256                          00003DFF
_WRT_HALF                         000039FF
_WRT_OFF                          00003FFF
_XT_OSC                           00003FF9
__16F887                          00000001

Errors   :     0
Warnings :     3 reported,     0 suppressed
Messages :    15 reported,     0 suppressed

