MPASM 5.87                  MULTIPLEXADO.ASM   4-21-2025  8:13:01         PAGE  1


LOC  OBJECT CODE     LINE SOURCE TEXT
  VALUE

                      00001         ;################################################################
                      00002         ;#PROYECTO:  MULTIPLEXACION CON  DISPLAY DE  SEGMENTOS
                      00003         ; AUTOR    : CASTILLO, DARÍO ALBERTO
                      00004         ; E-MAIL: DARIO.CASTILLO@MI.UNC.EDU.AR
                      00005         ;################################################################
                      00006         LIST P=16F887
                      00007         #INCLUDE "p16F887.inc"
                      00001         LIST
                      00002 
                      00003 ;==========================================================================
                      00004 ; Build date : Jan 06 2020
                      00005 ;  MPASM PIC16F887 processor include
                      00006 ; 
                      00007 ;  (c) Copyright 1999-2020 Microchip Technology, All rights reserved
                      00008 ;==========================================================================
                      00009 
                      00810         LIST
2007   2FF4           00008         __CONFIG _CONFIG1, _FOSC_INTRC_NOCLKOUT & _WDTE_OFF & _MCLRE_ON & _LVP_OFF
                      00009     ; -----------------------------------------------VARIABLES------------------------------------------
                            ----------------------------
  00000020            00010 CONT_UNIDAD             EQU             0x20            ;PARA VER SI CONTO HASTA 10 LA UNIDAD Y LUEGO PA
                            SAR A DECENA
  00000021            00011 CONT_DECENAS            EQU             0x21            ;PARA VER SI CONTO HASTA 10 LA DECENA Y LUEGO PA
                            SAR A CENTENA
  00000022            00012 CONT_CENTENAS           EQU             0x22
                      00013 
  00000023            00014 COUNT1                  EQU             0x23            ;CONT 1  Y 2 DE LOS DELAY
  00000024            00015 COUNT2                  EQU             0x24
                      00016 
  00000025            00017 UNIDAD                  EQU             0x25             ;REGISTRO QUE CONTIENE EL NUMERO BCD  DE LA UNI
                            DAD
  00000026            00018 DECENAS                 EQU             0x26            ;REGISTRO QUE CONTIENE EL NUMERO BCD  DE LA DECE
                            NA
  00000027            00019 CENTENAS                        EQU             0x27
                      00020                 ;REGISTRO QUE CONTIENE EL NUMERO BCD  DE LA CENTENA
  00000028            00021 CUENTADEC               EQU             0x28            ;LLEVAR LA CUENTA DE QUE NUMERO DE DECENA VA
  00000029            00022 CUENTACEN               EQU             0x29            ;;LLEVAR LA CUENTA DE QUE NUMERO DE CENTENA VA
                      00023     ; --------------------------------------------------------------------------------------------------
                            ----------------------------------
                      00024         ORG                      0x00
0000   2???           00025         GOTO                     START
                      00026     ;  ########################################################################################
0001                  00027 START:
                      00028         ;-----------------------------------------------CONFIGURACION DE PUERTOS------------------------
                            ------------------
0001   1683 1703      00029         BANKSEL                 ANSEL
Message[302]: Register in operand not in bank 0.  Ensure that bank bits are correct.
0003   0188           00030         CLRF                    ANSEL                           ; DESACTIVAR ENTRADAS ANALOGICAS
Message[302]: Register in operand not in bank 0.  Ensure that bank bits are correct.
0004   0189           00031         CLRF                    ANSELH
0005   1683 1303      00032         BANKSEL                 TRISD
Message[302]: Register in operand not in bank 0.  Ensure that bank bits are correct.
0007   0189           00033         CLRF                    TRISE                            ; PORTE COMO SALIDA
MPASM 5.87                  MULTIPLEXADO.ASM   4-21-2025  8:13:01         PAGE  2


LOC  OBJECT CODE     LINE SOURCE TEXT
  VALUE

Message[302]: Register in operand not in bank 0.  Ensure that bank bits are correct.
0008   0186           00034         CLRF                    TRISB   
Message[302]: Register in operand not in bank 0.  Ensure that bank bits are correct.
0009   1408           00035         BSF                     TRISD,0                           ;PIN 0 PORTD COMO ENTRADA
                      00036         
000A   1283 1303      00037         BANKSEL                 PORTB
000C   0186           00038         CLRF                    PORTB
000D   0188           00039         CLRF                    PORTD
000E   0189           00040         CLRF                    PORTE
                      00041         ;------------------------------------------- --INICIALIZACION DE REGISTROS----------------------
                            -----------------
000F   01A0           00042         CLRF                    CONT_UNIDAD
0010   01A1           00043         CLRF                    CONT_DECENAS
0011   01A2           00044         CLRF                    CONT_CENTENAS
0012   300A           00045         MOVLW                   b'00001010'     
0013   00A0           00046         MOVWF                   CONT_UNIDAD                     ;PARA VER SI CONTO HASTA 10 EL BUCLE DE 
                            UNIDADES
0014   00A1           00047         MOVWF                   CONT_DECENAS
0015   00A2           00048         MOVWF                   CONT_CENTENAS
                      00049         ;-----------------------------------------------------------------------------------------------
                            ---------------------------
0016   01A5           00050         CLRF                    UNIDAD                          ;LIMPIO REGISTROS QUE CONTENDRAN NUMERO 
                            BCD
0017   01A6           00051         CLRF                    DECENAS
0018   01A7           00052         CLRF                    CENTENAS
                      00053         ;-----------------------------------------------------------------------------------------------
                            ---------------------------
0019   3000           00054         MOVLW                   b'00000000'                      ;INICIALIZO EN  0 LA CUENTA NUMERO DE D
                            ECENAS Y CENTENAS
001A   00A8           00055         MOVWF                   CUENTADEC
001B   00A9           00056         MOVWF                   CUENTACEN       
                      00057 ;------------------------------------TABLA DE NUMEROS BCD A PARTIR DEL REGISTRO 0x46   -----------------
                            ---------------------------
001C   302B           00058         MOVLW                   0x2B                            ;POSICION INICIAL
001D   0084           00059         MOVWF                   FSR
001E   307E           00060         MOVLW                   0x7E                            ; NUMERO ' 0'  EN BCD
001F   0080           00061         MOVWF                   INDF
0020   0A84           00062         INCF                    FSR,1
0021   3030           00063         MOVLW                   0x30                            ; NUMERO  ' 1'  EN BCD
0022   0080           00064         MOVWF                   INDF
0023   0A84           00065         INCF                    FSR,1
0024   306D           00066         MOVLW                   0x6D                             ; NUMERO  ' 2'  EN BCD
0025   0080           00067         MOVWF                   INDF
0026   0A84           00068         INCF                    FSR,1
0027   3079           00069         MOVLW                   0x79                            ; NUMERO  ' 3'  EN BCD
0028   0080           00070         MOVWF                   INDF
0029   0A84           00071         INCF                    FSR,1
002A   3033           00072         MOVLW                   0x33                            ; NUMERO  '4'  EN BCD
002B   0080           00073         MOVWF                   INDF
002C   0A84           00074         INCF                    FSR,1
002D   305B           00075         MOVLW                   0x5B                             ; NUMERO  '5'  EN BCD
002E   0080           00076         MOVWF                   INDF
002F   0A84           00077         INCF                    FSR,1
MPASM 5.87                  MULTIPLEXADO.ASM   4-21-2025  8:13:01         PAGE  3


LOC  OBJECT CODE     LINE SOURCE TEXT
  VALUE

0030   305F           00078         MOVLW                   0x5F                             ; NUMERO  '6'  EN BCD
0031   0080           00079         MOVWF                   INDF
0032   0A84           00080         INCF                    FSR,1
0033   3072           00081         MOVLW                   0x72                             ; NUMERO  '7'  EN BCD
0034   0080           00082         MOVWF                   INDF
0035   0A84           00083         INCF                    FSR,1
0036   307F           00084         MOVLW                   0x7F                             ; NUMERO  '8'  EN BCD
0037   0080           00085         MOVWF                   INDF
0038   0A84           00086         INCF                    FSR,1
0039   3073           00087         MOVLW                   0x73                            ; NUMERO  '9'  EN BCD
003A   0080           00088         MOVWF                   INDF
                      00089         ;---------------------------------------------INICIALIZO  FSR EN POSICION INICIAL---------------
                            -------------------------------
003B   302A           00090         MOVLW                   0x2A
003C   0084           00091         MOVWF                   FSR
003D   0800           00092         MOVF                    INDF,W
                      00093         
                      00094         
                      00095         ; #######################################################################
                      00096         ;##########################     FUNCION PRINCIPAL   ##########################
                      00097         ;########################################################################
003E                  00098 ANTIREBOTE:;;
003E   2???           00099         CALL                    DELAY_20MS
003F   1808           00100         BTFSC                   PORTD,0             
0040   2???           00101         GOTO MAIN
0041   2???           00102         CALL                    INCREMENTAR
0042   2???           00103         GOTO MULTIPLEXADO;VUELVE AL MAIN
0043                  00104 MAIN:
                      00105     ; Verificar si el botón está presionado
0043   2???           00106         GOTO                    MULTIPLEXADO;MULTIPLEXADO VUELVE AL MAIN
0044   1808           00107         BTFSC                   PORTD, 0                                 ; Verifica estado del pin RB7
0045   2???           00108         GOTO                    ANTIREBOTE
0046   2???           00109         GOTO                    MULTIPLEXADO;MULTIPLEXADO VUELVE AL MAIN
                      00110         
                      00111         
0047   2???           00112         GOTO                    MAIN
                      00113 ; ######################################
                      00114 ; MULTIPLEXADO
                      00115 ; ######################################
0048                  00116 MULTIPLEXADO:
                      00117     ; ---------------------------------MOSTRAR CENTENAS-----------------------------------
                      00118                ; Limpiar PORTB antes de actualizar
0048   0189           00119         CLRF                    PORTE                           ; Limpiar PORTE antes de seleccionar dis
                            play
0049   0186           00120         CLRF                    PORTB
004A   0827           00121         MOVF                    CENTENAS, W                      ; Cargar valor de CENTENAS en W
004B   0086           00122         MOVWF                   PORTB                            ; Enviar valor de CENTENAS a los segmen
                            tos
004C   1509           00123         BSF                     PORTE,2
004D   2???           00124         CALL                    DELAY_20MS                      ; Retardo para asegurar visualizació
                      00125     ; --------------------------------MOSTRAR DECENAS-------------------------------------
004E   0189           00126         CLRF                    PORTE
004F   0186           00127         CLRF                    PORTB                           ; Limpiar PORTB antes de actualizar
MPASM 5.87                  MULTIPLEXADO.ASM   4-21-2025  8:13:01         PAGE  4


LOC  OBJECT CODE     LINE SOURCE TEXT
  VALUE

0050   0826           00128         MOVF                    DECENAS, W                      ; Cargar valor de DECENAS en W
0051   0086           00129         MOVWF                   PORTB                           ; Enviar valor de DECENAS a los segmento
                            s
0052   1489           00130         BSF                     PORTE,1
0053   2???           00131         CALL                    DELAY_20MS                      ; Retardo para asegurar visualización
                      00132         ; --------------------------------MOSTRAR UNIDAD--------------------------------------
0054   0189           00133         CLRF                    PORTE
0055   0186           00134         CLRF                    PORTB                           ; Limpiar PORTB antes de actualizar
0056   0825           00135         MOVF                    UNIDAD, W                       ; Cargar valor de UNIDAD en W
0057   0086           00136         MOVWF                   PORTB                           ; Enviar valor de UNIDAD a los segmentos
0058   1409           00137         BSF                     PORTE,0
0059   2???           00138         CALL                    DELAY_20MS                       ; Retardo para asegurar visualización
                      00139         ; Regresar a MAIN
005A   2???           00140         GOTO MAIN
                      00141 
                      00142         ;################################################################################
                      00143 
005B                  00144 INCREMENTAR:
                      00145 ; ---------------------------------------INCREMENTAR UNIDAD----------------------------
005B   01A5           00146         CLRF                    UNIDAD
005C   01A6           00147         CLRF                    DECENAS
005D   01A7           00148         CLRF                    CENTENAS
                      00149     
005E   0A84           00150         INCF                    FSR,1
                      00151         ;CLRF                   UNIDAD                          ; LIMPIAR REGISTRO UNIDAD
005F   0800           00152         MOVF                    INDF,W
0060   00A5           00153         MOVWF                   UNIDAD                          ;CARGO DATO EN UNIDAD
0061   0BA0           00154         DECFSZ                  CONT_UNIDAD, 1
0062   0008           00155         RETURN                                                  ; Si CONT_UNIDAD  ES 0 , TERMINAR
0063   2???           00156         GOTO                    AUMENTAR_DECENAS
0064                  00157 AUMENTAR_DECENAS:
0064   01A6           00158         CLRF                    DECENAS
0065   01A5           00159         CLRF                    UNIDAD
                      00160         ;CLRF                   DECENAS                         ; LIMPIAR REGISTRO DECENA
0066   300A           00161         MOVLW                   b'00001010'                                 
0067   00A0           00162         MOVWF                   CONT_UNIDAD                      ;INICIALIZO BUCLE DE UNIDAD
0068   0AA8           00163         INCF                    CUENTADEC,1                      ;AUMENTO DECENA +1
0069   302A           00164         MOVLW                   0x2A    
006A   0084           00165         MOVWF                   FSR
006B   0800           00166         MOVF                    INDF,W
006C   00A5           00167         MOVWF                   UNIDAD                           ;INICIALIZO DISPLAY DE UNIDAD CON EL 0
006D   0804           00168         MOVF                    FSR,W
Message[305]: Using default destination of 1 (file).
006E   07A8           00169         ADDWF                   CUENTADEC                        ;LA DIRECCION DE FSR + CUENTADEC
006F   0084           00170         MOVWF                   FSR                             ;ES EL NUMERO QUE TIENE QUE TENER LA DEC
                            ENA
0070   0800           00171         MOVF                    INDF,W
0071   00A6           00172         MOVWF                   DECENAS                          ;CARGO DATO EN DECENAS
0072   302A           00173         MOVLW                   0x2A                             ;VUELVO A INICIALIZAR FSR
0073   0084           00174         MOVWF                   FSR
0074   0BA1           00175         DECFSZ                  CONT_DECENAS, 1
0075   0008           00176                 RETURN                                            ; Si CONT_DECENAS ES 0  , TERMINAR
0076   2???           00177         GOTO                    AUMENTAR_CENTENAS
MPASM 5.87                  MULTIPLEXADO.ASM   4-21-2025  8:13:01         PAGE  5


LOC  OBJECT CODE     LINE SOURCE TEXT
  VALUE

0077                  00178 AUMENTAR_CENTENAS:
0077   01A6           00179         CLRF                    DECENAS
0078   01A5           00180         CLRF                    UNIDAD
0079   01A7           00181         CLRF                    CENTENAS
                      00182         ;CLRF                   CENTENAS                                 ; LIMPIAR REGISTRO DECENA
007A   300A           00183         MOVLW                   b'00001010'     
007B   00A1           00184         MOVWF                   CONT_DECENAS                    ;INICIALIZO BUCLE DE DECENAS
007C   00A0           00185         MOVWF                   CONT_UNIDAD                        ;INICIALIZO BUCLE DE UNIDAD
007D   3000           00186         MOVLW                   b'00000000'     
007E   00A8           00187         MOVWF                   CUENTADEC
007F   0AA9           00188         INCF                    CUENTACEN,1                      ;AUMENTO CENTENA +1
0080   302A           00189         MOVLW                   0x2A
0081   0084           00190         MOVWF                   FSR
0082   0800           00191         MOVF                    INDF,W
0083   00A6           00192         MOVWF                   DECENAS                           ;INICIALIZO DISPLAY DE DECENAS CON EL 
                            0
0084   0804           00193         MOVF                    FSR,W
Message[305]: Using default destination of 1 (file).
0085   07A9           00194         ADDWF                   CUENTACEN                        ;LA DIRECCION DE FSR + CUENTACEN
0086   0084           00195         MOVWF                   FSR                              ;ES EL NUMERO QUE TIENE QUE TENER LA CE
                            NTENA
0087   0800           00196         MOVF                    INDF,W
0088   00A7           00197         MOVWF                   CENTENAS                                   ;CARGO DATO EN CENTENAS
0089   0BA2           00198         DECFSZ                  CONT_CENTENAS, 1
008A   0008           00199         RETURN                                                   ; Si CONT_CENTENAS  ES 0  , TERMINAR
                      00200         ;################################################################################
008B                  00201 DELAY_5MS:
008B   3032           00202         MOVLW                   .50                             ; Ajustar COUNT1 para lograr 5ms
008C   00A3           00203         MOVWF                   COUNT1
008D                  00204 D1:
008D   3032           00205         MOVLW                    .50                            ; Ajustar COUNT2 para lograr 5ms
008E   00A4           00206         MOVWF                    COUNT2
008F                  00207 D2:
008F   0BA4           00208         DECFSZ                  COUNT2, F                                ; Reducir COUNT2 hasta cero
0090   2???           00209         GOTO                    D2
0091   0BA3           00210         DECFSZ                  COUNT1, F                                ; Reducir COUNT1 hasta cero
0092   2???           00211         GOTO                    D1
0093   0008           00212         RETURN
0094                  00213 DELAY_20MS:
0094   30C8           00214         MOVLW                   .200                            ; Ajustar COUNT1 para lograr 20 ms
0095   00A3           00215         MOVWF                   COUNT1
0096                  00216 P1:
0096   3032           00217         MOVLW                   .50                             ; COUNT2 sigue en 50
0097   00A4           00218         MOVWF                   COUNT2
0098                  00219 P2:
0098   0BA4           00220         DECFSZ                  COUNT2, F                               ; Reducir COUNT2 hasta cero
0099   2???           00221         GOTO                    P2
009A   0BA3           00222         DECFSZ                  COUNT1, F                               ; Reducir COUNT1 hasta cero
009B   2???           00223         GOTO                    P1
009C   0008           00224         RETURN
                      00225         
2FF4                  00226         END
MPASM 5.87                  MULTIPLEXADO.ASM   4-21-2025  8:13:01         PAGE  6


SYMBOL TABLE
  LABEL                             VALUE 

ABDEN                             00000000
ABDOVF                            00000007
ACKDT                             00000005
ACKEN                             00000004
ACKSTAT                           00000006
ADCON0                            0000001F
ADCON1                            0000009F
ADCS0                             00000006
ADCS1                             00000007
ADDEN                             00000003
ADFM                              00000007
ADIE                              00000006
ADIF                              00000006
ADON                              00000000
ADRESH                            0000001E
ADRESL                            0000009E
ANS0                              00000000
ANS1                              00000001
ANS10                             00000002
ANS11                             00000003
ANS12                             00000004
ANS13                             00000005
ANS2                              00000002
ANS3                              00000003
ANS4                              00000004
ANS5                              00000005
ANS6                              00000006
ANS7                              00000007
ANS8                              00000000
ANS9                              00000001
ANSEL                             00000188
ANSELH                            00000189
ANTIREBOTE                        0000003E
AUMENTAR_CENTENAS                 00000077
AUMENTAR_DECENAS                  00000064
BAUDCTL                           00000187
BCLIE                             00000003
BCLIF                             00000003
BF                                00000000
BRG0                              00000000
BRG1                              00000001
BRG10                             00000002
BRG11                             00000003
BRG12                             00000004
BRG13                             00000005
BRG14                             00000006
BRG15                             00000007
BRG16                             00000003
BRG2                              00000002
BRG3                              00000003
BRG4                              00000004
BRG5                              00000005
BRG6                              00000006
MPASM 5.87                  MULTIPLEXADO.ASM   4-21-2025  8:13:01         PAGE  7


SYMBOL TABLE
  LABEL                             VALUE 

BRG7                              00000007
BRG8                              00000000
BRG9                              00000001
BRGH                              00000002
C                                 00000000
C1CH0                             00000000
C1CH1                             00000001
C1IE                              00000005
C1IF                              00000005
C1OE                              00000005
C1ON                              00000007
C1OUT                             00000006
C1POL                             00000004
C1R                               00000002
C1RSEL                            00000005
C1SEN                             00000005
C2CH0                             00000000
C2CH1                             00000001
C2IE                              00000006
C2IF                              00000006
C2OE                              00000005
C2ON                              00000007
C2OUT                             00000006
C2POL                             00000004
C2R                               00000002
C2REN                             00000004
C2RSEL                            00000004
C2SYNC                            00000000
CCP1CON                           00000017
CCP1IE                            00000002
CCP1IF                            00000002
CCP1M0                            00000000
CCP1M1                            00000001
CCP1M2                            00000002
CCP1M3                            00000003
CCP1X                             00000005
CCP1Y                             00000004
CCP2CON                           0000001D
CCP2IE                            00000000
CCP2IF                            00000000
CCP2M0                            00000000
CCP2M1                            00000001
CCP2M2                            00000002
CCP2M3                            00000003
CCP2X                             00000005
CCP2Y                             00000004
CCPR1                             00000015
CCPR1H                            00000016
CCPR1L                            00000015
CCPR2                             0000001B
CCPR2H                            0000001C
CCPR2L                            0000001B
CENTENAS                          00000027
MPASM 5.87                  MULTIPLEXADO.ASM   4-21-2025  8:13:01         PAGE  8


SYMBOL TABLE
  LABEL                             VALUE 

CHS0                              00000002
CHS1                              00000003
CHS2                              00000004
CHS3                              00000005
CKE                               00000006
CKP                               00000004
CM1CON0                           00000107
CM2CON0                           00000108
CM2CON1                           00000109
CONT_CENTENAS                     00000022
CONT_DECENAS                      00000021
CONT_UNIDAD                       00000020
COUNT1                            00000023
COUNT2                            00000024
CREN                              00000004
CSRC                              00000007
CUENTACEN                         00000029
CUENTADEC                         00000028
D                                 00000005
D1                                0000008D
D2                                0000008F
DATA_ADDRESS                      00000005
DC                                00000001
DC1B0                             00000004
DC1B1                             00000005
DC2B0                             00000004
DC2B1                             00000005
DECENAS                           00000026
DELAY_20MS                        00000094
DELAY_5MS                         0000008B
D_A                               00000005
D_NOT_A                           00000005
ECCPAS                            0000009C
ECCPAS0                           00000004
ECCPAS1                           00000005
ECCPAS2                           00000006
ECCPASE                           00000007
EEADR                             0000010D
EEADRH                            0000010F
EECON1                            0000018C
EECON2                            0000018D
EEDAT                             0000010C
EEDATA                            0000010C
EEDATH                            0000010E
EEIE                              00000004
EEIF                              00000004
EEPGD                             00000007
F                                 00000001
FERR                              00000002
FSR                               00000004
FVREN                             00000000
GCEN                              00000007
GIE                               00000007
MPASM 5.87                  MULTIPLEXADO.ASM   4-21-2025  8:13:01         PAGE  9


SYMBOL TABLE
  LABEL                             VALUE 

GO                                00000001
GO_DONE                           00000001
GO_NOT_DONE                       00000001
HTS                               00000002
I2C_DATA                          00000005
I2C_READ                          00000002
I2C_START                         00000003
I2C_STOP                          00000004
INCREMENTAR                       0000005B
INDF                              00000000
INTCON                            0000000B
INTE                              00000004
INTEDG                            00000006
INTF                              00000001
IOCB                              00000096
IOCB0                             00000000
IOCB1                             00000001
IOCB2                             00000002
IOCB3                             00000003
IOCB4                             00000004
IOCB5                             00000005
IOCB6                             00000006
IOCB7                             00000007
IRCF0                             00000004
IRCF1                             00000005
IRCF2                             00000006
IRP                               00000007
LTS                               00000001
MAIN                              00000043
MC1OUT                            00000007
MC2OUT                            00000006
MSK                               00000093
MSK0                              00000000
MSK1                              00000001
MSK2                              00000002
MSK3                              00000003
MSK4                              00000004
MSK5                              00000005
MSK6                              00000006
MSK7                              00000007
MULTIPLEXADO                      00000048
NOT_A                             00000005
NOT_ADDRESS                       00000005
NOT_BO                            00000000
NOT_BOR                           00000000
NOT_DONE                          00000001
NOT_PD                            00000003
NOT_POR                           00000001
NOT_RBPU                          00000007
NOT_RC8                           00000006
NOT_T1SYNC                        00000002
NOT_TO                            00000004
NOT_TX8                           00000006
MPASM 5.87                  MULTIPLEXADO.ASM   4-21-2025  8:13:01         PAGE 10


SYMBOL TABLE
  LABEL                             VALUE 

NOT_W                             00000002
NOT_WRITE                         00000002
OERR                              00000001
OPTION_REG                        00000081
OSCCON                            0000008F
OSCTUNE                           00000090
OSFIE                             00000007
OSFIF                             00000007
OSTS                              00000003
P                                 00000004
P1                                00000096
P1M0                              00000006
P1M1                              00000007
P2                                00000098
PCL                               00000002
PCLATH                            0000000A
PCON                              0000008E
PDC0                              00000000
PDC1                              00000001
PDC2                              00000002
PDC3                              00000003
PDC4                              00000004
PDC5                              00000005
PDC6                              00000006
PEIE                              00000006
PEN                               00000002
PIE1                              0000008C
PIE2                              0000008D
PIR1                              0000000C
PIR2                              0000000D
PORTA                             00000005
PORTB                             00000006
PORTC                             00000007
PORTD                             00000008
PORTE                             00000009
PR2                               00000092
PRSEN                             00000007
PS0                               00000000
PS1                               00000001
PS2                               00000002
PSA                               00000003
PSSAC0                            00000002
PSSAC1                            00000003
PSSBD0                            00000000
PSSBD1                            00000001
PSTRCON                           0000009D
PULSR                             00000002
PULSS                             00000003
PWM1CON                           0000009B
R                                 00000002
RA0                               00000000
RA1                               00000001
RA2                               00000002
MPASM 5.87                  MULTIPLEXADO.ASM   4-21-2025  8:13:01         PAGE 11


SYMBOL TABLE
  LABEL                             VALUE 

RA3                               00000003
RA4                               00000004
RA5                               00000005
RA6                               00000006
RA7                               00000007
RB0                               00000000
RB1                               00000001
RB2                               00000002
RB3                               00000003
RB4                               00000004
RB5                               00000005
RB6                               00000006
RB7                               00000007
RBIE                              00000003
RBIF                              00000000
RC0                               00000000
RC1                               00000001
RC2                               00000002
RC3                               00000003
RC4                               00000004
RC5                               00000005
RC6                               00000006
RC7                               00000007
RC8_9                             00000006
RC9                               00000006
RCD8                              00000000
RCEN                              00000003
RCIDL                             00000006
RCIE                              00000005
RCIF                              00000005
RCREG                             0000001A
RCSTA                             00000018
RD                                00000000
RD0                               00000000
RD1                               00000001
RD2                               00000002
RD3                               00000003
RD4                               00000004
RD5                               00000005
RD6                               00000006
RD7                               00000007
RE0                               00000000
RE1                               00000001
RE2                               00000002
RE3                               00000003
READ_WRITE                        00000002
RP0                               00000005
RP1                               00000006
RSEN                              00000001
RX9                               00000006
RX9D                              00000000
R_NOT_W                           00000002
R_W                               00000002
MPASM 5.87                  MULTIPLEXADO.ASM   4-21-2025  8:13:01         PAGE 12


SYMBOL TABLE
  LABEL                             VALUE 

S                                 00000003
SBOREN                            00000004
SCKP                              00000004
SCS                               00000000
SEN                               00000000
SENDB                             00000003
SMP                               00000007
SPBRG                             00000099
SPBRGH                            0000009A
SPEN                              00000007
SR0                               00000006
SR1                               00000007
SRCON                             00000185
SREN                              00000005
SSPADD                            00000093
SSPBUF                            00000013
SSPCON                            00000014
SSPCON2                           00000091
SSPEN                             00000005
SSPIE                             00000003
SSPIF                             00000003
SSPM0                             00000000
SSPM1                             00000001
SSPM2                             00000002
SSPM3                             00000003
SSPMSK                            00000093
SSPOV                             00000006
SSPSTAT                           00000094
START                             00000001
STATUS                            00000003
STRA                              00000000
STRB                              00000001
STRC                              00000002
STRD                              00000003
STRSYNC                           00000004
SWDTEN                            00000000
SYNC                              00000004
T0CS                              00000005
T0IE                              00000005
T0IF                              00000002
T0SE                              00000004
T1CKPS0                           00000004
T1CKPS1                           00000005
T1CON                             00000010
T1GINV                            00000007
T1GIV                             00000007
T1GSS                             00000001
T1INSYNC                          00000002
T1OSCEN                           00000003
T1SYNC                            00000002
T2CKPS0                           00000000
T2CKPS1                           00000001
T2CON                             00000012
MPASM 5.87                  MULTIPLEXADO.ASM   4-21-2025  8:13:01         PAGE 13


SYMBOL TABLE
  LABEL                             VALUE 

TMR0                              00000001
TMR0IE                            00000005
TMR0IF                            00000002
TMR1                              0000000E
TMR1CS                            00000001
TMR1GE                            00000006
TMR1H                             0000000F
TMR1IE                            00000000
TMR1IF                            00000000
TMR1L                             0000000E
TMR1ON                            00000000
TMR2                              00000011
TMR2IE                            00000001
TMR2IF                            00000001
TMR2ON                            00000002
TOUTPS0                           00000003
TOUTPS1                           00000004
TOUTPS2                           00000005
TOUTPS3                           00000006
TRISA                             00000085
TRISA0                            00000000
TRISA1                            00000001
TRISA2                            00000002
TRISA3                            00000003
TRISA4                            00000004
TRISA5                            00000005
TRISA6                            00000006
TRISA7                            00000007
TRISB                             00000086
TRISB0                            00000000
TRISB1                            00000001
TRISB2                            00000002
TRISB3                            00000003
TRISB4                            00000004
TRISB5                            00000005
TRISB6                            00000006
TRISB7                            00000007
TRISC                             00000087
TRISC0                            00000000
TRISC1                            00000001
TRISC2                            00000002
TRISC3                            00000003
TRISC4                            00000004
TRISC5                            00000005
TRISC6                            00000006
TRISC7                            00000007
TRISD                             00000088
TRISD0                            00000000
TRISD1                            00000001
TRISD2                            00000002
TRISD3                            00000003
TRISD4                            00000004
TRISD5                            00000005
MPASM 5.87                  MULTIPLEXADO.ASM   4-21-2025  8:13:01         PAGE 14


SYMBOL TABLE
  LABEL                             VALUE 

TRISD6                            00000006
TRISD7                            00000007
TRISE                             00000089
TRISE0                            00000000
TRISE1                            00000001
TRISE2                            00000002
TRISE3                            00000003
TRMT                              00000001
TUN0                              00000000
TUN1                              00000001
TUN2                              00000002
TUN3                              00000003
TUN4                              00000004
TX8_9                             00000006
TX9                               00000006
TX9D                              00000000
TXD8                              00000000
TXEN                              00000005
TXIE                              00000004
TXIF                              00000004
TXREG                             00000019
TXSTA                             00000098
UA                                00000001
ULPWUE                            00000005
ULPWUIE                           00000002
ULPWUIF                           00000002
UNIDAD                            00000025
VCFG0                             00000004
VCFG1                             00000005
VR0                               00000000
VR1                               00000001
VR2                               00000002
VR3                               00000003
VRCON                             00000097
VREN                              00000007
VROE                              00000006
VRR                               00000005
VRSS                              00000004
W                                 00000000
WCOL                              00000007
WDTCON                            00000105
WDTPS0                            00000001
WDTPS1                            00000002
WDTPS2                            00000003
WDTPS3                            00000004
WPUB                              00000095
WPUB0                             00000000
WPUB1                             00000001
WPUB2                             00000002
WPUB3                             00000003
WPUB4                             00000004
WPUB5                             00000005
WPUB6                             00000006
MPASM 5.87                  MULTIPLEXADO.ASM   4-21-2025  8:13:01         PAGE 15


SYMBOL TABLE
  LABEL                             VALUE 

WPUB7                             00000007
WR                                00000001
WREN                              00000002
WRERR                             00000003
WUE                               00000001
Z                                 00000002
_BOR21V                           00003EFF
_BOR40V                           00003FFF
_BOR4V_BOR21V                     00003EFF
_BOR4V_BOR40V                     00003FFF
_BOREN_NSLEEP                     00003EFF
_BOREN_OFF                        00003CFF
_BOREN_ON                         00003FFF
_BOREN_SBODEN                     00003DFF
_BOR_NSLEEP                       00003EFF
_BOR_OFF                          00003CFF
_BOR_ON                           00003FFF
_BOR_SBODEN                       00003DFF
_CONFIG1                          00002007
_CONFIG2                          00002008
_CPD_OFF                          00003FFF
_CPD_ON                           00003F7F
_CP_OFF                           00003FFF
_CP_ON                            00003FBF
_DEBUG_OFF                        00003FFF
_DEBUG_ON                         00001FFF
_DEVID1                           00002006
_EC_OSC                           00003FFB
_EXTRC                            00003FFF
_EXTRCIO                          00003FFE
_EXTRC_OSC_CLKOUT                 00003FFF
_EXTRC_OSC_NOCLKOUT               00003FFE
_FCMEN_OFF                        000037FF
_FCMEN_ON                         00003FFF
_FOSC_EC                          00003FFB
_FOSC_EXTRC_CLKOUT                00003FFF
_FOSC_EXTRC_NOCLKOUT              00003FFE
_FOSC_HS                          00003FFA
_FOSC_INTRC_CLKOUT                00003FFD
_FOSC_INTRC_NOCLKOUT              00003FFC
_FOSC_LP                          00003FF8
_FOSC_XT                          00003FF9
_HS_OSC                           00003FFA
_IDLOC0                           00002000
_IDLOC1                           00002001
_IDLOC2                           00002002
_IDLOC3                           00002003
_IESO_OFF                         00003BFF
_IESO_ON                          00003FFF
_INTOSC                           00003FFD
_INTOSCIO                         00003FFC
_INTRC_OSC_CLKOUT                 00003FFD
_INTRC_OSC_NOCLKOUT               00003FFC
MPASM 5.87                  MULTIPLEXADO.ASM   4-21-2025  8:13:01         PAGE 16


SYMBOL TABLE
  LABEL                             VALUE 

_LP_OSC                           00003FF8
_LVP_OFF                          00002FFF
_LVP_ON                           00003FFF
_MCLRE_OFF                        00003FDF
_MCLRE_ON                         00003FFF
_PWRTE_OFF                        00003FFF
_PWRTE_ON                         00003FEF
_WDTE_OFF                         00003FF7
_WDTE_ON                          00003FFF
_WDT_OFF                          00003FF7
_WDT_ON                           00003FFF
_WRT_1FOURTH                      00003BFF
_WRT_256                          00003DFF
_WRT_HALF                         000039FF
_WRT_OFF                          00003FFF
_XT_OSC                           00003FF9
__16F887                          00000001

Errors   :     0
Warnings :     0 reported,     0 suppressed
Messages :     7 reported,     0 suppressed

